[22/Nov/2020:09:44:52] ENGINE Bus STARTING
[22/Nov/2020:09:44:52] ENGINE Serving on http://127.0.0.1:8080
[22/Nov/2020:09:44:52] ENGINE Bus STARTED
[22/Nov/2020:10:37:20] HTTP 
Traceback (most recent call last):
  File "C:\Python39\lib\site-packages\cherrypy\_cprequest.py", line 638, in respond
    self._do_respond(path_info)
  File "C:\Python39\lib\site-packages\cherrypy\_cprequest.py", line 697, in _do_respond
    response.body = self.handler()
  File "C:\Python39\lib\site-packages\cherrypy\lib\encoding.py", line 219, in __call__
    self.body = self.oldhandler(*args, **kwargs)
  File "C:\Python39\lib\site-packages\cherrypy\_cpdispatch.py", line 54, in __call__
    return self.callable(*self.args, **self.kwargs)
  File "C:\Users\Schne\AppData\Local\Programs\Python\Python37\python-workspace\web\p1\webteams\app\application.py", line 15, in index
    return self.create_list()
  File "C:\Users\Schne\AppData\Local\Programs\Python\Python37\python-workspace\web\p1\webteams\app\application.py", line 56, in create_list
    return self.view.create_list(data)
  File "C:\Users\Schne\AppData\Local\Programs\Python\Python37\python-workspace\web\p1\webteams\app\view.py", line 17, in create_list
    markup = template.render(data = data_param)
  File "C:\Python39\lib\site-packages\mako\template.py", line 476, in render
    return runtime._render(self, self.callable_, args, data)
  File "C:\Python39\lib\site-packages\mako\runtime.py", line 878, in _render
    _render_context(
  File "C:\Python39\lib\site-packages\mako\runtime.py", line 920, in _render_context
    _exec_template(inherit, lclcontext, args=args, kwargs=kwargs)
  File "C:\Python39\lib\site-packages\mako\runtime.py", line 947, in _exec_template
    callable_(context, *args, **kwargs)
  File "list_tpl", line 47, in render_body
  File "C:\Python39\lib\site-packages\mako\runtime.py", line 230, in __str__
    raise NameError("Undefined")
NameError: Undefined
[22/Nov/2020:10:37:20] HTTP 
Request Headers:
  Remote-Addr: 127.0.0.1
  HOST: 127.0.0.1:8080
  USER-AGENT: Mozilla/5.0 (Windows NT 10.0; Win64; x64; rv:83.0) Gecko/20100101 Firefox/83.0
  ACCEPT: text/html,application/xhtml+xml,application/xml;q=0.9,image/webp,*/*;q=0.8
  ACCEPT-LANGUAGE: en-US,en;q=0.5
  ACCEPT-ENCODING: gzip, deflate
  DNT: 1
  CONNECTION: keep-alive
  UPGRADE-INSECURE-REQUESTS: 1
[22/Nov/2020:11:48:25] ENGINE Bus STARTING
[22/Nov/2020:11:48:25] ENGINE Serving on http://127.0.0.1:8080
[22/Nov/2020:11:48:25] ENGINE Bus STARTED
[22/Nov/2020:11:54:20] HTTP 
Traceback (most recent call last):
  File "C:\Python39\lib\site-packages\mako\lookup.py", line 249, in get_template
    return self._check(uri, self._collection[uri])
KeyError: 'list2.tpl'

During handling of the above exception, another exception occurred:

Traceback (most recent call last):
  File "C:\Python39\lib\site-packages\cherrypy\_cprequest.py", line 638, in respond
    self._do_respond(path_info)
  File "C:\Python39\lib\site-packages\cherrypy\_cprequest.py", line 697, in _do_respond
    response.body = self.handler()
  File "C:\Python39\lib\site-packages\cherrypy\lib\encoding.py", line 219, in __call__
    self.body = self.oldhandler(*args, **kwargs)
  File "C:\Python39\lib\site-packages\cherrypy\_cpdispatch.py", line 54, in __call__
    return self.callable(*self.args, **self.kwargs)
  File "C:\Users\Schne\AppData\Local\Programs\Python\Python37\python-workspace\web\p1\webteams\app\application.py", line 15, in index
    return self.create_list()
  File "C:\Users\Schne\AppData\Local\Programs\Python\Python37\python-workspace\web\p1\webteams\app\application.py", line 56, in create_list
    return self.view.create_list(data)
  File "C:\Users\Schne\AppData\Local\Programs\Python\Python37\python-workspace\web\p1\webteams\app\view.py", line 22, in create_list
    markup = self.create_list2(data_param)
  File "C:\Users\Schne\AppData\Local\Programs\Python\Python37\python-workspace\web\p1\webteams\app\view.py", line 31, in create_list2
    template = self.lookup.get_template('list2.tpl')
  File "C:\Python39\lib\site-packages\mako\lookup.py", line 260, in get_template
    return self._load(srcfile, uri)
  File "C:\Python39\lib\site-packages\mako\lookup.py", line 322, in _load
    self._collection[uri] = template = Template(
  File "C:\Python39\lib\site-packages\mako\template.py", line 348, in __init__
    module = self._compile_from_file(path, filename)
  File "C:\Python39\lib\site-packages\mako\template.py", line 430, in _compile_from_file
    code, module = _compile_text(self, data, filename)
  File "C:\Python39\lib\site-packages\mako\template.py", line 733, in _compile_text
    source, lexer = _compile(
  File "C:\Python39\lib\site-packages\mako\template.py", line 712, in _compile
    node = lexer.parse()
  File "C:\Python39\lib\site-packages\mako\lexer.py", line 262, in parse
    if self.match_expression():
  File "C:\Python39\lib\site-packages\mako\lexer.py", line 427, in match_expression
    text, end = self.parse_until_text(True, r"\|", r"}")
  File "C:\Python39\lib\site-packages\mako\lexer.py", line 143, in parse_until_text
    raise exceptions.SyntaxException(
mako.exceptions.SyntaxException: Expected: \|,} in file 'templates/list2.tpl' at line: 33 char: 42
[22/Nov/2020:11:54:20] HTTP 
Request Headers:
  Remote-Addr: 127.0.0.1
  HOST: 127.0.0.1:8080
  USER-AGENT: Mozilla/5.0 (Windows NT 10.0; Win64; x64; rv:83.0) Gecko/20100101 Firefox/83.0
  ACCEPT: text/html,application/xhtml+xml,application/xml;q=0.9,image/webp,*/*;q=0.8
  ACCEPT-LANGUAGE: en-US,en;q=0.5
  ACCEPT-ENCODING: gzip, deflate
  DNT: 1
  CONNECTION: keep-alive
  UPGRADE-INSECURE-REQUESTS: 1
  CACHE-CONTROL: max-age=0
[22/Nov/2020:11:54:41] HTTP 
Traceback (most recent call last):
  File "C:\Python39\lib\site-packages\mako\lookup.py", line 249, in get_template
    return self._check(uri, self._collection[uri])
KeyError: 'list2.tpl'

During handling of the above exception, another exception occurred:

Traceback (most recent call last):
  File "C:\Python39\lib\site-packages\cherrypy\_cprequest.py", line 638, in respond
    self._do_respond(path_info)
  File "C:\Python39\lib\site-packages\cherrypy\_cprequest.py", line 697, in _do_respond
    response.body = self.handler()
  File "C:\Python39\lib\site-packages\cherrypy\lib\encoding.py", line 219, in __call__
    self.body = self.oldhandler(*args, **kwargs)
  File "C:\Python39\lib\site-packages\cherrypy\_cpdispatch.py", line 54, in __call__
    return self.callable(*self.args, **self.kwargs)
  File "C:\Users\Schne\AppData\Local\Programs\Python\Python37\python-workspace\web\p1\webteams\app\application.py", line 15, in index
    return self.create_list()
  File "C:\Users\Schne\AppData\Local\Programs\Python\Python37\python-workspace\web\p1\webteams\app\application.py", line 56, in create_list
    return self.view.create_list(data)
  File "C:\Users\Schne\AppData\Local\Programs\Python\Python37\python-workspace\web\p1\webteams\app\view.py", line 22, in create_list
    markup = self.create_list2(data_param)
  File "C:\Users\Schne\AppData\Local\Programs\Python\Python37\python-workspace\web\p1\webteams\app\view.py", line 31, in create_list2
    template = self.lookup.get_template('list2.tpl')
  File "C:\Python39\lib\site-packages\mako\lookup.py", line 260, in get_template
    return self._load(srcfile, uri)
  File "C:\Python39\lib\site-packages\mako\lookup.py", line 322, in _load
    self._collection[uri] = template = Template(
  File "C:\Python39\lib\site-packages\mako\template.py", line 348, in __init__
    module = self._compile_from_file(path, filename)
  File "C:\Python39\lib\site-packages\mako\template.py", line 430, in _compile_from_file
    code, module = _compile_text(self, data, filename)
  File "C:\Python39\lib\site-packages\mako\template.py", line 733, in _compile_text
    source, lexer = _compile(
  File "C:\Python39\lib\site-packages\mako\template.py", line 712, in _compile
    node = lexer.parse()
  File "C:\Python39\lib\site-packages\mako\lexer.py", line 262, in parse
    if self.match_expression():
  File "C:\Python39\lib\site-packages\mako\lexer.py", line 427, in match_expression
    text, end = self.parse_until_text(True, r"\|", r"}")
  File "C:\Python39\lib\site-packages\mako\lexer.py", line 143, in parse_until_text
    raise exceptions.SyntaxException(
mako.exceptions.SyntaxException: Expected: \|,} in file 'templates/list2.tpl' at line: 33 char: 42
[22/Nov/2020:11:54:41] HTTP 
Request Headers:
  Remote-Addr: 127.0.0.1
  HOST: 127.0.0.1:8080
  USER-AGENT: Mozilla/5.0 (Windows NT 10.0; Win64; x64; rv:83.0) Gecko/20100101 Firefox/83.0
  ACCEPT: text/html,application/xhtml+xml,application/xml;q=0.9,image/webp,*/*;q=0.8
  ACCEPT-LANGUAGE: en-US,en;q=0.5
  ACCEPT-ENCODING: gzip, deflate
  DNT: 1
  CONNECTION: keep-alive
  UPGRADE-INSECURE-REQUESTS: 1
[22/Nov/2020:11:54:43] HTTP 
Traceback (most recent call last):
  File "C:\Python39\lib\site-packages\mako\lookup.py", line 249, in get_template
    return self._check(uri, self._collection[uri])
KeyError: 'list2.tpl'

During handling of the above exception, another exception occurred:

Traceback (most recent call last):
  File "C:\Python39\lib\site-packages\cherrypy\_cprequest.py", line 638, in respond
    self._do_respond(path_info)
  File "C:\Python39\lib\site-packages\cherrypy\_cprequest.py", line 697, in _do_respond
    response.body = self.handler()
  File "C:\Python39\lib\site-packages\cherrypy\lib\encoding.py", line 219, in __call__
    self.body = self.oldhandler(*args, **kwargs)
  File "C:\Python39\lib\site-packages\cherrypy\_cpdispatch.py", line 54, in __call__
    return self.callable(*self.args, **self.kwargs)
  File "C:\Users\Schne\AppData\Local\Programs\Python\Python37\python-workspace\web\p1\webteams\app\application.py", line 15, in index
    return self.create_list()
  File "C:\Users\Schne\AppData\Local\Programs\Python\Python37\python-workspace\web\p1\webteams\app\application.py", line 56, in create_list
    return self.view.create_list(data)
  File "C:\Users\Schne\AppData\Local\Programs\Python\Python37\python-workspace\web\p1\webteams\app\view.py", line 22, in create_list
    markup = self.create_list2(data_param)
  File "C:\Users\Schne\AppData\Local\Programs\Python\Python37\python-workspace\web\p1\webteams\app\view.py", line 31, in create_list2
    template = self.lookup.get_template('list2.tpl')
  File "C:\Python39\lib\site-packages\mako\lookup.py", line 260, in get_template
    return self._load(srcfile, uri)
  File "C:\Python39\lib\site-packages\mako\lookup.py", line 322, in _load
    self._collection[uri] = template = Template(
  File "C:\Python39\lib\site-packages\mako\template.py", line 348, in __init__
    module = self._compile_from_file(path, filename)
  File "C:\Python39\lib\site-packages\mako\template.py", line 430, in _compile_from_file
    code, module = _compile_text(self, data, filename)
  File "C:\Python39\lib\site-packages\mako\template.py", line 733, in _compile_text
    source, lexer = _compile(
  File "C:\Python39\lib\site-packages\mako\template.py", line 712, in _compile
    node = lexer.parse()
  File "C:\Python39\lib\site-packages\mako\lexer.py", line 262, in parse
    if self.match_expression():
  File "C:\Python39\lib\site-packages\mako\lexer.py", line 427, in match_expression
    text, end = self.parse_until_text(True, r"\|", r"}")
  File "C:\Python39\lib\site-packages\mako\lexer.py", line 143, in parse_until_text
    raise exceptions.SyntaxException(
mako.exceptions.SyntaxException: Expected: \|,} in file 'templates/list2.tpl' at line: 33 char: 42
[22/Nov/2020:11:54:43] HTTP 
Request Headers:
  Remote-Addr: 127.0.0.1
  HOST: 127.0.0.1:8080
  USER-AGENT: Mozilla/5.0 (Windows NT 10.0; Win64; x64; rv:83.0) Gecko/20100101 Firefox/83.0
  ACCEPT: text/html,application/xhtml+xml,application/xml;q=0.9,image/webp,*/*;q=0.8
  ACCEPT-LANGUAGE: en-US,en;q=0.5
  ACCEPT-ENCODING: gzip, deflate
  DNT: 1
  CONNECTION: keep-alive
  UPGRADE-INSECURE-REQUESTS: 1
[22/Nov/2020:11:55:06] HTTP 
Traceback (most recent call last):
  File "C:\Python39\lib\site-packages\mako\lookup.py", line 249, in get_template
    return self._check(uri, self._collection[uri])
KeyError: 'list2.tpl'

During handling of the above exception, another exception occurred:

Traceback (most recent call last):
  File "C:\Python39\lib\site-packages\cherrypy\_cprequest.py", line 638, in respond
    self._do_respond(path_info)
  File "C:\Python39\lib\site-packages\cherrypy\_cprequest.py", line 697, in _do_respond
    response.body = self.handler()
  File "C:\Python39\lib\site-packages\cherrypy\lib\encoding.py", line 219, in __call__
    self.body = self.oldhandler(*args, **kwargs)
  File "C:\Python39\lib\site-packages\cherrypy\_cpdispatch.py", line 54, in __call__
    return self.callable(*self.args, **self.kwargs)
  File "C:\Users\Schne\AppData\Local\Programs\Python\Python37\python-workspace\web\p1\webteams\app\application.py", line 15, in index
    return self.create_list()
  File "C:\Users\Schne\AppData\Local\Programs\Python\Python37\python-workspace\web\p1\webteams\app\application.py", line 56, in create_list
    return self.view.create_list(data)
  File "C:\Users\Schne\AppData\Local\Programs\Python\Python37\python-workspace\web\p1\webteams\app\view.py", line 22, in create_list
    markup = self.create_list2(data_param)
  File "C:\Users\Schne\AppData\Local\Programs\Python\Python37\python-workspace\web\p1\webteams\app\view.py", line 31, in create_list2
    template = self.lookup.get_template('list2.tpl')
  File "C:\Python39\lib\site-packages\mako\lookup.py", line 260, in get_template
    return self._load(srcfile, uri)
  File "C:\Python39\lib\site-packages\mako\lookup.py", line 322, in _load
    self._collection[uri] = template = Template(
  File "C:\Python39\lib\site-packages\mako\template.py", line 348, in __init__
    module = self._compile_from_file(path, filename)
  File "C:\Python39\lib\site-packages\mako\template.py", line 430, in _compile_from_file
    code, module = _compile_text(self, data, filename)
  File "C:\Python39\lib\site-packages\mako\template.py", line 733, in _compile_text
    source, lexer = _compile(
  File "C:\Python39\lib\site-packages\mako\template.py", line 712, in _compile
    node = lexer.parse()
  File "C:\Python39\lib\site-packages\mako\lexer.py", line 262, in parse
    if self.match_expression():
  File "C:\Python39\lib\site-packages\mako\lexer.py", line 427, in match_expression
    text, end = self.parse_until_text(True, r"\|", r"}")
  File "C:\Python39\lib\site-packages\mako\lexer.py", line 143, in parse_until_text
    raise exceptions.SyntaxException(
mako.exceptions.SyntaxException: Expected: \|,} in file 'templates/list2.tpl' at line: 33 char: 42
[22/Nov/2020:11:55:06] HTTP 
Request Headers:
  Remote-Addr: 127.0.0.1
  HOST: 127.0.0.1:8080
  USER-AGENT: Mozilla/5.0 (Windows NT 10.0; Win64; x64; rv:83.0) Gecko/20100101 Firefox/83.0
  ACCEPT: text/html,application/xhtml+xml,application/xml;q=0.9,image/webp,*/*;q=0.8
  ACCEPT-LANGUAGE: en-US,en;q=0.5
  ACCEPT-ENCODING: gzip, deflate
  DNT: 1
  CONNECTION: keep-alive
  UPGRADE-INSECURE-REQUESTS: 1
  CACHE-CONTROL: max-age=0
[22/Nov/2020:11:56:46] HTTP 
Traceback (most recent call last):
  File "C:\Python39\lib\site-packages\mako\lookup.py", line 249, in get_template
    return self._check(uri, self._collection[uri])
KeyError: 'list2.tpl'

During handling of the above exception, another exception occurred:

Traceback (most recent call last):
  File "C:\Python39\lib\site-packages\cherrypy\_cprequest.py", line 638, in respond
    self._do_respond(path_info)
  File "C:\Python39\lib\site-packages\cherrypy\_cprequest.py", line 697, in _do_respond
    response.body = self.handler()
  File "C:\Python39\lib\site-packages\cherrypy\lib\encoding.py", line 219, in __call__
    self.body = self.oldhandler(*args, **kwargs)
  File "C:\Python39\lib\site-packages\cherrypy\_cpdispatch.py", line 54, in __call__
    return self.callable(*self.args, **self.kwargs)
  File "C:\Users\Schne\AppData\Local\Programs\Python\Python37\python-workspace\web\p1\webteams\app\application.py", line 15, in index
    return self.create_list()
  File "C:\Users\Schne\AppData\Local\Programs\Python\Python37\python-workspace\web\p1\webteams\app\application.py", line 56, in create_list
    return self.view.create_list(data)
  File "C:\Users\Schne\AppData\Local\Programs\Python\Python37\python-workspace\web\p1\webteams\app\view.py", line 22, in create_list
    markup = self.create_list2(data_param)
  File "C:\Users\Schne\AppData\Local\Programs\Python\Python37\python-workspace\web\p1\webteams\app\view.py", line 31, in create_list2
    template = self.lookup.get_template('list2.tpl')
  File "C:\Python39\lib\site-packages\mako\lookup.py", line 260, in get_template
    return self._load(srcfile, uri)
  File "C:\Python39\lib\site-packages\mako\lookup.py", line 322, in _load
    self._collection[uri] = template = Template(
  File "C:\Python39\lib\site-packages\mako\template.py", line 348, in __init__
    module = self._compile_from_file(path, filename)
  File "C:\Python39\lib\site-packages\mako\template.py", line 430, in _compile_from_file
    code, module = _compile_text(self, data, filename)
  File "C:\Python39\lib\site-packages\mako\template.py", line 733, in _compile_text
    source, lexer = _compile(
  File "C:\Python39\lib\site-packages\mako\template.py", line 712, in _compile
    node = lexer.parse()
  File "C:\Python39\lib\site-packages\mako\lexer.py", line 262, in parse
    if self.match_expression():
  File "C:\Python39\lib\site-packages\mako\lexer.py", line 427, in match_expression
    text, end = self.parse_until_text(True, r"\|", r"}")
  File "C:\Python39\lib\site-packages\mako\lexer.py", line 143, in parse_until_text
    raise exceptions.SyntaxException(
mako.exceptions.SyntaxException: Expected: \|,} in file 'templates/list2.tpl' at line: 33 char: 42
[22/Nov/2020:11:56:46] HTTP 
Request Headers:
  Remote-Addr: 127.0.0.1
  HOST: 127.0.0.1:8080
  USER-AGENT: Mozilla/5.0 (Windows NT 10.0; Win64; x64; rv:83.0) Gecko/20100101 Firefox/83.0
  ACCEPT: text/html,application/xhtml+xml,application/xml;q=0.9,image/webp,*/*;q=0.8
  ACCEPT-LANGUAGE: en-US,en;q=0.5
  ACCEPT-ENCODING: gzip, deflate
  DNT: 1
  CONNECTION: keep-alive
  UPGRADE-INSECURE-REQUESTS: 1
  CACHE-CONTROL: max-age=0
[22/Nov/2020:11:56:50] HTTP 
Traceback (most recent call last):
  File "C:\Python39\lib\site-packages\mako\lookup.py", line 249, in get_template
    return self._check(uri, self._collection[uri])
KeyError: 'list2.tpl'

During handling of the above exception, another exception occurred:

Traceback (most recent call last):
  File "C:\Python39\lib\site-packages\cherrypy\_cprequest.py", line 638, in respond
    self._do_respond(path_info)
  File "C:\Python39\lib\site-packages\cherrypy\_cprequest.py", line 697, in _do_respond
    response.body = self.handler()
  File "C:\Python39\lib\site-packages\cherrypy\lib\encoding.py", line 219, in __call__
    self.body = self.oldhandler(*args, **kwargs)
  File "C:\Python39\lib\site-packages\cherrypy\_cpdispatch.py", line 54, in __call__
    return self.callable(*self.args, **self.kwargs)
  File "C:\Users\Schne\AppData\Local\Programs\Python\Python37\python-workspace\web\p1\webteams\app\application.py", line 15, in index
    return self.create_list()
  File "C:\Users\Schne\AppData\Local\Programs\Python\Python37\python-workspace\web\p1\webteams\app\application.py", line 56, in create_list
    return self.view.create_list(data)
  File "C:\Users\Schne\AppData\Local\Programs\Python\Python37\python-workspace\web\p1\webteams\app\view.py", line 22, in create_list
    markup = self.create_list2(data_param)
  File "C:\Users\Schne\AppData\Local\Programs\Python\Python37\python-workspace\web\p1\webteams\app\view.py", line 31, in create_list2
    template = self.lookup.get_template('list2.tpl')
  File "C:\Python39\lib\site-packages\mako\lookup.py", line 260, in get_template
    return self._load(srcfile, uri)
  File "C:\Python39\lib\site-packages\mako\lookup.py", line 322, in _load
    self._collection[uri] = template = Template(
  File "C:\Python39\lib\site-packages\mako\template.py", line 348, in __init__
    module = self._compile_from_file(path, filename)
  File "C:\Python39\lib\site-packages\mako\template.py", line 430, in _compile_from_file
    code, module = _compile_text(self, data, filename)
  File "C:\Python39\lib\site-packages\mako\template.py", line 733, in _compile_text
    source, lexer = _compile(
  File "C:\Python39\lib\site-packages\mako\template.py", line 712, in _compile
    node = lexer.parse()
  File "C:\Python39\lib\site-packages\mako\lexer.py", line 262, in parse
    if self.match_expression():
  File "C:\Python39\lib\site-packages\mako\lexer.py", line 427, in match_expression
    text, end = self.parse_until_text(True, r"\|", r"}")
  File "C:\Python39\lib\site-packages\mako\lexer.py", line 143, in parse_until_text
    raise exceptions.SyntaxException(
mako.exceptions.SyntaxException: Expected: \|,} in file 'templates/list2.tpl' at line: 33 char: 42
[22/Nov/2020:11:56:50] HTTP 
Request Headers:
  Remote-Addr: 127.0.0.1
  HOST: 127.0.0.1:8080
  USER-AGENT: Mozilla/5.0 (Windows NT 10.0; Win64; x64; rv:83.0) Gecko/20100101 Firefox/83.0
  ACCEPT: text/html,application/xhtml+xml,application/xml;q=0.9,image/webp,*/*;q=0.8
  ACCEPT-LANGUAGE: en-US,en;q=0.5
  ACCEPT-ENCODING: gzip, deflate
  DNT: 1
  CONNECTION: keep-alive
  UPGRADE-INSECURE-REQUESTS: 1
  CACHE-CONTROL: max-age=0
[22/Nov/2020:11:56:54] HTTP 
Traceback (most recent call last):
  File "C:\Python39\lib\site-packages\mako\lookup.py", line 249, in get_template
    return self._check(uri, self._collection[uri])
KeyError: 'list2.tpl'

During handling of the above exception, another exception occurred:

Traceback (most recent call last):
  File "C:\Python39\lib\site-packages\cherrypy\_cprequest.py", line 638, in respond
    self._do_respond(path_info)
  File "C:\Python39\lib\site-packages\cherrypy\_cprequest.py", line 697, in _do_respond
    response.body = self.handler()
  File "C:\Python39\lib\site-packages\cherrypy\lib\encoding.py", line 219, in __call__
    self.body = self.oldhandler(*args, **kwargs)
  File "C:\Python39\lib\site-packages\cherrypy\_cpdispatch.py", line 54, in __call__
    return self.callable(*self.args, **self.kwargs)
  File "C:\Users\Schne\AppData\Local\Programs\Python\Python37\python-workspace\web\p1\webteams\app\application.py", line 15, in index
    return self.create_list()
  File "C:\Users\Schne\AppData\Local\Programs\Python\Python37\python-workspace\web\p1\webteams\app\application.py", line 56, in create_list
    return self.view.create_list(data)
  File "C:\Users\Schne\AppData\Local\Programs\Python\Python37\python-workspace\web\p1\webteams\app\view.py", line 22, in create_list
    markup = self.create_list2(data_param)
  File "C:\Users\Schne\AppData\Local\Programs\Python\Python37\python-workspace\web\p1\webteams\app\view.py", line 31, in create_list2
    template = self.lookup.get_template('list2.tpl')
  File "C:\Python39\lib\site-packages\mako\lookup.py", line 260, in get_template
    return self._load(srcfile, uri)
  File "C:\Python39\lib\site-packages\mako\lookup.py", line 322, in _load
    self._collection[uri] = template = Template(
  File "C:\Python39\lib\site-packages\mako\template.py", line 348, in __init__
    module = self._compile_from_file(path, filename)
  File "C:\Python39\lib\site-packages\mako\template.py", line 430, in _compile_from_file
    code, module = _compile_text(self, data, filename)
  File "C:\Python39\lib\site-packages\mako\template.py", line 733, in _compile_text
    source, lexer = _compile(
  File "C:\Python39\lib\site-packages\mako\template.py", line 712, in _compile
    node = lexer.parse()
  File "C:\Python39\lib\site-packages\mako\lexer.py", line 262, in parse
    if self.match_expression():
  File "C:\Python39\lib\site-packages\mako\lexer.py", line 427, in match_expression
    text, end = self.parse_until_text(True, r"\|", r"}")
  File "C:\Python39\lib\site-packages\mako\lexer.py", line 143, in parse_until_text
    raise exceptions.SyntaxException(
mako.exceptions.SyntaxException: Expected: \|,} in file 'templates/list2.tpl' at line: 33 char: 42
[22/Nov/2020:11:56:54] HTTP 
Request Headers:
  Remote-Addr: 127.0.0.1
  HOST: 127.0.0.1:8080
  USER-AGENT: Mozilla/5.0 (Windows NT 10.0; Win64; x64; rv:83.0) Gecko/20100101 Firefox/83.0
  ACCEPT: text/html,application/xhtml+xml,application/xml;q=0.9,image/webp,*/*;q=0.8
  ACCEPT-LANGUAGE: en-US,en;q=0.5
  ACCEPT-ENCODING: gzip, deflate
  DNT: 1
  CONNECTION: keep-alive
  UPGRADE-INSECURE-REQUESTS: 1
  CACHE-CONTROL: max-age=0
[22/Nov/2020:11:57:00] HTTP 
Traceback (most recent call last):
  File "C:\Python39\lib\site-packages\mako\lookup.py", line 249, in get_template
    return self._check(uri, self._collection[uri])
KeyError: 'list2.tpl'

During handling of the above exception, another exception occurred:

Traceback (most recent call last):
  File "C:\Python39\lib\site-packages\cherrypy\_cprequest.py", line 638, in respond
    self._do_respond(path_info)
  File "C:\Python39\lib\site-packages\cherrypy\_cprequest.py", line 697, in _do_respond
    response.body = self.handler()
  File "C:\Python39\lib\site-packages\cherrypy\lib\encoding.py", line 219, in __call__
    self.body = self.oldhandler(*args, **kwargs)
  File "C:\Python39\lib\site-packages\cherrypy\_cpdispatch.py", line 54, in __call__
    return self.callable(*self.args, **self.kwargs)
  File "C:\Users\Schne\AppData\Local\Programs\Python\Python37\python-workspace\web\p1\webteams\app\application.py", line 33, in save
    return self.create_list()
  File "C:\Users\Schne\AppData\Local\Programs\Python\Python37\python-workspace\web\p1\webteams\app\application.py", line 56, in create_list
    return self.view.create_list(data)
  File "C:\Users\Schne\AppData\Local\Programs\Python\Python37\python-workspace\web\p1\webteams\app\view.py", line 22, in create_list
    markup = self.create_list2(data_param)
  File "C:\Users\Schne\AppData\Local\Programs\Python\Python37\python-workspace\web\p1\webteams\app\view.py", line 31, in create_list2
    template = self.lookup.get_template('list2.tpl')
  File "C:\Python39\lib\site-packages\mako\lookup.py", line 260, in get_template
    return self._load(srcfile, uri)
  File "C:\Python39\lib\site-packages\mako\lookup.py", line 322, in _load
    self._collection[uri] = template = Template(
  File "C:\Python39\lib\site-packages\mako\template.py", line 348, in __init__
    module = self._compile_from_file(path, filename)
  File "C:\Python39\lib\site-packages\mako\template.py", line 430, in _compile_from_file
    code, module = _compile_text(self, data, filename)
  File "C:\Python39\lib\site-packages\mako\template.py", line 733, in _compile_text
    source, lexer = _compile(
  File "C:\Python39\lib\site-packages\mako\template.py", line 712, in _compile
    node = lexer.parse()
  File "C:\Python39\lib\site-packages\mako\lexer.py", line 262, in parse
    if self.match_expression():
  File "C:\Python39\lib\site-packages\mako\lexer.py", line 427, in match_expression
    text, end = self.parse_until_text(True, r"\|", r"}")
  File "C:\Python39\lib\site-packages\mako\lexer.py", line 143, in parse_until_text
    raise exceptions.SyntaxException(
mako.exceptions.SyntaxException: Expected: \|,} in file 'templates/list2.tpl' at line: 33 char: 42
[22/Nov/2020:11:57:00] HTTP 
Request Headers:
  Remote-Addr: 127.0.0.1
  HOST: 127.0.0.1:8080
  USER-AGENT: Mozilla/5.0 (Windows NT 10.0; Win64; x64; rv:83.0) Gecko/20100101 Firefox/83.0
  ACCEPT: text/html,application/xhtml+xml,application/xml;q=0.9,image/webp,*/*;q=0.8
  ACCEPT-LANGUAGE: en-US,en;q=0.5
  ACCEPT-ENCODING: gzip, deflate
  ORIGIN: http://127.0.0.1:8080
  DNT: 1
  CONNECTION: keep-alive
  REFERER: http://127.0.0.1:8080/add
  UPGRADE-INSECURE-REQUESTS: 1
  Content-Type: application/x-www-form-urlencoded
  Content-Length: 109
[22/Nov/2020:11:57:10] HTTP 
Traceback (most recent call last):
  File "C:\Python39\lib\site-packages\mako\lookup.py", line 249, in get_template
    return self._check(uri, self._collection[uri])
KeyError: 'list2.tpl'

During handling of the above exception, another exception occurred:

Traceback (most recent call last):
  File "C:\Python39\lib\site-packages\cherrypy\_cprequest.py", line 638, in respond
    self._do_respond(path_info)
  File "C:\Python39\lib\site-packages\cherrypy\_cprequest.py", line 697, in _do_respond
    response.body = self.handler()
  File "C:\Python39\lib\site-packages\cherrypy\lib\encoding.py", line 219, in __call__
    self.body = self.oldhandler(*args, **kwargs)
  File "C:\Python39\lib\site-packages\cherrypy\_cpdispatch.py", line 54, in __call__
    return self.callable(*self.args, **self.kwargs)
  File "C:\Users\Schne\AppData\Local\Programs\Python\Python37\python-workspace\web\p1\webteams\app\application.py", line 33, in save
    return self.create_list()
  File "C:\Users\Schne\AppData\Local\Programs\Python\Python37\python-workspace\web\p1\webteams\app\application.py", line 56, in create_list
    return self.view.create_list(data)
  File "C:\Users\Schne\AppData\Local\Programs\Python\Python37\python-workspace\web\p1\webteams\app\view.py", line 22, in create_list
    markup = self.create_list2(data_param)
  File "C:\Users\Schne\AppData\Local\Programs\Python\Python37\python-workspace\web\p1\webteams\app\view.py", line 31, in create_list2
    template = self.lookup.get_template('list2.tpl')
  File "C:\Python39\lib\site-packages\mako\lookup.py", line 260, in get_template
    return self._load(srcfile, uri)
  File "C:\Python39\lib\site-packages\mako\lookup.py", line 322, in _load
    self._collection[uri] = template = Template(
  File "C:\Python39\lib\site-packages\mako\template.py", line 348, in __init__
    module = self._compile_from_file(path, filename)
  File "C:\Python39\lib\site-packages\mako\template.py", line 430, in _compile_from_file
    code, module = _compile_text(self, data, filename)
  File "C:\Python39\lib\site-packages\mako\template.py", line 733, in _compile_text
    source, lexer = _compile(
  File "C:\Python39\lib\site-packages\mako\template.py", line 712, in _compile
    node = lexer.parse()
  File "C:\Python39\lib\site-packages\mako\lexer.py", line 262, in parse
    if self.match_expression():
  File "C:\Python39\lib\site-packages\mako\lexer.py", line 427, in match_expression
    text, end = self.parse_until_text(True, r"\|", r"}")
  File "C:\Python39\lib\site-packages\mako\lexer.py", line 143, in parse_until_text
    raise exceptions.SyntaxException(
mako.exceptions.SyntaxException: Expected: \|,} in file 'templates/list2.tpl' at line: 33 char: 42
[22/Nov/2020:11:57:10] HTTP 
Request Headers:
  Remote-Addr: 127.0.0.1
  HOST: 127.0.0.1:8080
  USER-AGENT: Mozilla/5.0 (Windows NT 10.0; Win64; x64; rv:83.0) Gecko/20100101 Firefox/83.0
  ACCEPT: text/html,application/xhtml+xml,application/xml;q=0.9,image/webp,*/*;q=0.8
  ACCEPT-LANGUAGE: en-US,en;q=0.5
  ACCEPT-ENCODING: gzip, deflate
  ORIGIN: http://127.0.0.1:8080
  DNT: 1
  CONNECTION: keep-alive
  REFERER: http://127.0.0.1:8080/add
  UPGRADE-INSECURE-REQUESTS: 1
  Content-Type: application/x-www-form-urlencoded
  Content-Length: 109
[22/Nov/2020:11:57:53] HTTP 
Traceback (most recent call last):
  File "C:\Python39\lib\site-packages\mako\lookup.py", line 249, in get_template
    return self._check(uri, self._collection[uri])
KeyError: 'list2.tpl'

During handling of the above exception, another exception occurred:

Traceback (most recent call last):
  File "C:\Python39\lib\site-packages\cherrypy\_cprequest.py", line 638, in respond
    self._do_respond(path_info)
  File "C:\Python39\lib\site-packages\cherrypy\_cprequest.py", line 697, in _do_respond
    response.body = self.handler()
  File "C:\Python39\lib\site-packages\cherrypy\lib\encoding.py", line 219, in __call__
    self.body = self.oldhandler(*args, **kwargs)
  File "C:\Python39\lib\site-packages\cherrypy\_cpdispatch.py", line 54, in __call__
    return self.callable(*self.args, **self.kwargs)
  File "C:\Users\Schne\AppData\Local\Programs\Python\Python37\python-workspace\web\p1\webteams\app\application.py", line 33, in save
    return self.create_list()
  File "C:\Users\Schne\AppData\Local\Programs\Python\Python37\python-workspace\web\p1\webteams\app\application.py", line 56, in create_list
    return self.view.create_list(data)
  File "C:\Users\Schne\AppData\Local\Programs\Python\Python37\python-workspace\web\p1\webteams\app\view.py", line 22, in create_list
    markup = self.create_list2(data_param)
  File "C:\Users\Schne\AppData\Local\Programs\Python\Python37\python-workspace\web\p1\webteams\app\view.py", line 31, in create_list2
    template = self.lookup.get_template('list2.tpl')
  File "C:\Python39\lib\site-packages\mako\lookup.py", line 260, in get_template
    return self._load(srcfile, uri)
  File "C:\Python39\lib\site-packages\mako\lookup.py", line 322, in _load
    self._collection[uri] = template = Template(
  File "C:\Python39\lib\site-packages\mako\template.py", line 348, in __init__
    module = self._compile_from_file(path, filename)
  File "C:\Python39\lib\site-packages\mako\template.py", line 430, in _compile_from_file
    code, module = _compile_text(self, data, filename)
  File "C:\Python39\lib\site-packages\mako\template.py", line 733, in _compile_text
    source, lexer = _compile(
  File "C:\Python39\lib\site-packages\mako\template.py", line 712, in _compile
    node = lexer.parse()
  File "C:\Python39\lib\site-packages\mako\lexer.py", line 262, in parse
    if self.match_expression():
  File "C:\Python39\lib\site-packages\mako\lexer.py", line 427, in match_expression
    text, end = self.parse_until_text(True, r"\|", r"}")
  File "C:\Python39\lib\site-packages\mako\lexer.py", line 143, in parse_until_text
    raise exceptions.SyntaxException(
mako.exceptions.SyntaxException: Expected: \|,} in file 'templates/list2.tpl' at line: 33 char: 42
[22/Nov/2020:11:57:53] HTTP 
Request Headers:
  Remote-Addr: 127.0.0.1
  HOST: 127.0.0.1:8080
  USER-AGENT: Mozilla/5.0 (Windows NT 10.0; Win64; x64; rv:83.0) Gecko/20100101 Firefox/83.0
  ACCEPT: text/html,application/xhtml+xml,application/xml;q=0.9,image/webp,*/*;q=0.8
  ACCEPT-LANGUAGE: en-US,en;q=0.5
  ACCEPT-ENCODING: gzip, deflate
  REFERER: http://127.0.0.1:8080/add
  ORIGIN: http://127.0.0.1:8080
  DNT: 1
  CONNECTION: keep-alive
  UPGRADE-INSECURE-REQUESTS: 1
  CACHE-CONTROL: max-age=0
  Content-Type: application/x-www-form-urlencoded
  Content-Length: 109
[22/Nov/2020:11:57:59] ENGINE Bus STOPPING
[22/Nov/2020:11:58:00] ENGINE HTTP Server cherrypy._cpwsgi_server.CPWSGIServer(('127.0.0.1', 8080)) shut down
[22/Nov/2020:11:58:00] ENGINE Bus STOPPED
[22/Nov/2020:11:58:00] ENGINE Bus EXITING
[22/Nov/2020:11:58:00] ENGINE Waiting for child threads to terminate...
[22/Nov/2020:11:58:00] ENGINE Bus EXITED
[22/Nov/2020:11:58:00] ENGINE Waiting for thread CP Server Thread-7.
[22/Nov/2020:11:58:11] ENGINE Bus STARTING
[22/Nov/2020:11:58:11] ENGINE Serving on http://127.0.0.1:8080
[22/Nov/2020:11:58:11] ENGINE Bus STARTED
[22/Nov/2020:11:58:12] HTTP 
Traceback (most recent call last):
  File "C:\Python39\lib\site-packages\mako\lookup.py", line 249, in get_template
    return self._check(uri, self._collection[uri])
KeyError: 'list2.tpl'

During handling of the above exception, another exception occurred:

Traceback (most recent call last):
  File "C:\Python39\lib\site-packages\cherrypy\_cprequest.py", line 638, in respond
    self._do_respond(path_info)
  File "C:\Python39\lib\site-packages\cherrypy\_cprequest.py", line 697, in _do_respond
    response.body = self.handler()
  File "C:\Python39\lib\site-packages\cherrypy\lib\encoding.py", line 219, in __call__
    self.body = self.oldhandler(*args, **kwargs)
  File "C:\Python39\lib\site-packages\cherrypy\_cpdispatch.py", line 54, in __call__
    return self.callable(*self.args, **self.kwargs)
  File "C:\Users\Schne\AppData\Local\Programs\Python\Python37\python-workspace\web\p1\webteams\app\application.py", line 15, in index
    return self.create_list()
  File "C:\Users\Schne\AppData\Local\Programs\Python\Python37\python-workspace\web\p1\webteams\app\application.py", line 56, in create_list
    return self.view.create_list(data)
  File "C:\Users\Schne\AppData\Local\Programs\Python\Python37\python-workspace\web\p1\webteams\app\view.py", line 22, in create_list
    markup = self.create_list2(data_param)
  File "C:\Users\Schne\AppData\Local\Programs\Python\Python37\python-workspace\web\p1\webteams\app\view.py", line 31, in create_list2
    template = self.lookup.get_template('list2.tpl')
  File "C:\Python39\lib\site-packages\mako\lookup.py", line 260, in get_template
    return self._load(srcfile, uri)
  File "C:\Python39\lib\site-packages\mako\lookup.py", line 322, in _load
    self._collection[uri] = template = Template(
  File "C:\Python39\lib\site-packages\mako\template.py", line 348, in __init__
    module = self._compile_from_file(path, filename)
  File "C:\Python39\lib\site-packages\mako\template.py", line 430, in _compile_from_file
    code, module = _compile_text(self, data, filename)
  File "C:\Python39\lib\site-packages\mako\template.py", line 733, in _compile_text
    source, lexer = _compile(
  File "C:\Python39\lib\site-packages\mako\template.py", line 712, in _compile
    node = lexer.parse()
  File "C:\Python39\lib\site-packages\mako\lexer.py", line 262, in parse
    if self.match_expression():
  File "C:\Python39\lib\site-packages\mako\lexer.py", line 427, in match_expression
    text, end = self.parse_until_text(True, r"\|", r"}")
  File "C:\Python39\lib\site-packages\mako\lexer.py", line 143, in parse_until_text
    raise exceptions.SyntaxException(
mako.exceptions.SyntaxException: Expected: \|,} in file 'templates/list2.tpl' at line: 33 char: 42
[22/Nov/2020:11:58:12] HTTP 
Request Headers:
  Remote-Addr: 127.0.0.1
  HOST: 127.0.0.1:8080
  USER-AGENT: Mozilla/5.0 (Windows NT 10.0; Win64; x64; rv:83.0) Gecko/20100101 Firefox/83.0
  ACCEPT: text/html,application/xhtml+xml,application/xml;q=0.9,image/webp,*/*;q=0.8
  ACCEPT-LANGUAGE: en-US,en;q=0.5
  ACCEPT-ENCODING: gzip, deflate
  DNT: 1
  CONNECTION: keep-alive
  UPGRADE-INSECURE-REQUESTS: 1
[22/Nov/2020:12:02:39] ENGINE Bus STARTING
[22/Nov/2020:12:02:39] ENGINE Serving on http://127.0.0.1:8080
[22/Nov/2020:12:02:39] ENGINE Bus STARTED
[22/Nov/2020:12:02:50] HTTP 
Traceback (most recent call last):
  File "C:\Python39\lib\site-packages\mako\lookup.py", line 249, in get_template
    return self._check(uri, self._collection[uri])
KeyError: 'list2.tpl'

During handling of the above exception, another exception occurred:

Traceback (most recent call last):
  File "C:\Python39\lib\site-packages\cherrypy\_cprequest.py", line 638, in respond
    self._do_respond(path_info)
  File "C:\Python39\lib\site-packages\cherrypy\_cprequest.py", line 697, in _do_respond
    response.body = self.handler()
  File "C:\Python39\lib\site-packages\cherrypy\lib\encoding.py", line 219, in __call__
    self.body = self.oldhandler(*args, **kwargs)
  File "C:\Python39\lib\site-packages\cherrypy\_cpdispatch.py", line 54, in __call__
    return self.callable(*self.args, **self.kwargs)
  File "C:\Users\Schne\AppData\Local\Programs\Python\Python37\python-workspace\web\p1\webteams\app\application.py", line 15, in index
    return self.create_list()
  File "C:\Users\Schne\AppData\Local\Programs\Python\Python37\python-workspace\web\p1\webteams\app\application.py", line 56, in create_list
    return self.view.create_list(data)
  File "C:\Users\Schne\AppData\Local\Programs\Python\Python37\python-workspace\web\p1\webteams\app\view.py", line 22, in create_list
    markup = self.create_list2(data_param)
  File "C:\Users\Schne\AppData\Local\Programs\Python\Python37\python-workspace\web\p1\webteams\app\view.py", line 31, in create_list2
    template = self.lookup.get_template('list2.tpl')
  File "C:\Python39\lib\site-packages\mako\lookup.py", line 260, in get_template
    return self._load(srcfile, uri)
  File "C:\Python39\lib\site-packages\mako\lookup.py", line 322, in _load
    self._collection[uri] = template = Template(
  File "C:\Python39\lib\site-packages\mako\template.py", line 348, in __init__
    module = self._compile_from_file(path, filename)
  File "C:\Python39\lib\site-packages\mako\template.py", line 430, in _compile_from_file
    code, module = _compile_text(self, data, filename)
  File "C:\Python39\lib\site-packages\mako\template.py", line 733, in _compile_text
    source, lexer = _compile(
  File "C:\Python39\lib\site-packages\mako\template.py", line 712, in _compile
    node = lexer.parse()
  File "C:\Python39\lib\site-packages\mako\lexer.py", line 262, in parse
    if self.match_expression():
  File "C:\Python39\lib\site-packages\mako\lexer.py", line 427, in match_expression
    text, end = self.parse_until_text(True, r"\|", r"}")
  File "C:\Python39\lib\site-packages\mako\lexer.py", line 143, in parse_until_text
    raise exceptions.SyntaxException(
mako.exceptions.SyntaxException: Expected: \|,} in file 'templates/list2.tpl' at line: 33 char: 42
[22/Nov/2020:12:02:50] HTTP 
Request Headers:
  Remote-Addr: 127.0.0.1
  HOST: 127.0.0.1:8080
  USER-AGENT: Mozilla/5.0 (Windows NT 10.0; Win64; x64; rv:83.0) Gecko/20100101 Firefox/83.0
  ACCEPT: text/html,application/xhtml+xml,application/xml;q=0.9,image/webp,*/*;q=0.8
  ACCEPT-LANGUAGE: en-US,en;q=0.5
  ACCEPT-ENCODING: gzip, deflate
  DNT: 1
  CONNECTION: keep-alive
  UPGRADE-INSECURE-REQUESTS: 1
  CACHE-CONTROL: max-age=0
[22/Nov/2020:12:03:28] HTTP 
Traceback (most recent call last):
  File "C:\Python39\lib\site-packages\mako\lookup.py", line 249, in get_template
    return self._check(uri, self._collection[uri])
KeyError: 'list2.tpl'

During handling of the above exception, another exception occurred:

Traceback (most recent call last):
  File "C:\Python39\lib\site-packages\cherrypy\_cprequest.py", line 638, in respond
    self._do_respond(path_info)
  File "C:\Python39\lib\site-packages\cherrypy\_cprequest.py", line 697, in _do_respond
    response.body = self.handler()
  File "C:\Python39\lib\site-packages\cherrypy\lib\encoding.py", line 219, in __call__
    self.body = self.oldhandler(*args, **kwargs)
  File "C:\Python39\lib\site-packages\cherrypy\_cpdispatch.py", line 54, in __call__
    return self.callable(*self.args, **self.kwargs)
  File "C:\Users\Schne\AppData\Local\Programs\Python\Python37\python-workspace\web\p1\webteams\app\application.py", line 15, in index
    return self.create_list()
  File "C:\Users\Schne\AppData\Local\Programs\Python\Python37\python-workspace\web\p1\webteams\app\application.py", line 56, in create_list
    return self.view.create_list(data)
  File "C:\Users\Schne\AppData\Local\Programs\Python\Python37\python-workspace\web\p1\webteams\app\view.py", line 22, in create_list
    markup = self.create_list2(data_param)
  File "C:\Users\Schne\AppData\Local\Programs\Python\Python37\python-workspace\web\p1\webteams\app\view.py", line 31, in create_list2
    template = self.lookup.get_template('list2.tpl')
  File "C:\Python39\lib\site-packages\mako\lookup.py", line 260, in get_template
    return self._load(srcfile, uri)
  File "C:\Python39\lib\site-packages\mako\lookup.py", line 322, in _load
    self._collection[uri] = template = Template(
  File "C:\Python39\lib\site-packages\mako\template.py", line 348, in __init__
    module = self._compile_from_file(path, filename)
  File "C:\Python39\lib\site-packages\mako\template.py", line 430, in _compile_from_file
    code, module = _compile_text(self, data, filename)
  File "C:\Python39\lib\site-packages\mako\template.py", line 733, in _compile_text
    source, lexer = _compile(
  File "C:\Python39\lib\site-packages\mako\template.py", line 712, in _compile
    node = lexer.parse()
  File "C:\Python39\lib\site-packages\mako\lexer.py", line 262, in parse
    if self.match_expression():
  File "C:\Python39\lib\site-packages\mako\lexer.py", line 427, in match_expression
    text, end = self.parse_until_text(True, r"\|", r"}")
  File "C:\Python39\lib\site-packages\mako\lexer.py", line 143, in parse_until_text
    raise exceptions.SyntaxException(
mako.exceptions.SyntaxException: Expected: \|,} in file 'templates/list2.tpl' at line: 33 char: 42
[22/Nov/2020:12:03:28] HTTP 
Request Headers:
  Remote-Addr: 127.0.0.1
  HOST: 127.0.0.1:8080
  USER-AGENT: Mozilla/5.0 (Windows NT 10.0; Win64; x64; rv:83.0) Gecko/20100101 Firefox/83.0
  ACCEPT: text/html,application/xhtml+xml,application/xml;q=0.9,image/webp,*/*;q=0.8
  ACCEPT-LANGUAGE: en-US,en;q=0.5
  ACCEPT-ENCODING: gzip, deflate
  DNT: 1
  CONNECTION: keep-alive
  UPGRADE-INSECURE-REQUESTS: 1
  CACHE-CONTROL: max-age=0
[22/Nov/2020:12:03:39] HTTP 
Traceback (most recent call last):
  File "C:\Python39\lib\site-packages\mako\lookup.py", line 249, in get_template
    return self._check(uri, self._collection[uri])
KeyError: 'list2.tpl'

During handling of the above exception, another exception occurred:

Traceback (most recent call last):
  File "C:\Python39\lib\site-packages\cherrypy\_cprequest.py", line 638, in respond
    self._do_respond(path_info)
  File "C:\Python39\lib\site-packages\cherrypy\_cprequest.py", line 697, in _do_respond
    response.body = self.handler()
  File "C:\Python39\lib\site-packages\cherrypy\lib\encoding.py", line 219, in __call__
    self.body = self.oldhandler(*args, **kwargs)
  File "C:\Python39\lib\site-packages\cherrypy\_cpdispatch.py", line 54, in __call__
    return self.callable(*self.args, **self.kwargs)
  File "C:\Users\Schne\AppData\Local\Programs\Python\Python37\python-workspace\web\p1\webteams\app\application.py", line 15, in index
    return self.create_list()
  File "C:\Users\Schne\AppData\Local\Programs\Python\Python37\python-workspace\web\p1\webteams\app\application.py", line 56, in create_list
    return self.view.create_list(data)
  File "C:\Users\Schne\AppData\Local\Programs\Python\Python37\python-workspace\web\p1\webteams\app\view.py", line 22, in create_list
    markup = self.create_list2(data_param)
  File "C:\Users\Schne\AppData\Local\Programs\Python\Python37\python-workspace\web\p1\webteams\app\view.py", line 31, in create_list2
    template = self.lookup.get_template('list2.tpl')
  File "C:\Python39\lib\site-packages\mako\lookup.py", line 260, in get_template
    return self._load(srcfile, uri)
  File "C:\Python39\lib\site-packages\mako\lookup.py", line 322, in _load
    self._collection[uri] = template = Template(
  File "C:\Python39\lib\site-packages\mako\template.py", line 348, in __init__
    module = self._compile_from_file(path, filename)
  File "C:\Python39\lib\site-packages\mako\template.py", line 430, in _compile_from_file
    code, module = _compile_text(self, data, filename)
  File "C:\Python39\lib\site-packages\mako\template.py", line 733, in _compile_text
    source, lexer = _compile(
  File "C:\Python39\lib\site-packages\mako\template.py", line 712, in _compile
    node = lexer.parse()
  File "C:\Python39\lib\site-packages\mako\lexer.py", line 262, in parse
    if self.match_expression():
  File "C:\Python39\lib\site-packages\mako\lexer.py", line 427, in match_expression
    text, end = self.parse_until_text(True, r"\|", r"}")
  File "C:\Python39\lib\site-packages\mako\lexer.py", line 143, in parse_until_text
    raise exceptions.SyntaxException(
mako.exceptions.SyntaxException: Expected: \|,} in file 'templates/list2.tpl' at line: 33 char: 42
[22/Nov/2020:12:03:39] HTTP 
Request Headers:
  Remote-Addr: 127.0.0.1
  HOST: 127.0.0.1:8080
  USER-AGENT: Mozilla/5.0 (Windows NT 10.0; Win64; x64; rv:83.0) Gecko/20100101 Firefox/83.0
  ACCEPT: text/html,application/xhtml+xml,application/xml;q=0.9,image/webp,*/*;q=0.8
  ACCEPT-LANGUAGE: en-US,en;q=0.5
  ACCEPT-ENCODING: gzip, deflate
  DNT: 1
  CONNECTION: keep-alive
  UPGRADE-INSECURE-REQUESTS: 1
[22/Nov/2020:12:04:18] ENGINE Bus STOPPING
[22/Nov/2020:12:04:18] ENGINE HTTP Server cherrypy._cpwsgi_server.CPWSGIServer(('127.0.0.1', 8080)) shut down
[22/Nov/2020:12:04:18] ENGINE Bus STOPPED
[22/Nov/2020:12:04:18] ENGINE Bus EXITING
[22/Nov/2020:12:04:18] ENGINE Waiting for child threads to terminate...
[22/Nov/2020:12:04:18] ENGINE Bus EXITED
[22/Nov/2020:12:04:18] ENGINE Waiting for thread CP Server Thread-11.
[22/Nov/2020:12:04:29] ENGINE Bus STARTING
[22/Nov/2020:12:04:29] ENGINE Serving on http://127.0.0.1:8080
[22/Nov/2020:12:04:29] ENGINE Bus STARTED
[22/Nov/2020:12:04:34] HTTP 
Traceback (most recent call last):
  File "C:\Python39\lib\site-packages\mako\lookup.py", line 249, in get_template
    return self._check(uri, self._collection[uri])
KeyError: 'list2.tpl'

During handling of the above exception, another exception occurred:

Traceback (most recent call last):
  File "C:\Python39\lib\site-packages\cherrypy\_cprequest.py", line 638, in respond
    self._do_respond(path_info)
  File "C:\Python39\lib\site-packages\cherrypy\_cprequest.py", line 697, in _do_respond
    response.body = self.handler()
  File "C:\Python39\lib\site-packages\cherrypy\lib\encoding.py", line 219, in __call__
    self.body = self.oldhandler(*args, **kwargs)
  File "C:\Python39\lib\site-packages\cherrypy\_cpdispatch.py", line 54, in __call__
    return self.callable(*self.args, **self.kwargs)
  File "C:\Users\Schne\AppData\Local\Programs\Python\Python37\python-workspace\web\p1\webteams\app\application.py", line 15, in index
    return self.create_list()
  File "C:\Users\Schne\AppData\Local\Programs\Python\Python37\python-workspace\web\p1\webteams\app\application.py", line 56, in create_list
    return self.view.create_list(data)
  File "C:\Users\Schne\AppData\Local\Programs\Python\Python37\python-workspace\web\p1\webteams\app\view.py", line 23, in create_list
    markup = self.create_list2(data_param)
  File "C:\Users\Schne\AppData\Local\Programs\Python\Python37\python-workspace\web\p1\webteams\app\view.py", line 32, in create_list2
    template = self.lookup.get_template('list2.tpl')
  File "C:\Python39\lib\site-packages\mako\lookup.py", line 260, in get_template
    return self._load(srcfile, uri)
  File "C:\Python39\lib\site-packages\mako\lookup.py", line 322, in _load
    self._collection[uri] = template = Template(
  File "C:\Python39\lib\site-packages\mako\template.py", line 348, in __init__
    module = self._compile_from_file(path, filename)
  File "C:\Python39\lib\site-packages\mako\template.py", line 430, in _compile_from_file
    code, module = _compile_text(self, data, filename)
  File "C:\Python39\lib\site-packages\mako\template.py", line 733, in _compile_text
    source, lexer = _compile(
  File "C:\Python39\lib\site-packages\mako\template.py", line 712, in _compile
    node = lexer.parse()
  File "C:\Python39\lib\site-packages\mako\lexer.py", line 262, in parse
    if self.match_expression():
  File "C:\Python39\lib\site-packages\mako\lexer.py", line 427, in match_expression
    text, end = self.parse_until_text(True, r"\|", r"}")
  File "C:\Python39\lib\site-packages\mako\lexer.py", line 143, in parse_until_text
    raise exceptions.SyntaxException(
mako.exceptions.SyntaxException: Expected: \|,} in file 'templates/list2.tpl' at line: 33 char: 42
[22/Nov/2020:12:04:34] HTTP 
Request Headers:
  Remote-Addr: 127.0.0.1
  HOST: 127.0.0.1:8080
  USER-AGENT: Mozilla/5.0 (Windows NT 10.0; Win64; x64; rv:83.0) Gecko/20100101 Firefox/83.0
  ACCEPT: text/html,application/xhtml+xml,application/xml;q=0.9,image/webp,*/*;q=0.8
  ACCEPT-LANGUAGE: en-US,en;q=0.5
  ACCEPT-ENCODING: gzip, deflate
  DNT: 1
  CONNECTION: keep-alive
  UPGRADE-INSECURE-REQUESTS: 1
  CACHE-CONTROL: max-age=0
[22/Nov/2020:12:07:14] HTTP 
Traceback (most recent call last):
  File "C:\Python39\lib\site-packages\mako\lookup.py", line 249, in get_template
    return self._check(uri, self._collection[uri])
KeyError: 'list2.tpl'

During handling of the above exception, another exception occurred:

Traceback (most recent call last):
  File "C:\Python39\lib\site-packages\cherrypy\_cprequest.py", line 638, in respond
    self._do_respond(path_info)
  File "C:\Python39\lib\site-packages\cherrypy\_cprequest.py", line 697, in _do_respond
    response.body = self.handler()
  File "C:\Python39\lib\site-packages\cherrypy\lib\encoding.py", line 219, in __call__
    self.body = self.oldhandler(*args, **kwargs)
  File "C:\Python39\lib\site-packages\cherrypy\_cpdispatch.py", line 54, in __call__
    return self.callable(*self.args, **self.kwargs)
  File "C:\Users\Schne\AppData\Local\Programs\Python\Python37\python-workspace\web\p1\webteams\app\application.py", line 15, in index
    return self.create_list()
  File "C:\Users\Schne\AppData\Local\Programs\Python\Python37\python-workspace\web\p1\webteams\app\application.py", line 56, in create_list
    return self.view.create_list(data)
  File "C:\Users\Schne\AppData\Local\Programs\Python\Python37\python-workspace\web\p1\webteams\app\view.py", line 23, in create_list
    markup = self.create_list2(data_param)
  File "C:\Users\Schne\AppData\Local\Programs\Python\Python37\python-workspace\web\p1\webteams\app\view.py", line 32, in create_list2
    template = self.lookup.get_template('list2.tpl')
  File "C:\Python39\lib\site-packages\mako\lookup.py", line 260, in get_template
    return self._load(srcfile, uri)
  File "C:\Python39\lib\site-packages\mako\lookup.py", line 322, in _load
    self._collection[uri] = template = Template(
  File "C:\Python39\lib\site-packages\mako\template.py", line 348, in __init__
    module = self._compile_from_file(path, filename)
  File "C:\Python39\lib\site-packages\mako\template.py", line 430, in _compile_from_file
    code, module = _compile_text(self, data, filename)
  File "C:\Python39\lib\site-packages\mako\template.py", line 733, in _compile_text
    source, lexer = _compile(
  File "C:\Python39\lib\site-packages\mako\template.py", line 712, in _compile
    node = lexer.parse()
  File "C:\Python39\lib\site-packages\mako\lexer.py", line 262, in parse
    if self.match_expression():
  File "C:\Python39\lib\site-packages\mako\lexer.py", line 427, in match_expression
    text, end = self.parse_until_text(True, r"\|", r"}")
  File "C:\Python39\lib\site-packages\mako\lexer.py", line 143, in parse_until_text
    raise exceptions.SyntaxException(
mako.exceptions.SyntaxException: Expected: \|,} in file 'templates/list2.tpl' at line: 33 char: 42
[22/Nov/2020:12:07:14] HTTP 
Request Headers:
  Remote-Addr: 127.0.0.1
  HOST: 127.0.0.1:8080
  USER-AGENT: Mozilla/5.0 (Windows NT 10.0; Win64; x64; rv:83.0) Gecko/20100101 Firefox/83.0
  ACCEPT: text/html,application/xhtml+xml,application/xml;q=0.9,image/webp,*/*;q=0.8
  ACCEPT-LANGUAGE: en-US,en;q=0.5
  ACCEPT-ENCODING: gzip, deflate
  DNT: 1
  CONNECTION: keep-alive
  UPGRADE-INSECURE-REQUESTS: 1
  CACHE-CONTROL: max-age=0
[22/Nov/2020:12:09:10] ENGINE Bus STARTING
[22/Nov/2020:12:09:10] ENGINE Serving on http://127.0.0.1:8080
[22/Nov/2020:12:09:10] ENGINE Bus STARTED
[22/Nov/2020:12:09:16] HTTP 
Traceback (most recent call last):
  File "C:\Python39\lib\site-packages\mako\lookup.py", line 249, in get_template
    return self._check(uri, self._collection[uri])
KeyError: 'list2.tpl'

During handling of the above exception, another exception occurred:

Traceback (most recent call last):
  File "C:\Python39\lib\site-packages\cherrypy\_cprequest.py", line 638, in respond
    self._do_respond(path_info)
  File "C:\Python39\lib\site-packages\cherrypy\_cprequest.py", line 697, in _do_respond
    response.body = self.handler()
  File "C:\Python39\lib\site-packages\cherrypy\lib\encoding.py", line 219, in __call__
    self.body = self.oldhandler(*args, **kwargs)
  File "C:\Python39\lib\site-packages\cherrypy\_cpdispatch.py", line 54, in __call__
    return self.callable(*self.args, **self.kwargs)
  File "C:\Users\Schne\AppData\Local\Programs\Python\Python37\python-workspace\web\p1\webteams\app\application.py", line 15, in index
    return self.create_list()
  File "C:\Users\Schne\AppData\Local\Programs\Python\Python37\python-workspace\web\p1\webteams\app\application.py", line 56, in create_list
    return self.view.create_list(data)
  File "C:\Users\Schne\AppData\Local\Programs\Python\Python37\python-workspace\web\p1\webteams\app\view.py", line 23, in create_list
    markup = self.create_list2(data_param)
  File "C:\Users\Schne\AppData\Local\Programs\Python\Python37\python-workspace\web\p1\webteams\app\view.py", line 32, in create_list2
    template = self.lookup.get_template('list2.tpl')
  File "C:\Python39\lib\site-packages\mako\lookup.py", line 260, in get_template
    return self._load(srcfile, uri)
  File "C:\Python39\lib\site-packages\mako\lookup.py", line 322, in _load
    self._collection[uri] = template = Template(
  File "C:\Python39\lib\site-packages\mako\template.py", line 348, in __init__
    module = self._compile_from_file(path, filename)
  File "C:\Python39\lib\site-packages\mako\template.py", line 430, in _compile_from_file
    code, module = _compile_text(self, data, filename)
  File "C:\Python39\lib\site-packages\mako\template.py", line 733, in _compile_text
    source, lexer = _compile(
  File "C:\Python39\lib\site-packages\mako\template.py", line 712, in _compile
    node = lexer.parse()
  File "C:\Python39\lib\site-packages\mako\lexer.py", line 262, in parse
    if self.match_expression():
  File "C:\Python39\lib\site-packages\mako\lexer.py", line 427, in match_expression
    text, end = self.parse_until_text(True, r"\|", r"}")
  File "C:\Python39\lib\site-packages\mako\lexer.py", line 143, in parse_until_text
    raise exceptions.SyntaxException(
mako.exceptions.SyntaxException: Expected: \|,} in file 'templates/list2.tpl' at line: 33 char: 42
[22/Nov/2020:12:09:16] HTTP 
Request Headers:
  Remote-Addr: 127.0.0.1
  HOST: 127.0.0.1:8080
  USER-AGENT: Mozilla/5.0 (Windows NT 10.0; Win64; x64; rv:83.0) Gecko/20100101 Firefox/83.0
  ACCEPT: text/html,application/xhtml+xml,application/xml;q=0.9,image/webp,*/*;q=0.8
  ACCEPT-LANGUAGE: en-US,en;q=0.5
  ACCEPT-ENCODING: gzip, deflate
  DNT: 1
  CONNECTION: keep-alive
  UPGRADE-INSECURE-REQUESTS: 1
[22/Nov/2020:12:10:07] HTTP 
Traceback (most recent call last):
  File "C:\Python39\lib\site-packages\mako\lookup.py", line 249, in get_template
    return self._check(uri, self._collection[uri])
KeyError: 'list2.tpl'

During handling of the above exception, another exception occurred:

Traceback (most recent call last):
  File "C:\Python39\lib\site-packages\cherrypy\_cprequest.py", line 638, in respond
    self._do_respond(path_info)
  File "C:\Python39\lib\site-packages\cherrypy\_cprequest.py", line 697, in _do_respond
    response.body = self.handler()
  File "C:\Python39\lib\site-packages\cherrypy\lib\encoding.py", line 219, in __call__
    self.body = self.oldhandler(*args, **kwargs)
  File "C:\Python39\lib\site-packages\cherrypy\_cpdispatch.py", line 54, in __call__
    return self.callable(*self.args, **self.kwargs)
  File "C:\Users\Schne\AppData\Local\Programs\Python\Python37\python-workspace\web\p1\webteams\app\application.py", line 15, in index
    return self.create_list()
  File "C:\Users\Schne\AppData\Local\Programs\Python\Python37\python-workspace\web\p1\webteams\app\application.py", line 56, in create_list
    return self.view.create_list(data)
  File "C:\Users\Schne\AppData\Local\Programs\Python\Python37\python-workspace\web\p1\webteams\app\view.py", line 23, in create_list
    markup = self.create_list2(data_param)
  File "C:\Users\Schne\AppData\Local\Programs\Python\Python37\python-workspace\web\p1\webteams\app\view.py", line 32, in create_list2
    template = self.lookup.get_template('list2.tpl')
  File "C:\Python39\lib\site-packages\mako\lookup.py", line 260, in get_template
    return self._load(srcfile, uri)
  File "C:\Python39\lib\site-packages\mako\lookup.py", line 322, in _load
    self._collection[uri] = template = Template(
  File "C:\Python39\lib\site-packages\mako\template.py", line 348, in __init__
    module = self._compile_from_file(path, filename)
  File "C:\Python39\lib\site-packages\mako\template.py", line 430, in _compile_from_file
    code, module = _compile_text(self, data, filename)
  File "C:\Python39\lib\site-packages\mako\template.py", line 733, in _compile_text
    source, lexer = _compile(
  File "C:\Python39\lib\site-packages\mako\template.py", line 712, in _compile
    node = lexer.parse()
  File "C:\Python39\lib\site-packages\mako\lexer.py", line 262, in parse
    if self.match_expression():
  File "C:\Python39\lib\site-packages\mako\lexer.py", line 427, in match_expression
    text, end = self.parse_until_text(True, r"\|", r"}")
  File "C:\Python39\lib\site-packages\mako\lexer.py", line 143, in parse_until_text
    raise exceptions.SyntaxException(
mako.exceptions.SyntaxException: Expected: \|,} in file 'templates/list2.tpl' at line: 33 char: 42
[22/Nov/2020:12:10:07] HTTP 
Request Headers:
  Remote-Addr: 127.0.0.1
  HOST: 127.0.0.1:8080
  USER-AGENT: Mozilla/5.0 (Windows NT 10.0; Win64; x64; rv:83.0) Gecko/20100101 Firefox/83.0
  ACCEPT: text/html,application/xhtml+xml,application/xml;q=0.9,image/webp,*/*;q=0.8
  ACCEPT-LANGUAGE: en-US,en;q=0.5
  ACCEPT-ENCODING: gzip, deflate
  DNT: 1
  CONNECTION: keep-alive
  UPGRADE-INSECURE-REQUESTS: 1
  CACHE-CONTROL: max-age=0
[22/Nov/2020:12:11:26] HTTP 
Traceback (most recent call last):
  File "C:\Python39\lib\site-packages\mako\lookup.py", line 249, in get_template
    return self._check(uri, self._collection[uri])
KeyError: 'list2.tpl'

During handling of the above exception, another exception occurred:

Traceback (most recent call last):
  File "C:\Python39\lib\site-packages\cherrypy\_cprequest.py", line 638, in respond
    self._do_respond(path_info)
  File "C:\Python39\lib\site-packages\cherrypy\_cprequest.py", line 697, in _do_respond
    response.body = self.handler()
  File "C:\Python39\lib\site-packages\cherrypy\lib\encoding.py", line 219, in __call__
    self.body = self.oldhandler(*args, **kwargs)
  File "C:\Python39\lib\site-packages\cherrypy\_cpdispatch.py", line 54, in __call__
    return self.callable(*self.args, **self.kwargs)
  File "C:\Users\Schne\AppData\Local\Programs\Python\Python37\python-workspace\web\p1\webteams\app\application.py", line 15, in index
    return self.create_list()
  File "C:\Users\Schne\AppData\Local\Programs\Python\Python37\python-workspace\web\p1\webteams\app\application.py", line 56, in create_list
    return self.view.create_list(data)
  File "C:\Users\Schne\AppData\Local\Programs\Python\Python37\python-workspace\web\p1\webteams\app\view.py", line 23, in create_list
    markup = self.create_list2(data_param)
  File "C:\Users\Schne\AppData\Local\Programs\Python\Python37\python-workspace\web\p1\webteams\app\view.py", line 32, in create_list2
    template = self.lookup.get_template('list2.tpl')
  File "C:\Python39\lib\site-packages\mako\lookup.py", line 260, in get_template
    return self._load(srcfile, uri)
  File "C:\Python39\lib\site-packages\mako\lookup.py", line 322, in _load
    self._collection[uri] = template = Template(
  File "C:\Python39\lib\site-packages\mako\template.py", line 348, in __init__
    module = self._compile_from_file(path, filename)
  File "C:\Python39\lib\site-packages\mako\template.py", line 430, in _compile_from_file
    code, module = _compile_text(self, data, filename)
  File "C:\Python39\lib\site-packages\mako\template.py", line 733, in _compile_text
    source, lexer = _compile(
  File "C:\Python39\lib\site-packages\mako\template.py", line 712, in _compile
    node = lexer.parse()
  File "C:\Python39\lib\site-packages\mako\lexer.py", line 262, in parse
    if self.match_expression():
  File "C:\Python39\lib\site-packages\mako\lexer.py", line 427, in match_expression
    text, end = self.parse_until_text(True, r"\|", r"}")
  File "C:\Python39\lib\site-packages\mako\lexer.py", line 143, in parse_until_text
    raise exceptions.SyntaxException(
mako.exceptions.SyntaxException: Expected: \|,} in file 'templates/list2.tpl' at line: 33 char: 42
[22/Nov/2020:12:11:26] HTTP 
Request Headers:
  Remote-Addr: 127.0.0.1
  HOST: 127.0.0.1:8080
  USER-AGENT: Mozilla/5.0 (Windows NT 10.0; Win64; x64; rv:83.0) Gecko/20100101 Firefox/83.0
  ACCEPT: text/html,application/xhtml+xml,application/xml;q=0.9,image/webp,*/*;q=0.8
  ACCEPT-LANGUAGE: en-US,en;q=0.5
  ACCEPT-ENCODING: gzip, deflate
  DNT: 1
  CONNECTION: keep-alive
  UPGRADE-INSECURE-REQUESTS: 1
  CACHE-CONTROL: max-age=0
[22/Nov/2020:13:21:38] ENGINE Bus STARTING
[22/Nov/2020:13:21:38] ENGINE Serving on http://127.0.0.1:8080
[22/Nov/2020:13:21:38] ENGINE Bus STARTED
[22/Nov/2020:13:22:34] ENGINE Bus STOPPING
[22/Nov/2020:13:22:34] ENGINE HTTP Server cherrypy._cpwsgi_server.CPWSGIServer(('127.0.0.1', 8080)) shut down
[22/Nov/2020:13:22:34] ENGINE Bus STOPPED
[22/Nov/2020:13:22:34] ENGINE Bus EXITING
[22/Nov/2020:13:22:34] ENGINE Waiting for child threads to terminate...
[22/Nov/2020:13:22:34] ENGINE Bus EXITED
[22/Nov/2020:13:22:34] ENGINE Waiting for thread CP Server Thread-4.
[22/Nov/2020:13:22:45] ENGINE Bus STARTING
[22/Nov/2020:13:22:45] ENGINE Serving on http://127.0.0.1:8080
[22/Nov/2020:13:22:45] ENGINE Bus STARTED
[22/Nov/2020:13:48:58] HTTP 
Traceback (most recent call last):
  File "C:\Python39\lib\site-packages\cherrypy\_cprequest.py", line 638, in respond
    self._do_respond(path_info)
  File "C:\Python39\lib\site-packages\cherrypy\_cprequest.py", line 697, in _do_respond
    response.body = self.handler()
  File "C:\Python39\lib\site-packages\cherrypy\lib\encoding.py", line 219, in __call__
    self.body = self.oldhandler(*args, **kwargs)
  File "C:\Python39\lib\site-packages\cherrypy\_cpdispatch.py", line 54, in __call__
    return self.callable(*self.args, **self.kwargs)
  File "C:\Users\Schne\AppData\Local\Programs\Python\Python37\python-workspace\web\p1\webteams\app\application.py", line 15, in index
    return self.create_list()
  File "C:\Users\Schne\AppData\Local\Programs\Python\Python37\python-workspace\web\p1\webteams\app\application.py", line 56, in create_list
    return self.view.create_list(data)
  File "C:\Users\Schne\AppData\Local\Programs\Python\Python37\python-workspace\web\p1\webteams\app\view.py", line 21, in create_list
    markup = self.create_list1(data_param)
  File "C:\Users\Schne\AppData\Local\Programs\Python\Python37\python-workspace\web\p1\webteams\app\view.py", line 27, in create_list1
    template = self.lookup.get_template('list.tpl')
  File "C:\Python39\lib\site-packages\mako\lookup.py", line 249, in get_template
    return self._check(uri, self._collection[uri])
  File "C:\Python39\lib\site-packages\mako\lookup.py", line 347, in _check
    return self._load(template.filename, uri)
  File "C:\Python39\lib\site-packages\mako\lookup.py", line 322, in _load
    self._collection[uri] = template = Template(
  File "C:\Python39\lib\site-packages\mako\template.py", line 348, in __init__
    module = self._compile_from_file(path, filename)
  File "C:\Python39\lib\site-packages\mako\template.py", line 430, in _compile_from_file
    code, module = _compile_text(self, data, filename)
  File "C:\Python39\lib\site-packages\mako\template.py", line 733, in _compile_text
    source, lexer = _compile(
  File "C:\Python39\lib\site-packages\mako\template.py", line 712, in _compile
    node = lexer.parse()
  File "C:\Python39\lib\site-packages\mako\lexer.py", line 287, in parse
    raise exceptions.SyntaxException(
mako.exceptions.SyntaxException: Unterminated control keyword: 'for' in file 'templates/list.tpl' at line: 20 char: 1
[22/Nov/2020:13:48:58] HTTP 
Request Headers:
  Remote-Addr: 127.0.0.1
  HOST: 127.0.0.1:8080
  USER-AGENT: Mozilla/5.0 (Windows NT 10.0; Win64; x64; rv:83.0) Gecko/20100101 Firefox/83.0
  ACCEPT: text/html,application/xhtml+xml,application/xml;q=0.9,image/webp,*/*;q=0.8
  ACCEPT-LANGUAGE: en-US,en;q=0.5
  ACCEPT-ENCODING: gzip, deflate
  REFERER: http://127.0.0.1:8080/save
  DNT: 1
  CONNECTION: keep-alive
  UPGRADE-INSECURE-REQUESTS: 1
  CACHE-CONTROL: max-age=0
[22/Nov/2020:13:56:15] HTTP 
Traceback (most recent call last):
  File "C:\Python39\lib\site-packages\cherrypy\_cprequest.py", line 638, in respond
    self._do_respond(path_info)
  File "C:\Python39\lib\site-packages\cherrypy\_cprequest.py", line 697, in _do_respond
    response.body = self.handler()
  File "C:\Python39\lib\site-packages\cherrypy\lib\encoding.py", line 219, in __call__
    self.body = self.oldhandler(*args, **kwargs)
  File "C:\Python39\lib\site-packages\cherrypy\_cpdispatch.py", line 54, in __call__
    return self.callable(*self.args, **self.kwargs)
  File "C:\Users\Schne\AppData\Local\Programs\Python\Python37\python-workspace\web\p1\webteams\app\application.py", line 15, in index
    return self.create_list()
  File "C:\Users\Schne\AppData\Local\Programs\Python\Python37\python-workspace\web\p1\webteams\app\application.py", line 56, in create_list
    return self.view.create_list(data)
  File "C:\Users\Schne\AppData\Local\Programs\Python\Python37\python-workspace\web\p1\webteams\app\view.py", line 21, in create_list
    markup = self.create_list1(data_param)
  File "C:\Users\Schne\AppData\Local\Programs\Python\Python37\python-workspace\web\p1\webteams\app\view.py", line 27, in create_list1
    template = self.lookup.get_template('list.tpl')
  File "C:\Python39\lib\site-packages\mako\lookup.py", line 249, in get_template
    return self._check(uri, self._collection[uri])
  File "C:\Python39\lib\site-packages\mako\lookup.py", line 347, in _check
    return self._load(template.filename, uri)
  File "C:\Python39\lib\site-packages\mako\lookup.py", line 322, in _load
    self._collection[uri] = template = Template(
  File "C:\Python39\lib\site-packages\mako\template.py", line 348, in __init__
    module = self._compile_from_file(path, filename)
  File "C:\Python39\lib\site-packages\mako\template.py", line 430, in _compile_from_file
    code, module = _compile_text(self, data, filename)
  File "C:\Python39\lib\site-packages\mako\template.py", line 733, in _compile_text
    source, lexer = _compile(
  File "C:\Python39\lib\site-packages\mako\template.py", line 712, in _compile
    node = lexer.parse()
  File "C:\Python39\lib\site-packages\mako\lexer.py", line 264, in parse
    if self.match_control_line():
  File "C:\Python39\lib\site-packages\mako\lexer.py", line 465, in match_control_line
    raise exceptions.SyntaxException(
mako.exceptions.SyntaxException: No starting keyword 'for' for 'endfor *}' in file 'templates/list.tpl' at line: 45 char: 1
[22/Nov/2020:13:56:15] HTTP 
Request Headers:
  Remote-Addr: 127.0.0.1
  HOST: 127.0.0.1:8080
  USER-AGENT: Mozilla/5.0 (Windows NT 10.0; Win64; x64; rv:83.0) Gecko/20100101 Firefox/83.0
  ACCEPT: text/html,application/xhtml+xml,application/xml;q=0.9,image/webp,*/*;q=0.8
  ACCEPT-LANGUAGE: en-US,en;q=0.5
  ACCEPT-ENCODING: gzip, deflate
  REFERER: http://127.0.0.1:8080/save
  DNT: 1
  CONNECTION: keep-alive
  UPGRADE-INSECURE-REQUESTS: 1
  CACHE-CONTROL: max-age=0
[22/Nov/2020:14:23:47] ENGINE Bus STOPPING
[22/Nov/2020:14:23:47] ENGINE HTTP Server cherrypy._cpwsgi_server.CPWSGIServer(('127.0.0.1', 8080)) shut down
[22/Nov/2020:14:23:47] ENGINE Bus STOPPED
[22/Nov/2020:14:23:47] ENGINE Bus EXITING
[22/Nov/2020:14:23:47] ENGINE Waiting for child threads to terminate...
[22/Nov/2020:14:23:47] ENGINE Bus EXITED
[22/Nov/2020:14:23:47] ENGINE Waiting for thread CP Server Thread-5.
[22/Nov/2020:14:23:58] ENGINE Bus STARTING
[22/Nov/2020:14:23:59] ENGINE Serving on http://127.0.0.1:8080
[22/Nov/2020:14:23:59] ENGINE Bus STARTED
[22/Nov/2020:14:38:11] ENGINE Bus STOPPING
[22/Nov/2020:14:38:12] ENGINE HTTP Server cherrypy._cpwsgi_server.CPWSGIServer(('127.0.0.1', 8080)) shut down
[22/Nov/2020:14:38:12] ENGINE Bus STOPPED
[22/Nov/2020:14:38:12] ENGINE Bus EXITING
[22/Nov/2020:14:38:12] ENGINE Waiting for child threads to terminate...
[22/Nov/2020:14:38:12] ENGINE Bus EXITED
[22/Nov/2020:14:38:12] ENGINE Waiting for thread CP Server Thread-3.
[22/Nov/2020:14:38:23] ENGINE Bus STARTING
[22/Nov/2020:14:38:23] ENGINE Serving on http://127.0.0.1:8080
[22/Nov/2020:14:38:23] ENGINE Bus STARTED
[22/Nov/2020:15:32:23] ENGINE Bus STARTING
[22/Nov/2020:15:32:23] ENGINE Serving on http://127.0.0.1:8080
[22/Nov/2020:15:32:23] ENGINE Bus STARTED
[22/Nov/2020:15:32:53] HTTP 
Traceback (most recent call last):
  File "C:\Python39\lib\site-packages\cherrypy\_cprequest.py", line 638, in respond
    self._do_respond(path_info)
  File "C:\Python39\lib\site-packages\cherrypy\_cprequest.py", line 697, in _do_respond
    response.body = self.handler()
  File "C:\Python39\lib\site-packages\cherrypy\lib\encoding.py", line 219, in __call__
    self.body = self.oldhandler(*args, **kwargs)
  File "C:\Python39\lib\site-packages\cherrypy\_cpdispatch.py", line 54, in __call__
    return self.callable(*self.args, **self.kwargs)
  File "C:\Users\Schne\AppData\Local\Programs\Python\Python37\python-workspace\web\p1\webteams\app\application.py", line 23, in edit
    return self.create_form(id)
  File "C:\Users\Schne\AppData\Local\Programs\Python\Python37\python-workspace\web\p1\webteams\app\application.py", line 63, in create_form
    return self.view.create_form(id, data)
  File "C:\Users\Schne\AppData\Local\Programs\Python\Python37\python-workspace\web\p1\webteams\app\view.py", line 38, in create_form
    markup = template.render(data = data_param, key = id)
  File "C:\Python39\lib\site-packages\mako\template.py", line 476, in render
    return runtime._render(self, self.callable_, args, data)
  File "C:\Python39\lib\site-packages\mako\runtime.py", line 878, in _render
    _render_context(
  File "C:\Python39\lib\site-packages\mako\runtime.py", line 920, in _render_context
    _exec_template(inherit, lclcontext, args=args, kwargs=kwargs)
  File "C:\Python39\lib\site-packages\mako\runtime.py", line 947, in _exec_template
    callable_(context, *args, **kwargs)
  File "form_tpl", line 25, in render_body
TypeError: 'NoneType' object is not subscriptable
[22/Nov/2020:15:32:53] HTTP 
Request Headers:
  Remote-Addr: 127.0.0.1
  HOST: 127.0.0.1:8080
  USER-AGENT: Mozilla/5.0 (Windows NT 10.0; Win64; x64; rv:83.0) Gecko/20100101 Firefox/83.0
  ACCEPT: text/css,*/*;q=0.1
  ACCEPT-LANGUAGE: en-US,en;q=0.5
  ACCEPT-ENCODING: gzip, deflate
  DNT: 1
  CONNECTION: keep-alive
  REFERER: http://127.0.0.1:8080/edit/20
[22/Nov/2020:15:41:47] HTTP 
Traceback (most recent call last):
  File "C:\Python39\lib\site-packages\cherrypy\_cprequest.py", line 638, in respond
    self._do_respond(path_info)
  File "C:\Python39\lib\site-packages\cherrypy\_cprequest.py", line 697, in _do_respond
    response.body = self.handler()
  File "C:\Python39\lib\site-packages\cherrypy\lib\encoding.py", line 219, in __call__
    self.body = self.oldhandler(*args, **kwargs)
  File "C:\Python39\lib\site-packages\cherrypy\_cpdispatch.py", line 54, in __call__
    return self.callable(*self.args, **self.kwargs)
  File "C:\Users\Schne\AppData\Local\Programs\Python\Python37\python-workspace\web\p1\webteams\app\application.py", line 23, in edit
    return self.create_form(id)
  File "C:\Users\Schne\AppData\Local\Programs\Python\Python37\python-workspace\web\p1\webteams\app\application.py", line 63, in create_form
    return self.view.create_form(id, data)
  File "C:\Users\Schne\AppData\Local\Programs\Python\Python37\python-workspace\web\p1\webteams\app\view.py", line 38, in create_form
    markup = template.render(data = data_param, key = id)
  File "C:\Python39\lib\site-packages\mako\template.py", line 476, in render
    return runtime._render(self, self.callable_, args, data)
  File "C:\Python39\lib\site-packages\mako\runtime.py", line 878, in _render
    _render_context(
  File "C:\Python39\lib\site-packages\mako\runtime.py", line 920, in _render_context
    _exec_template(inherit, lclcontext, args=args, kwargs=kwargs)
  File "C:\Python39\lib\site-packages\mako\runtime.py", line 947, in _exec_template
    callable_(context, *args, **kwargs)
  File "form_tpl", line 25, in render_body
TypeError: 'NoneType' object is not subscriptable
[22/Nov/2020:15:41:47] HTTP 
Request Headers:
  Remote-Addr: 127.0.0.1
  HOST: 127.0.0.1:8080
  USER-AGENT: Mozilla/5.0 (Windows NT 10.0; Win64; x64; rv:83.0) Gecko/20100101 Firefox/83.0
  ACCEPT: text/css,*/*;q=0.1
  ACCEPT-LANGUAGE: en-US,en;q=0.5
  ACCEPT-ENCODING: gzip, deflate
  DNT: 1
  CONNECTION: keep-alive
  REFERER: http://127.0.0.1:8080/edit/22
[23/Nov/2020:16:41:15] ENGINE Bus STARTING
[23/Nov/2020:16:41:16] ENGINE Serving on http://127.0.0.1:8080
[23/Nov/2020:16:41:16] ENGINE Bus STARTED
[23/Nov/2020:19:06:03] HTTP 
Traceback (most recent call last):
  File "C:\Python39\lib\site-packages\cherrypy\_cprequest.py", line 638, in respond
    self._do_respond(path_info)
  File "C:\Python39\lib\site-packages\cherrypy\_cprequest.py", line 697, in _do_respond
    response.body = self.handler()
  File "C:\Python39\lib\site-packages\cherrypy\lib\encoding.py", line 219, in __call__
    self.body = self.oldhandler(*args, **kwargs)
  File "C:\Python39\lib\site-packages\cherrypy\_cpdispatch.py", line 54, in __call__
    return self.callable(*self.args, **self.kwargs)
  File "C:\Users\Schne\AppData\Local\Programs\Python\Python37\python-workspace\web\p1\webteams\app\application.py", line 23, in edit
    return self.create_form(id)
  File "C:\Users\Schne\AppData\Local\Programs\Python\Python37\python-workspace\web\p1\webteams\app\application.py", line 63, in create_form
    return self.view.create_form(id, data)
  File "C:\Users\Schne\AppData\Local\Programs\Python\Python37\python-workspace\web\p1\webteams\app\view.py", line 38, in create_form
    markup = template.render(data = data_param, key = id)
  File "C:\Python39\lib\site-packages\mako\template.py", line 476, in render
    return runtime._render(self, self.callable_, args, data)
  File "C:\Python39\lib\site-packages\mako\runtime.py", line 878, in _render
    _render_context(
  File "C:\Python39\lib\site-packages\mako\runtime.py", line 920, in _render_context
    _exec_template(inherit, lclcontext, args=args, kwargs=kwargs)
  File "C:\Python39\lib\site-packages\mako\runtime.py", line 947, in _exec_template
    callable_(context, *args, **kwargs)
  File "form_tpl", line 25, in render_body
TypeError: 'NoneType' object is not subscriptable
[23/Nov/2020:19:06:03] HTTP 
Request Headers:
  Remote-Addr: 127.0.0.1
  HOST: 127.0.0.1:8080
  USER-AGENT: Mozilla/5.0 (Windows NT 10.0; Win64; x64; rv:83.0) Gecko/20100101 Firefox/83.0
  ACCEPT: text/css,*/*;q=0.1
  ACCEPT-LANGUAGE: en-US,en;q=0.5
  ACCEPT-ENCODING: gzip, deflate
  DNT: 1
  CONNECTION: keep-alive
  REFERER: http://127.0.0.1:8080/edit/18
[23/Nov/2020:19:06:45] HTTP 
Traceback (most recent call last):
  File "C:\Python39\lib\site-packages\cherrypy\_cprequest.py", line 638, in respond
    self._do_respond(path_info)
  File "C:\Python39\lib\site-packages\cherrypy\_cprequest.py", line 697, in _do_respond
    response.body = self.handler()
  File "C:\Python39\lib\site-packages\cherrypy\lib\encoding.py", line 219, in __call__
    self.body = self.oldhandler(*args, **kwargs)
  File "C:\Python39\lib\site-packages\cherrypy\_cpdispatch.py", line 54, in __call__
    return self.callable(*self.args, **self.kwargs)
  File "C:\Users\Schne\AppData\Local\Programs\Python\Python37\python-workspace\web\p1\webteams\app\application.py", line 23, in edit
    return self.create_form(id)
  File "C:\Users\Schne\AppData\Local\Programs\Python\Python37\python-workspace\web\p1\webteams\app\application.py", line 63, in create_form
    return self.view.create_form(id, data)
  File "C:\Users\Schne\AppData\Local\Programs\Python\Python37\python-workspace\web\p1\webteams\app\view.py", line 38, in create_form
    markup = template.render(data = data_param, key = id)
  File "C:\Python39\lib\site-packages\mako\template.py", line 476, in render
    return runtime._render(self, self.callable_, args, data)
  File "C:\Python39\lib\site-packages\mako\runtime.py", line 878, in _render
    _render_context(
  File "C:\Python39\lib\site-packages\mako\runtime.py", line 920, in _render_context
    _exec_template(inherit, lclcontext, args=args, kwargs=kwargs)
  File "C:\Python39\lib\site-packages\mako\runtime.py", line 947, in _exec_template
    callable_(context, *args, **kwargs)
  File "form_tpl", line 25, in render_body
TypeError: 'NoneType' object is not subscriptable
[23/Nov/2020:19:06:45] HTTP 
Request Headers:
  Remote-Addr: 127.0.0.1
  HOST: 127.0.0.1:8080
  USER-AGENT: Mozilla/5.0 (Windows NT 10.0; Win64; x64; rv:83.0) Gecko/20100101 Firefox/83.0
  ACCEPT: text/css,*/*;q=0.1
  ACCEPT-LANGUAGE: en-US,en;q=0.5
  ACCEPT-ENCODING: gzip, deflate
  DNT: 1
  CONNECTION: keep-alive
  REFERER: http://127.0.0.1:8080/edit/29
[23/Nov/2020:19:09:23] HTTP 
Traceback (most recent call last):
  File "C:\Python39\lib\site-packages\cherrypy\_cprequest.py", line 638, in respond
    self._do_respond(path_info)
  File "C:\Python39\lib\site-packages\cherrypy\_cprequest.py", line 697, in _do_respond
    response.body = self.handler()
  File "C:\Python39\lib\site-packages\cherrypy\lib\encoding.py", line 219, in __call__
    self.body = self.oldhandler(*args, **kwargs)
  File "C:\Python39\lib\site-packages\cherrypy\_cpdispatch.py", line 54, in __call__
    return self.callable(*self.args, **self.kwargs)
  File "C:\Users\Schne\AppData\Local\Programs\Python\Python37\python-workspace\web\p1\webteams\app\application.py", line 23, in edit
    return self.create_form(id)
  File "C:\Users\Schne\AppData\Local\Programs\Python\Python37\python-workspace\web\p1\webteams\app\application.py", line 63, in create_form
    return self.view.create_form(id, data)
  File "C:\Users\Schne\AppData\Local\Programs\Python\Python37\python-workspace\web\p1\webteams\app\view.py", line 38, in create_form
    markup = template.render(data = data_param, key = id)
  File "C:\Python39\lib\site-packages\mako\template.py", line 476, in render
    return runtime._render(self, self.callable_, args, data)
  File "C:\Python39\lib\site-packages\mako\runtime.py", line 878, in _render
    _render_context(
  File "C:\Python39\lib\site-packages\mako\runtime.py", line 920, in _render_context
    _exec_template(inherit, lclcontext, args=args, kwargs=kwargs)
  File "C:\Python39\lib\site-packages\mako\runtime.py", line 947, in _exec_template
    callable_(context, *args, **kwargs)
  File "form_tpl", line 25, in render_body
TypeError: 'NoneType' object is not subscriptable
[23/Nov/2020:19:09:23] HTTP 
Request Headers:
  Remote-Addr: 127.0.0.1
  HOST: 127.0.0.1:8080
  USER-AGENT: Mozilla/5.0 (Windows NT 10.0; Win64; x64; rv:83.0) Gecko/20100101 Firefox/83.0
  ACCEPT: text/css,*/*;q=0.1
  ACCEPT-LANGUAGE: en-US,en;q=0.5
  ACCEPT-ENCODING: gzip, deflate
  DNT: 1
  CONNECTION: keep-alive
  REFERER: http://127.0.0.1:8080/edit/19
[23/Nov/2020:19:52:10] HTTP 
Traceback (most recent call last):
  File "C:\Python39\lib\site-packages\cherrypy\_cprequest.py", line 638, in respond
    self._do_respond(path_info)
  File "C:\Python39\lib\site-packages\cherrypy\_cprequest.py", line 697, in _do_respond
    response.body = self.handler()
  File "C:\Python39\lib\site-packages\cherrypy\lib\encoding.py", line 219, in __call__
    self.body = self.oldhandler(*args, **kwargs)
  File "C:\Python39\lib\site-packages\cherrypy\_cpdispatch.py", line 54, in __call__
    return self.callable(*self.args, **self.kwargs)
  File "C:\Users\Schne\AppData\Local\Programs\Python\Python37\python-workspace\web\p1\webteams\app\application.py", line 23, in edit
    return self.create_form(id)
  File "C:\Users\Schne\AppData\Local\Programs\Python\Python37\python-workspace\web\p1\webteams\app\application.py", line 63, in create_form
    return self.view.create_form(id, data)
  File "C:\Users\Schne\AppData\Local\Programs\Python\Python37\python-workspace\web\p1\webteams\app\view.py", line 38, in create_form
    markup = template.render(data = data_param, key = id)
  File "C:\Python39\lib\site-packages\mako\template.py", line 476, in render
    return runtime._render(self, self.callable_, args, data)
  File "C:\Python39\lib\site-packages\mako\runtime.py", line 878, in _render
    _render_context(
  File "C:\Python39\lib\site-packages\mako\runtime.py", line 920, in _render_context
    _exec_template(inherit, lclcontext, args=args, kwargs=kwargs)
  File "C:\Python39\lib\site-packages\mako\runtime.py", line 947, in _exec_template
    callable_(context, *args, **kwargs)
  File "form_tpl", line 25, in render_body
TypeError: 'NoneType' object is not subscriptable
[23/Nov/2020:19:52:10] HTTP 
Request Headers:
  Remote-Addr: 127.0.0.1
  HOST: 127.0.0.1:8080
  USER-AGENT: Mozilla/5.0 (Windows NT 10.0; Win64; x64; rv:83.0) Gecko/20100101 Firefox/83.0
  ACCEPT: text/css,*/*;q=0.1
  ACCEPT-LANGUAGE: en-US,en;q=0.5
  ACCEPT-ENCODING: gzip, deflate
  DNT: 1
  CONNECTION: keep-alive
  REFERER: http://127.0.0.1:8080/edit/30
[23/Nov/2020:19:57:58] ENGINE Bus STOPPING
[23/Nov/2020:19:57:58] ENGINE HTTP Server cherrypy._cpwsgi_server.CPWSGIServer(('127.0.0.1', 8080)) shut down
[23/Nov/2020:19:57:58] ENGINE Bus STOPPED
[23/Nov/2020:19:57:58] ENGINE Bus EXITING
[23/Nov/2020:19:57:58] ENGINE Bus EXITED
[23/Nov/2020:19:57:58] ENGINE Waiting for child threads to terminate...
[23/Nov/2020:19:57:58] ENGINE Waiting for thread CP Server Thread-10.
[23/Nov/2020:19:58:09] ENGINE Bus STARTING
[23/Nov/2020:19:58:10] ENGINE Serving on http://127.0.0.1:8080
[23/Nov/2020:19:58:10] ENGINE Bus STARTED
[23/Nov/2020:20:35:18] HTTP 
Traceback (most recent call last):
  File "C:\Python39\lib\site-packages\cherrypy\_cprequest.py", line 638, in respond
    self._do_respond(path_info)
  File "C:\Python39\lib\site-packages\cherrypy\_cprequest.py", line 697, in _do_respond
    response.body = self.handler()
  File "C:\Python39\lib\site-packages\cherrypy\lib\encoding.py", line 219, in __call__
    self.body = self.oldhandler(*args, **kwargs)
  File "C:\Python39\lib\site-packages\cherrypy\_cpdispatch.py", line 54, in __call__
    return self.callable(*self.args, **self.kwargs)
  File "C:\Users\Schne\AppData\Local\Programs\Python\Python37\python-workspace\web\p1\webteams\app\application.py", line 23, in edit
    return self.create_form(id)
  File "C:\Users\Schne\AppData\Local\Programs\Python\Python37\python-workspace\web\p1\webteams\app\application.py", line 63, in create_form
    return self.view.create_form(id, data)
  File "C:\Users\Schne\AppData\Local\Programs\Python\Python37\python-workspace\web\p1\webteams\app\view.py", line 38, in create_form
    markup = template.render(data = data_param, key = id)
  File "C:\Python39\lib\site-packages\mako\template.py", line 476, in render
    return runtime._render(self, self.callable_, args, data)
  File "C:\Python39\lib\site-packages\mako\runtime.py", line 878, in _render
    _render_context(
  File "C:\Python39\lib\site-packages\mako\runtime.py", line 920, in _render_context
    _exec_template(inherit, lclcontext, args=args, kwargs=kwargs)
  File "C:\Python39\lib\site-packages\mako\runtime.py", line 947, in _exec_template
    callable_(context, *args, **kwargs)
  File "form_tpl", line 25, in render_body
TypeError: 'NoneType' object is not subscriptable
[23/Nov/2020:20:35:18] HTTP 
Request Headers:
  Remote-Addr: 127.0.0.1
  HOST: 127.0.0.1:8080
  USER-AGENT: Mozilla/5.0 (Windows NT 10.0; Win64; x64; rv:83.0) Gecko/20100101 Firefox/83.0
  ACCEPT: text/css,*/*;q=0.1
  ACCEPT-LANGUAGE: en-US,en;q=0.5
  ACCEPT-ENCODING: gzip, deflate
  DNT: 1
  CONNECTION: keep-alive
  REFERER: http://127.0.0.1:8080/edit/33
[23/Nov/2020:20:36:26] ENGINE Bus STOPPING
[23/Nov/2020:20:36:26] ENGINE HTTP Server cherrypy._cpwsgi_server.CPWSGIServer(('127.0.0.1', 8080)) shut down
[23/Nov/2020:20:36:26] ENGINE Bus STOPPED
[23/Nov/2020:20:36:26] ENGINE Bus EXITING
[23/Nov/2020:20:36:26] ENGINE Waiting for child threads to terminate...
[23/Nov/2020:20:36:26] ENGINE Bus EXITED
[23/Nov/2020:20:36:26] ENGINE Waiting for thread CP Server Thread-4.
[23/Nov/2020:20:36:37] ENGINE Bus STARTING
[23/Nov/2020:20:36:37] ENGINE Serving on http://127.0.0.1:8080
[23/Nov/2020:20:36:37] ENGINE Bus STARTED
[24/Nov/2020:21:01:57] ENGINE Bus STARTING
[24/Nov/2020:21:01:57] ENGINE Serving on http://127.0.0.1:8080
[24/Nov/2020:21:01:57] ENGINE Bus STARTED
[25/Nov/2020:13:48:58] ENGINE Bus STARTING
[25/Nov/2020:13:48:58] ENGINE Serving on http://127.0.0.1:8080
[25/Nov/2020:13:48:58] ENGINE Bus STARTED
[25/Nov/2020:15:19:42] ENGINE Bus STOPPING
[25/Nov/2020:15:19:42] ENGINE HTTP Server cherrypy._cpwsgi_server.CPWSGIServer(('127.0.0.1', 8080)) shut down
[25/Nov/2020:15:19:42] ENGINE Bus STOPPED
[25/Nov/2020:15:19:42] ENGINE Bus EXITING
[25/Nov/2020:15:19:42] ENGINE Waiting for child threads to terminate...
[25/Nov/2020:15:19:42] ENGINE Bus EXITED
[25/Nov/2020:15:19:42] ENGINE Waiting for thread CP Server Thread-2.
[25/Nov/2020:15:19:53] ENGINE Bus STARTING
[25/Nov/2020:15:19:53] ENGINE Serving on http://127.0.0.1:8080
[25/Nov/2020:15:19:53] ENGINE Bus STARTED
[25/Nov/2020:17:27:51] ENGINE Bus STARTING
[25/Nov/2020:17:27:52] ENGINE Serving on http://127.0.0.1:8080
[25/Nov/2020:17:27:52] ENGINE Bus STARTED
[25/Nov/2020:19:25:27] HTTP 
Traceback (most recent call last):
  File "C:\Python39\lib\site-packages\cherrypy\_cprequest.py", line 638, in respond
    self._do_respond(path_info)
  File "C:\Python39\lib\site-packages\cherrypy\_cprequest.py", line 697, in _do_respond
    response.body = self.handler()
  File "C:\Python39\lib\site-packages\cherrypy\lib\encoding.py", line 219, in __call__
    self.body = self.oldhandler(*args, **kwargs)
  File "C:\Python39\lib\site-packages\cherrypy\_cpdispatch.py", line 54, in __call__
    return self.callable(*self.args, **self.kwargs)
  File "C:\Users\Schne\AppData\Local\Programs\Python\Python37\python-workspace\web\p1\webteams\app\application.py", line 23, in edit
    return self.create_form(id)
  File "C:\Users\Schne\AppData\Local\Programs\Python\Python37\python-workspace\web\p1\webteams\app\application.py", line 63, in create_form
    return self.view.create_form(id, data)
  File "C:\Users\Schne\AppData\Local\Programs\Python\Python37\python-workspace\web\p1\webteams\app\view.py", line 38, in create_form
    markup = template.render(data = data_param, key = id)
  File "C:\Python39\lib\site-packages\mako\template.py", line 476, in render
    return runtime._render(self, self.callable_, args, data)
  File "C:\Python39\lib\site-packages\mako\runtime.py", line 878, in _render
    _render_context(
  File "C:\Python39\lib\site-packages\mako\runtime.py", line 920, in _render_context
    _exec_template(inherit, lclcontext, args=args, kwargs=kwargs)
  File "C:\Python39\lib\site-packages\mako\runtime.py", line 947, in _exec_template
    callable_(context, *args, **kwargs)
  File "form_tpl", line 25, in render_body
TypeError: 'NoneType' object is not subscriptable
[25/Nov/2020:19:25:27] HTTP 
Traceback (most recent call last):
  File "C:\Python39\lib\site-packages\cherrypy\_cprequest.py", line 638, in respond
    self._do_respond(path_info)
  File "C:\Python39\lib\site-packages\cherrypy\_cprequest.py", line 697, in _do_respond
    response.body = self.handler()
  File "C:\Python39\lib\site-packages\cherrypy\lib\encoding.py", line 219, in __call__
    self.body = self.oldhandler(*args, **kwargs)
  File "C:\Python39\lib\site-packages\cherrypy\_cpdispatch.py", line 54, in __call__
    return self.callable(*self.args, **self.kwargs)
  File "C:\Users\Schne\AppData\Local\Programs\Python\Python37\python-workspace\web\p1\webteams\app\application.py", line 23, in edit
    return self.create_form(id)
  File "C:\Users\Schne\AppData\Local\Programs\Python\Python37\python-workspace\web\p1\webteams\app\application.py", line 63, in create_form
    return self.view.create_form(id, data)
  File "C:\Users\Schne\AppData\Local\Programs\Python\Python37\python-workspace\web\p1\webteams\app\view.py", line 38, in create_form
    markup = template.render(data = data_param, key = id)
  File "C:\Python39\lib\site-packages\mako\template.py", line 476, in render
    return runtime._render(self, self.callable_, args, data)
  File "C:\Python39\lib\site-packages\mako\runtime.py", line 878, in _render
    _render_context(
  File "C:\Python39\lib\site-packages\mako\runtime.py", line 920, in _render_context
    _exec_template(inherit, lclcontext, args=args, kwargs=kwargs)
  File "C:\Python39\lib\site-packages\mako\runtime.py", line 947, in _exec_template
    callable_(context, *args, **kwargs)
  File "form_tpl", line 25, in render_body
TypeError: 'NoneType' object is not subscriptable
[25/Nov/2020:19:25:27] HTTP 
Request Headers:
  Remote-Addr: 127.0.0.1
  HOST: 127.0.0.1:8080
  USER-AGENT: Mozilla/5.0 (Windows NT 10.0; Win64; x64; rv:83.0) Gecko/20100101 Firefox/83.0
  ACCEPT: text/css,*/*;q=0.1
  ACCEPT-LANGUAGE: en-US,en;q=0.5
  ACCEPT-ENCODING: gzip, deflate
  DNT: 1
  CONNECTION: keep-alive
  REFERER: http://127.0.0.1:8080/edit/34
[25/Nov/2020:19:25:27] HTTP 
Request Headers:
  Remote-Addr: 127.0.0.1
  HOST: 127.0.0.1:8080
  USER-AGENT: Mozilla/5.0 (Windows NT 10.0; Win64; x64; rv:83.0) Gecko/20100101 Firefox/83.0
  ACCEPT: */*
  ACCEPT-LANGUAGE: en-US,en;q=0.5
  ACCEPT-ENCODING: gzip, deflate
  DNT: 1
  CONNECTION: keep-alive
  REFERER: http://127.0.0.1:8080/edit/34
[25/Nov/2020:19:25:32] HTTP 
Traceback (most recent call last):
  File "C:\Python39\lib\site-packages\cherrypy\_cprequest.py", line 638, in respond
    self._do_respond(path_info)
  File "C:\Python39\lib\site-packages\cherrypy\_cprequest.py", line 697, in _do_respond
    response.body = self.handler()
  File "C:\Python39\lib\site-packages\cherrypy\lib\encoding.py", line 219, in __call__
    self.body = self.oldhandler(*args, **kwargs)
  File "C:\Python39\lib\site-packages\cherrypy\_cpdispatch.py", line 54, in __call__
    return self.callable(*self.args, **self.kwargs)
  File "C:\Users\Schne\AppData\Local\Programs\Python\Python37\python-workspace\web\p1\webteams\app\application.py", line 23, in edit
    return self.create_form(id)
  File "C:\Users\Schne\AppData\Local\Programs\Python\Python37\python-workspace\web\p1\webteams\app\application.py", line 63, in create_form
    return self.view.create_form(id, data)
  File "C:\Users\Schne\AppData\Local\Programs\Python\Python37\python-workspace\web\p1\webteams\app\view.py", line 38, in create_form
    markup = template.render(data = data_param, key = id)
  File "C:\Python39\lib\site-packages\mako\template.py", line 476, in render
    return runtime._render(self, self.callable_, args, data)
  File "C:\Python39\lib\site-packages\mako\runtime.py", line 878, in _render
    _render_context(
  File "C:\Python39\lib\site-packages\mako\runtime.py", line 920, in _render_context
    _exec_template(inherit, lclcontext, args=args, kwargs=kwargs)
  File "C:\Python39\lib\site-packages\mako\runtime.py", line 947, in _exec_template
    callable_(context, *args, **kwargs)
  File "form_tpl", line 25, in render_body
TypeError: 'NoneType' object is not subscriptable
[25/Nov/2020:19:25:32] HTTP 
Traceback (most recent call last):
  File "C:\Python39\lib\site-packages\cherrypy\_cprequest.py", line 638, in respond
    self._do_respond(path_info)
  File "C:\Python39\lib\site-packages\cherrypy\_cprequest.py", line 697, in _do_respond
    response.body = self.handler()
  File "C:\Python39\lib\site-packages\cherrypy\lib\encoding.py", line 219, in __call__
    self.body = self.oldhandler(*args, **kwargs)
  File "C:\Python39\lib\site-packages\cherrypy\_cpdispatch.py", line 54, in __call__
    return self.callable(*self.args, **self.kwargs)
  File "C:\Users\Schne\AppData\Local\Programs\Python\Python37\python-workspace\web\p1\webteams\app\application.py", line 23, in edit
    return self.create_form(id)
  File "C:\Users\Schne\AppData\Local\Programs\Python\Python37\python-workspace\web\p1\webteams\app\application.py", line 63, in create_form
    return self.view.create_form(id, data)
  File "C:\Users\Schne\AppData\Local\Programs\Python\Python37\python-workspace\web\p1\webteams\app\view.py", line 38, in create_form
    markup = template.render(data = data_param, key = id)
  File "C:\Python39\lib\site-packages\mako\template.py", line 476, in render
    return runtime._render(self, self.callable_, args, data)
  File "C:\Python39\lib\site-packages\mako\runtime.py", line 878, in _render
    _render_context(
  File "C:\Python39\lib\site-packages\mako\runtime.py", line 920, in _render_context
    _exec_template(inherit, lclcontext, args=args, kwargs=kwargs)
  File "C:\Python39\lib\site-packages\mako\runtime.py", line 947, in _exec_template
    callable_(context, *args, **kwargs)
  File "form_tpl", line 25, in render_body
TypeError: 'NoneType' object is not subscriptable
[25/Nov/2020:19:25:32] HTTP 
Request Headers:
  Remote-Addr: 127.0.0.1
  HOST: 127.0.0.1:8080
  USER-AGENT: Mozilla/5.0 (Windows NT 10.0; Win64; x64; rv:83.0) Gecko/20100101 Firefox/83.0
  ACCEPT: text/css,*/*;q=0.1
  ACCEPT-LANGUAGE: en-US,en;q=0.5
  ACCEPT-ENCODING: gzip, deflate
  DNT: 1
  CONNECTION: keep-alive
  REFERER: http://127.0.0.1:8080/edit/34
  CACHE-CONTROL: max-age=0
[25/Nov/2020:19:25:32] HTTP 
Request Headers:
  Remote-Addr: 127.0.0.1
  HOST: 127.0.0.1:8080
  USER-AGENT: Mozilla/5.0 (Windows NT 10.0; Win64; x64; rv:83.0) Gecko/20100101 Firefox/83.0
  ACCEPT: */*
  ACCEPT-LANGUAGE: en-US,en;q=0.5
  ACCEPT-ENCODING: gzip, deflate
  DNT: 1
  CONNECTION: keep-alive
  REFERER: http://127.0.0.1:8080/edit/34
  CACHE-CONTROL: max-age=0
[25/Nov/2020:19:26:07] HTTP 
Traceback (most recent call last):
  File "C:\Python39\lib\site-packages\cherrypy\_cprequest.py", line 638, in respond
    self._do_respond(path_info)
  File "C:\Python39\lib\site-packages\cherrypy\_cprequest.py", line 697, in _do_respond
    response.body = self.handler()
  File "C:\Python39\lib\site-packages\cherrypy\lib\encoding.py", line 219, in __call__
    self.body = self.oldhandler(*args, **kwargs)
  File "C:\Python39\lib\site-packages\cherrypy\_cpdispatch.py", line 54, in __call__
    return self.callable(*self.args, **self.kwargs)
  File "C:\Users\Schne\AppData\Local\Programs\Python\Python37\python-workspace\web\p1\webteams\app\application.py", line 23, in edit
    return self.create_form(id)
  File "C:\Users\Schne\AppData\Local\Programs\Python\Python37\python-workspace\web\p1\webteams\app\application.py", line 63, in create_form
    return self.view.create_form(id, data)
  File "C:\Users\Schne\AppData\Local\Programs\Python\Python37\python-workspace\web\p1\webteams\app\view.py", line 38, in create_form
    markup = template.render(data = data_param, key = id)
  File "C:\Python39\lib\site-packages\mako\template.py", line 476, in render
    return runtime._render(self, self.callable_, args, data)
  File "C:\Python39\lib\site-packages\mako\runtime.py", line 878, in _render
    _render_context(
  File "C:\Python39\lib\site-packages\mako\runtime.py", line 920, in _render_context
    _exec_template(inherit, lclcontext, args=args, kwargs=kwargs)
  File "C:\Python39\lib\site-packages\mako\runtime.py", line 947, in _exec_template
    callable_(context, *args, **kwargs)
  File "form_tpl", line 25, in render_body
TypeError: 'NoneType' object is not subscriptable
[25/Nov/2020:19:26:07] HTTP 
Traceback (most recent call last):
  File "C:\Python39\lib\site-packages\cherrypy\_cprequest.py", line 638, in respond
    self._do_respond(path_info)
  File "C:\Python39\lib\site-packages\cherrypy\_cprequest.py", line 697, in _do_respond
    response.body = self.handler()
  File "C:\Python39\lib\site-packages\cherrypy\lib\encoding.py", line 219, in __call__
    self.body = self.oldhandler(*args, **kwargs)
  File "C:\Python39\lib\site-packages\cherrypy\_cpdispatch.py", line 54, in __call__
    return self.callable(*self.args, **self.kwargs)
  File "C:\Users\Schne\AppData\Local\Programs\Python\Python37\python-workspace\web\p1\webteams\app\application.py", line 23, in edit
    return self.create_form(id)
  File "C:\Users\Schne\AppData\Local\Programs\Python\Python37\python-workspace\web\p1\webteams\app\application.py", line 63, in create_form
    return self.view.create_form(id, data)
  File "C:\Users\Schne\AppData\Local\Programs\Python\Python37\python-workspace\web\p1\webteams\app\view.py", line 38, in create_form
    markup = template.render(data = data_param, key = id)
  File "C:\Python39\lib\site-packages\mako\template.py", line 476, in render
    return runtime._render(self, self.callable_, args, data)
  File "C:\Python39\lib\site-packages\mako\runtime.py", line 878, in _render
    _render_context(
  File "C:\Python39\lib\site-packages\mako\runtime.py", line 920, in _render_context
    _exec_template(inherit, lclcontext, args=args, kwargs=kwargs)
  File "C:\Python39\lib\site-packages\mako\runtime.py", line 947, in _exec_template
    callable_(context, *args, **kwargs)
  File "form_tpl", line 25, in render_body
TypeError: 'NoneType' object is not subscriptable
[25/Nov/2020:19:26:07] HTTP 
Request Headers:
  Remote-Addr: 127.0.0.1
  HOST: 127.0.0.1:8080
  USER-AGENT: Mozilla/5.0 (Windows NT 10.0; Win64; x64; rv:83.0) Gecko/20100101 Firefox/83.0
  ACCEPT: text/css,*/*;q=0.1
  ACCEPT-LANGUAGE: en-US,en;q=0.5
  ACCEPT-ENCODING: gzip, deflate
  DNT: 1
  CONNECTION: keep-alive
  REFERER: http://127.0.0.1:8080/edit/34
  CACHE-CONTROL: max-age=0
[25/Nov/2020:19:26:07] HTTP 
Request Headers:
  Remote-Addr: 127.0.0.1
  HOST: 127.0.0.1:8080
  USER-AGENT: Mozilla/5.0 (Windows NT 10.0; Win64; x64; rv:83.0) Gecko/20100101 Firefox/83.0
  ACCEPT: */*
  ACCEPT-LANGUAGE: en-US,en;q=0.5
  ACCEPT-ENCODING: gzip, deflate
  DNT: 1
  CONNECTION: keep-alive
  REFERER: http://127.0.0.1:8080/edit/34
  CACHE-CONTROL: max-age=0
[25/Nov/2020:19:26:25] HTTP 
Traceback (most recent call last):
  File "C:\Python39\lib\site-packages\cherrypy\_cprequest.py", line 638, in respond
    self._do_respond(path_info)
  File "C:\Python39\lib\site-packages\cherrypy\_cprequest.py", line 697, in _do_respond
    response.body = self.handler()
  File "C:\Python39\lib\site-packages\cherrypy\lib\encoding.py", line 219, in __call__
    self.body = self.oldhandler(*args, **kwargs)
  File "C:\Python39\lib\site-packages\cherrypy\_cpdispatch.py", line 54, in __call__
    return self.callable(*self.args, **self.kwargs)
  File "C:\Users\Schne\AppData\Local\Programs\Python\Python37\python-workspace\web\p1\webteams\app\application.py", line 23, in edit
    return self.create_form(id)
  File "C:\Users\Schne\AppData\Local\Programs\Python\Python37\python-workspace\web\p1\webteams\app\application.py", line 63, in create_form
    return self.view.create_form(id, data)
  File "C:\Users\Schne\AppData\Local\Programs\Python\Python37\python-workspace\web\p1\webteams\app\view.py", line 38, in create_form
    markup = template.render(data = data_param, key = id)
  File "C:\Python39\lib\site-packages\mako\template.py", line 476, in render
    return runtime._render(self, self.callable_, args, data)
  File "C:\Python39\lib\site-packages\mako\runtime.py", line 878, in _render
    _render_context(
  File "C:\Python39\lib\site-packages\mako\runtime.py", line 920, in _render_context
    _exec_template(inherit, lclcontext, args=args, kwargs=kwargs)
  File "C:\Python39\lib\site-packages\mako\runtime.py", line 947, in _exec_template
    callable_(context, *args, **kwargs)
  File "form_tpl", line 25, in render_body
TypeError: 'NoneType' object is not subscriptable
[25/Nov/2020:19:26:25] HTTP 
Traceback (most recent call last):
  File "C:\Python39\lib\site-packages\cherrypy\_cprequest.py", line 638, in respond
    self._do_respond(path_info)
  File "C:\Python39\lib\site-packages\cherrypy\_cprequest.py", line 697, in _do_respond
    response.body = self.handler()
  File "C:\Python39\lib\site-packages\cherrypy\lib\encoding.py", line 219, in __call__
    self.body = self.oldhandler(*args, **kwargs)
  File "C:\Python39\lib\site-packages\cherrypy\_cpdispatch.py", line 54, in __call__
    return self.callable(*self.args, **self.kwargs)
  File "C:\Users\Schne\AppData\Local\Programs\Python\Python37\python-workspace\web\p1\webteams\app\application.py", line 23, in edit
    return self.create_form(id)
  File "C:\Users\Schne\AppData\Local\Programs\Python\Python37\python-workspace\web\p1\webteams\app\application.py", line 63, in create_form
    return self.view.create_form(id, data)
  File "C:\Users\Schne\AppData\Local\Programs\Python\Python37\python-workspace\web\p1\webteams\app\view.py", line 38, in create_form
    markup = template.render(data = data_param, key = id)
  File "C:\Python39\lib\site-packages\mako\template.py", line 476, in render
    return runtime._render(self, self.callable_, args, data)
  File "C:\Python39\lib\site-packages\mako\runtime.py", line 878, in _render
    _render_context(
  File "C:\Python39\lib\site-packages\mako\runtime.py", line 920, in _render_context
    _exec_template(inherit, lclcontext, args=args, kwargs=kwargs)
  File "C:\Python39\lib\site-packages\mako\runtime.py", line 947, in _exec_template
    callable_(context, *args, **kwargs)
  File "form_tpl", line 25, in render_body
TypeError: 'NoneType' object is not subscriptable
[25/Nov/2020:19:26:25] HTTP 
Request Headers:
  Remote-Addr: 127.0.0.1
  HOST: 127.0.0.1:8080
  USER-AGENT: Mozilla/5.0 (Windows NT 10.0; Win64; x64; rv:83.0) Gecko/20100101 Firefox/83.0
  ACCEPT: text/css,*/*;q=0.1
  ACCEPT-LANGUAGE: en-US,en;q=0.5
  ACCEPT-ENCODING: gzip, deflate
  DNT: 1
  CONNECTION: keep-alive
  REFERER: http://127.0.0.1:8080/edit/34
[25/Nov/2020:19:26:25] HTTP 
Request Headers:
  Remote-Addr: 127.0.0.1
  HOST: 127.0.0.1:8080
  USER-AGENT: Mozilla/5.0 (Windows NT 10.0; Win64; x64; rv:83.0) Gecko/20100101 Firefox/83.0
  ACCEPT: */*
  ACCEPT-LANGUAGE: en-US,en;q=0.5
  ACCEPT-ENCODING: gzip, deflate
  DNT: 1
  CONNECTION: keep-alive
  REFERER: http://127.0.0.1:8080/edit/34
[25/Nov/2020:19:26:38] HTTP 
Traceback (most recent call last):
  File "C:\Python39\lib\site-packages\cherrypy\_cprequest.py", line 638, in respond
    self._do_respond(path_info)
  File "C:\Python39\lib\site-packages\cherrypy\_cprequest.py", line 697, in _do_respond
    response.body = self.handler()
  File "C:\Python39\lib\site-packages\cherrypy\lib\encoding.py", line 219, in __call__
    self.body = self.oldhandler(*args, **kwargs)
  File "C:\Python39\lib\site-packages\cherrypy\_cpdispatch.py", line 54, in __call__
    return self.callable(*self.args, **self.kwargs)
  File "C:\Users\Schne\AppData\Local\Programs\Python\Python37\python-workspace\web\p1\webteams\app\application.py", line 23, in edit
    return self.create_form(id)
  File "C:\Users\Schne\AppData\Local\Programs\Python\Python37\python-workspace\web\p1\webteams\app\application.py", line 63, in create_form
    return self.view.create_form(id, data)
  File "C:\Users\Schne\AppData\Local\Programs\Python\Python37\python-workspace\web\p1\webteams\app\view.py", line 38, in create_form
    markup = template.render(data = data_param, key = id)
  File "C:\Python39\lib\site-packages\mako\template.py", line 476, in render
    return runtime._render(self, self.callable_, args, data)
  File "C:\Python39\lib\site-packages\mako\runtime.py", line 878, in _render
    _render_context(
  File "C:\Python39\lib\site-packages\mako\runtime.py", line 920, in _render_context
    _exec_template(inherit, lclcontext, args=args, kwargs=kwargs)
  File "C:\Python39\lib\site-packages\mako\runtime.py", line 947, in _exec_template
    callable_(context, *args, **kwargs)
  File "form_tpl", line 25, in render_body
TypeError: 'NoneType' object is not subscriptable
[25/Nov/2020:19:26:38] HTTP 
Traceback (most recent call last):
  File "C:\Python39\lib\site-packages\cherrypy\_cprequest.py", line 638, in respond
    self._do_respond(path_info)
  File "C:\Python39\lib\site-packages\cherrypy\_cprequest.py", line 697, in _do_respond
    response.body = self.handler()
  File "C:\Python39\lib\site-packages\cherrypy\lib\encoding.py", line 219, in __call__
    self.body = self.oldhandler(*args, **kwargs)
  File "C:\Python39\lib\site-packages\cherrypy\_cpdispatch.py", line 54, in __call__
    return self.callable(*self.args, **self.kwargs)
  File "C:\Users\Schne\AppData\Local\Programs\Python\Python37\python-workspace\web\p1\webteams\app\application.py", line 23, in edit
    return self.create_form(id)
  File "C:\Users\Schne\AppData\Local\Programs\Python\Python37\python-workspace\web\p1\webteams\app\application.py", line 63, in create_form
    return self.view.create_form(id, data)
  File "C:\Users\Schne\AppData\Local\Programs\Python\Python37\python-workspace\web\p1\webteams\app\view.py", line 38, in create_form
    markup = template.render(data = data_param, key = id)
  File "C:\Python39\lib\site-packages\mako\template.py", line 476, in render
    return runtime._render(self, self.callable_, args, data)
  File "C:\Python39\lib\site-packages\mako\runtime.py", line 878, in _render
    _render_context(
  File "C:\Python39\lib\site-packages\mako\runtime.py", line 920, in _render_context
    _exec_template(inherit, lclcontext, args=args, kwargs=kwargs)
  File "C:\Python39\lib\site-packages\mako\runtime.py", line 947, in _exec_template
    callable_(context, *args, **kwargs)
  File "form_tpl", line 25, in render_body
TypeError: 'NoneType' object is not subscriptable
[25/Nov/2020:19:26:38] HTTP 
Request Headers:
  Remote-Addr: 127.0.0.1
  HOST: 127.0.0.1:8080
  USER-AGENT: Mozilla/5.0 (Windows NT 10.0; Win64; x64; rv:83.0) Gecko/20100101 Firefox/83.0
  ACCEPT: */*
  ACCEPT-LANGUAGE: en-US,en;q=0.5
  ACCEPT-ENCODING: gzip, deflate
  DNT: 1
  CONNECTION: keep-alive
  REFERER: http://127.0.0.1:8080/edit/34
[25/Nov/2020:19:26:38] HTTP 
Request Headers:
  Remote-Addr: 127.0.0.1
  HOST: 127.0.0.1:8080
  USER-AGENT: Mozilla/5.0 (Windows NT 10.0; Win64; x64; rv:83.0) Gecko/20100101 Firefox/83.0
  ACCEPT: text/css,*/*;q=0.1
  ACCEPT-LANGUAGE: en-US,en;q=0.5
  ACCEPT-ENCODING: gzip, deflate
  DNT: 1
  CONNECTION: keep-alive
  REFERER: http://127.0.0.1:8080/edit/34
[25/Nov/2020:19:28:01] HTTP 
Traceback (most recent call last):
  File "C:\Python39\lib\site-packages\cherrypy\_cprequest.py", line 638, in respond
    self._do_respond(path_info)
  File "C:\Python39\lib\site-packages\cherrypy\_cprequest.py", line 697, in _do_respond
    response.body = self.handler()
  File "C:\Python39\lib\site-packages\cherrypy\lib\encoding.py", line 219, in __call__
    self.body = self.oldhandler(*args, **kwargs)
  File "C:\Python39\lib\site-packages\cherrypy\_cpdispatch.py", line 54, in __call__
    return self.callable(*self.args, **self.kwargs)
  File "C:\Users\Schne\AppData\Local\Programs\Python\Python37\python-workspace\web\p1\webteams\app\application.py", line 23, in edit
    return self.create_form(id)
  File "C:\Users\Schne\AppData\Local\Programs\Python\Python37\python-workspace\web\p1\webteams\app\application.py", line 63, in create_form
    return self.view.create_form(id, data)
  File "C:\Users\Schne\AppData\Local\Programs\Python\Python37\python-workspace\web\p1\webteams\app\view.py", line 38, in create_form
    markup = template.render(data = data_param, key = id)
  File "C:\Python39\lib\site-packages\mako\template.py", line 476, in render
    return runtime._render(self, self.callable_, args, data)
  File "C:\Python39\lib\site-packages\mako\runtime.py", line 878, in _render
    _render_context(
  File "C:\Python39\lib\site-packages\mako\runtime.py", line 920, in _render_context
    _exec_template(inherit, lclcontext, args=args, kwargs=kwargs)
  File "C:\Python39\lib\site-packages\mako\runtime.py", line 947, in _exec_template
    callable_(context, *args, **kwargs)
  File "form_tpl", line 25, in render_body
TypeError: 'NoneType' object is not subscriptable
[25/Nov/2020:19:28:01] HTTP 
Traceback (most recent call last):
  File "C:\Python39\lib\site-packages\cherrypy\_cprequest.py", line 638, in respond
    self._do_respond(path_info)
  File "C:\Python39\lib\site-packages\cherrypy\_cprequest.py", line 697, in _do_respond
    response.body = self.handler()
  File "C:\Python39\lib\site-packages\cherrypy\lib\encoding.py", line 219, in __call__
    self.body = self.oldhandler(*args, **kwargs)
  File "C:\Python39\lib\site-packages\cherrypy\_cpdispatch.py", line 54, in __call__
    return self.callable(*self.args, **self.kwargs)
  File "C:\Users\Schne\AppData\Local\Programs\Python\Python37\python-workspace\web\p1\webteams\app\application.py", line 23, in edit
    return self.create_form(id)
  File "C:\Users\Schne\AppData\Local\Programs\Python\Python37\python-workspace\web\p1\webteams\app\application.py", line 63, in create_form
    return self.view.create_form(id, data)
  File "C:\Users\Schne\AppData\Local\Programs\Python\Python37\python-workspace\web\p1\webteams\app\view.py", line 38, in create_form
    markup = template.render(data = data_param, key = id)
  File "C:\Python39\lib\site-packages\mako\template.py", line 476, in render
    return runtime._render(self, self.callable_, args, data)
  File "C:\Python39\lib\site-packages\mako\runtime.py", line 878, in _render
    _render_context(
  File "C:\Python39\lib\site-packages\mako\runtime.py", line 920, in _render_context
    _exec_template(inherit, lclcontext, args=args, kwargs=kwargs)
  File "C:\Python39\lib\site-packages\mako\runtime.py", line 947, in _exec_template
    callable_(context, *args, **kwargs)
  File "form_tpl", line 25, in render_body
TypeError: 'NoneType' object is not subscriptable
[25/Nov/2020:19:28:01] HTTP 
Request Headers:
  Remote-Addr: 127.0.0.1
  HOST: 127.0.0.1:8080
  CONNECTION: keep-alive
  USER-AGENT: Mozilla/5.0 (Windows NT 10.0; Win64; x64) AppleWebKit/537.36 (KHTML, like Gecko) Chrome/87.0.4280.66 Safari/537.36
  DNT: 1
  ACCEPT: text/css,*/*;q=0.1
  SEC-FETCH-SITE: same-origin
  SEC-FETCH-MODE: no-cors
  SEC-FETCH-DEST: style
  REFERER: http://127.0.0.1:8080/edit/25
  ACCEPT-ENCODING: gzip, deflate, br
  ACCEPT-LANGUAGE: de,en-US;q=0.9,en;q=0.8
[25/Nov/2020:19:28:01] HTTP 
Request Headers:
  Remote-Addr: 127.0.0.1
  HOST: 127.0.0.1:8080
  CONNECTION: keep-alive
  USER-AGENT: Mozilla/5.0 (Windows NT 10.0; Win64; x64) AppleWebKit/537.36 (KHTML, like Gecko) Chrome/87.0.4280.66 Safari/537.36
  DNT: 1
  ACCEPT: */*
  SEC-FETCH-SITE: same-origin
  SEC-FETCH-MODE: no-cors
  SEC-FETCH-DEST: script
  REFERER: http://127.0.0.1:8080/edit/25
  ACCEPT-ENCODING: gzip, deflate, br
  ACCEPT-LANGUAGE: de,en-US;q=0.9,en;q=0.8
[25/Nov/2020:19:28:23] ENGINE Bus STOPPING
[25/Nov/2020:19:28:23] ENGINE HTTP Server cherrypy._cpwsgi_server.CPWSGIServer(('127.0.0.1', 8080)) shut down
[25/Nov/2020:19:28:23] ENGINE Bus STOPPED
[25/Nov/2020:19:28:23] ENGINE Bus EXITING
[25/Nov/2020:19:28:23] ENGINE Waiting for child threads to terminate...
[25/Nov/2020:19:28:23] ENGINE Bus EXITED
[25/Nov/2020:19:28:23] ENGINE Waiting for thread CP Server Thread-9.
[25/Nov/2020:19:28:34] ENGINE Bus STARTING
[25/Nov/2020:19:28:34] ENGINE Serving on http://127.0.0.1:8080
[25/Nov/2020:19:28:34] ENGINE Bus STARTED
[25/Nov/2020:19:28:50] HTTP 
Traceback (most recent call last):
  File "C:\Python39\lib\site-packages\cherrypy\_cprequest.py", line 638, in respond
    self._do_respond(path_info)
  File "C:\Python39\lib\site-packages\cherrypy\_cprequest.py", line 697, in _do_respond
    response.body = self.handler()
  File "C:\Python39\lib\site-packages\cherrypy\lib\encoding.py", line 219, in __call__
    self.body = self.oldhandler(*args, **kwargs)
  File "C:\Python39\lib\site-packages\cherrypy\_cpdispatch.py", line 54, in __call__
    return self.callable(*self.args, **self.kwargs)
  File "C:\Users\Schne\AppData\Local\Programs\Python\Python37\python-workspace\web\p1\webteams\app\application.py", line 23, in edit
    return self.create_form(id)
  File "C:\Users\Schne\AppData\Local\Programs\Python\Python37\python-workspace\web\p1\webteams\app\application.py", line 63, in create_form
    return self.view.create_form(id, data)
  File "C:\Users\Schne\AppData\Local\Programs\Python\Python37\python-workspace\web\p1\webteams\app\view.py", line 38, in create_form
    markup = template.render(data = data_param, key = id)
  File "C:\Python39\lib\site-packages\mako\template.py", line 476, in render
    return runtime._render(self, self.callable_, args, data)
  File "C:\Python39\lib\site-packages\mako\runtime.py", line 878, in _render
    _render_context(
  File "C:\Python39\lib\site-packages\mako\runtime.py", line 920, in _render_context
    _exec_template(inherit, lclcontext, args=args, kwargs=kwargs)
  File "C:\Python39\lib\site-packages\mako\runtime.py", line 947, in _exec_template
    callable_(context, *args, **kwargs)
  File "form_tpl", line 25, in render_body
TypeError: 'NoneType' object is not subscriptable
[25/Nov/2020:19:28:50] HTTP 
Traceback (most recent call last):
  File "C:\Python39\lib\site-packages\cherrypy\_cprequest.py", line 638, in respond
    self._do_respond(path_info)
  File "C:\Python39\lib\site-packages\cherrypy\_cprequest.py", line 697, in _do_respond
    response.body = self.handler()
  File "C:\Python39\lib\site-packages\cherrypy\lib\encoding.py", line 219, in __call__
    self.body = self.oldhandler(*args, **kwargs)
  File "C:\Python39\lib\site-packages\cherrypy\_cpdispatch.py", line 54, in __call__
    return self.callable(*self.args, **self.kwargs)
  File "C:\Users\Schne\AppData\Local\Programs\Python\Python37\python-workspace\web\p1\webteams\app\application.py", line 23, in edit
    return self.create_form(id)
  File "C:\Users\Schne\AppData\Local\Programs\Python\Python37\python-workspace\web\p1\webteams\app\application.py", line 63, in create_form
    return self.view.create_form(id, data)
  File "C:\Users\Schne\AppData\Local\Programs\Python\Python37\python-workspace\web\p1\webteams\app\view.py", line 38, in create_form
    markup = template.render(data = data_param, key = id)
  File "C:\Python39\lib\site-packages\mako\template.py", line 476, in render
    return runtime._render(self, self.callable_, args, data)
  File "C:\Python39\lib\site-packages\mako\runtime.py", line 878, in _render
    _render_context(
  File "C:\Python39\lib\site-packages\mako\runtime.py", line 920, in _render_context
    _exec_template(inherit, lclcontext, args=args, kwargs=kwargs)
  File "C:\Python39\lib\site-packages\mako\runtime.py", line 947, in _exec_template
    callable_(context, *args, **kwargs)
  File "form_tpl", line 25, in render_body
TypeError: 'NoneType' object is not subscriptable
[25/Nov/2020:19:28:50] HTTP 
Request Headers:
  Remote-Addr: 127.0.0.1
  HOST: 127.0.0.1:8080
  USER-AGENT: Mozilla/5.0 (Windows NT 10.0; Win64; x64; rv:83.0) Gecko/20100101 Firefox/83.0
  ACCEPT: */*
  ACCEPT-LANGUAGE: en-US,en;q=0.5
  ACCEPT-ENCODING: gzip, deflate
  DNT: 1
  CONNECTION: keep-alive
  REFERER: http://127.0.0.1:8080/edit/25
[25/Nov/2020:19:28:50] HTTP 
Request Headers:
  Remote-Addr: 127.0.0.1
  HOST: 127.0.0.1:8080
  USER-AGENT: Mozilla/5.0 (Windows NT 10.0; Win64; x64; rv:83.0) Gecko/20100101 Firefox/83.0
  ACCEPT: text/css,*/*;q=0.1
  ACCEPT-LANGUAGE: en-US,en;q=0.5
  ACCEPT-ENCODING: gzip, deflate
  DNT: 1
  CONNECTION: keep-alive
  REFERER: http://127.0.0.1:8080/edit/25
[25/Nov/2020:19:28:58] HTTP 
Traceback (most recent call last):
  File "C:\Python39\lib\site-packages\cherrypy\_cprequest.py", line 638, in respond
    self._do_respond(path_info)
  File "C:\Python39\lib\site-packages\cherrypy\_cprequest.py", line 697, in _do_respond
    response.body = self.handler()
  File "C:\Python39\lib\site-packages\cherrypy\lib\encoding.py", line 219, in __call__
    self.body = self.oldhandler(*args, **kwargs)
  File "C:\Python39\lib\site-packages\cherrypy\_cpdispatch.py", line 54, in __call__
    return self.callable(*self.args, **self.kwargs)
  File "C:\Users\Schne\AppData\Local\Programs\Python\Python37\python-workspace\web\p1\webteams\app\application.py", line 23, in edit
    return self.create_form(id)
  File "C:\Users\Schne\AppData\Local\Programs\Python\Python37\python-workspace\web\p1\webteams\app\application.py", line 63, in create_form
    return self.view.create_form(id, data)
  File "C:\Users\Schne\AppData\Local\Programs\Python\Python37\python-workspace\web\p1\webteams\app\view.py", line 38, in create_form
    markup = template.render(data = data_param, key = id)
  File "C:\Python39\lib\site-packages\mako\template.py", line 476, in render
    return runtime._render(self, self.callable_, args, data)
  File "C:\Python39\lib\site-packages\mako\runtime.py", line 878, in _render
    _render_context(
  File "C:\Python39\lib\site-packages\mako\runtime.py", line 920, in _render_context
    _exec_template(inherit, lclcontext, args=args, kwargs=kwargs)
  File "C:\Python39\lib\site-packages\mako\runtime.py", line 947, in _exec_template
    callable_(context, *args, **kwargs)
  File "form_tpl", line 25, in render_body
TypeError: 'NoneType' object is not subscriptable
[25/Nov/2020:19:28:58] HTTP 
Traceback (most recent call last):
  File "C:\Python39\lib\site-packages\cherrypy\_cprequest.py", line 638, in respond
    self._do_respond(path_info)
  File "C:\Python39\lib\site-packages\cherrypy\_cprequest.py", line 697, in _do_respond
    response.body = self.handler()
  File "C:\Python39\lib\site-packages\cherrypy\lib\encoding.py", line 219, in __call__
    self.body = self.oldhandler(*args, **kwargs)
  File "C:\Python39\lib\site-packages\cherrypy\_cpdispatch.py", line 54, in __call__
    return self.callable(*self.args, **self.kwargs)
  File "C:\Users\Schne\AppData\Local\Programs\Python\Python37\python-workspace\web\p1\webteams\app\application.py", line 23, in edit
    return self.create_form(id)
  File "C:\Users\Schne\AppData\Local\Programs\Python\Python37\python-workspace\web\p1\webteams\app\application.py", line 63, in create_form
    return self.view.create_form(id, data)
  File "C:\Users\Schne\AppData\Local\Programs\Python\Python37\python-workspace\web\p1\webteams\app\view.py", line 38, in create_form
    markup = template.render(data = data_param, key = id)
  File "C:\Python39\lib\site-packages\mako\template.py", line 476, in render
    return runtime._render(self, self.callable_, args, data)
  File "C:\Python39\lib\site-packages\mako\runtime.py", line 878, in _render
    _render_context(
  File "C:\Python39\lib\site-packages\mako\runtime.py", line 920, in _render_context
    _exec_template(inherit, lclcontext, args=args, kwargs=kwargs)
  File "C:\Python39\lib\site-packages\mako\runtime.py", line 947, in _exec_template
    callable_(context, *args, **kwargs)
  File "form_tpl", line 25, in render_body
TypeError: 'NoneType' object is not subscriptable
[25/Nov/2020:19:28:58] HTTP 
Request Headers:
  Remote-Addr: 127.0.0.1
  HOST: 127.0.0.1:8080
  USER-AGENT: Mozilla/5.0 (Windows NT 10.0; Win64; x64; rv:83.0) Gecko/20100101 Firefox/83.0
  ACCEPT: text/css,*/*;q=0.1
  ACCEPT-LANGUAGE: en-US,en;q=0.5
  ACCEPT-ENCODING: gzip, deflate
  DNT: 1
  CONNECTION: keep-alive
  REFERER: http://127.0.0.1:8080/edit/32
[25/Nov/2020:19:28:58] HTTP 
Request Headers:
  Remote-Addr: 127.0.0.1
  HOST: 127.0.0.1:8080
  USER-AGENT: Mozilla/5.0 (Windows NT 10.0; Win64; x64; rv:83.0) Gecko/20100101 Firefox/83.0
  ACCEPT: */*
  ACCEPT-LANGUAGE: en-US,en;q=0.5
  ACCEPT-ENCODING: gzip, deflate
  DNT: 1
  CONNECTION: keep-alive
  REFERER: http://127.0.0.1:8080/edit/32
[25/Nov/2020:19:29:11] HTTP 
Traceback (most recent call last):
  File "C:\Python39\lib\site-packages\cherrypy\_cprequest.py", line 638, in respond
    self._do_respond(path_info)
  File "C:\Python39\lib\site-packages\cherrypy\_cprequest.py", line 697, in _do_respond
    response.body = self.handler()
  File "C:\Python39\lib\site-packages\cherrypy\lib\encoding.py", line 219, in __call__
    self.body = self.oldhandler(*args, **kwargs)
  File "C:\Python39\lib\site-packages\cherrypy\_cpdispatch.py", line 54, in __call__
    return self.callable(*self.args, **self.kwargs)
  File "C:\Users\Schne\AppData\Local\Programs\Python\Python37\python-workspace\web\p1\webteams\app\application.py", line 23, in edit
    return self.create_form(id)
  File "C:\Users\Schne\AppData\Local\Programs\Python\Python37\python-workspace\web\p1\webteams\app\application.py", line 63, in create_form
    return self.view.create_form(id, data)
  File "C:\Users\Schne\AppData\Local\Programs\Python\Python37\python-workspace\web\p1\webteams\app\view.py", line 38, in create_form
    markup = template.render(data = data_param, key = id)
  File "C:\Python39\lib\site-packages\mako\template.py", line 476, in render
    return runtime._render(self, self.callable_, args, data)
  File "C:\Python39\lib\site-packages\mako\runtime.py", line 878, in _render
    _render_context(
  File "C:\Python39\lib\site-packages\mako\runtime.py", line 920, in _render_context
    _exec_template(inherit, lclcontext, args=args, kwargs=kwargs)
  File "C:\Python39\lib\site-packages\mako\runtime.py", line 947, in _exec_template
    callable_(context, *args, **kwargs)
  File "form_tpl", line 25, in render_body
TypeError: 'NoneType' object is not subscriptable
[25/Nov/2020:19:29:11] HTTP 
Traceback (most recent call last):
  File "C:\Python39\lib\site-packages\cherrypy\_cprequest.py", line 638, in respond
    self._do_respond(path_info)
  File "C:\Python39\lib\site-packages\cherrypy\_cprequest.py", line 697, in _do_respond
    response.body = self.handler()
  File "C:\Python39\lib\site-packages\cherrypy\lib\encoding.py", line 219, in __call__
    self.body = self.oldhandler(*args, **kwargs)
  File "C:\Python39\lib\site-packages\cherrypy\_cpdispatch.py", line 54, in __call__
    return self.callable(*self.args, **self.kwargs)
  File "C:\Users\Schne\AppData\Local\Programs\Python\Python37\python-workspace\web\p1\webteams\app\application.py", line 23, in edit
    return self.create_form(id)
  File "C:\Users\Schne\AppData\Local\Programs\Python\Python37\python-workspace\web\p1\webteams\app\application.py", line 63, in create_form
    return self.view.create_form(id, data)
  File "C:\Users\Schne\AppData\Local\Programs\Python\Python37\python-workspace\web\p1\webteams\app\view.py", line 38, in create_form
    markup = template.render(data = data_param, key = id)
  File "C:\Python39\lib\site-packages\mako\template.py", line 476, in render
    return runtime._render(self, self.callable_, args, data)
  File "C:\Python39\lib\site-packages\mako\runtime.py", line 878, in _render
    _render_context(
  File "C:\Python39\lib\site-packages\mako\runtime.py", line 920, in _render_context
    _exec_template(inherit, lclcontext, args=args, kwargs=kwargs)
  File "C:\Python39\lib\site-packages\mako\runtime.py", line 947, in _exec_template
    callable_(context, *args, **kwargs)
  File "form_tpl", line 25, in render_body
TypeError: 'NoneType' object is not subscriptable
[25/Nov/2020:19:29:11] HTTP 
Request Headers:
  Remote-Addr: 127.0.0.1
  HOST: 127.0.0.1:8080
  USER-AGENT: Mozilla/5.0 (Windows NT 10.0; Win64; x64; rv:83.0) Gecko/20100101 Firefox/83.0
  ACCEPT: */*
  ACCEPT-LANGUAGE: en-US,en;q=0.5
  ACCEPT-ENCODING: gzip, deflate
  DNT: 1
  CONNECTION: keep-alive
  REFERER: http://127.0.0.1:8080/edit/33
[25/Nov/2020:19:29:11] HTTP 
Request Headers:
  Remote-Addr: 127.0.0.1
  HOST: 127.0.0.1:8080
  USER-AGENT: Mozilla/5.0 (Windows NT 10.0; Win64; x64; rv:83.0) Gecko/20100101 Firefox/83.0
  ACCEPT: text/css,*/*;q=0.1
  ACCEPT-LANGUAGE: en-US,en;q=0.5
  ACCEPT-ENCODING: gzip, deflate
  DNT: 1
  CONNECTION: keep-alive
  REFERER: http://127.0.0.1:8080/edit/33
[25/Nov/2020:19:29:43] HTTP 
Traceback (most recent call last):
  File "C:\Python39\lib\site-packages\cherrypy\_cprequest.py", line 638, in respond
    self._do_respond(path_info)
  File "C:\Python39\lib\site-packages\cherrypy\_cprequest.py", line 697, in _do_respond
    response.body = self.handler()
  File "C:\Python39\lib\site-packages\cherrypy\lib\encoding.py", line 219, in __call__
    self.body = self.oldhandler(*args, **kwargs)
  File "C:\Python39\lib\site-packages\cherrypy\_cpdispatch.py", line 54, in __call__
    return self.callable(*self.args, **self.kwargs)
  File "C:\Users\Schne\AppData\Local\Programs\Python\Python37\python-workspace\web\p1\webteams\app\application.py", line 23, in edit
    return self.create_form(id)
  File "C:\Users\Schne\AppData\Local\Programs\Python\Python37\python-workspace\web\p1\webteams\app\application.py", line 63, in create_form
    return self.view.create_form(id, data)
  File "C:\Users\Schne\AppData\Local\Programs\Python\Python37\python-workspace\web\p1\webteams\app\view.py", line 38, in create_form
    markup = template.render(data = data_param, key = id)
  File "C:\Python39\lib\site-packages\mako\template.py", line 476, in render
    return runtime._render(self, self.callable_, args, data)
  File "C:\Python39\lib\site-packages\mako\runtime.py", line 878, in _render
    _render_context(
  File "C:\Python39\lib\site-packages\mako\runtime.py", line 920, in _render_context
    _exec_template(inherit, lclcontext, args=args, kwargs=kwargs)
  File "C:\Python39\lib\site-packages\mako\runtime.py", line 947, in _exec_template
    callable_(context, *args, **kwargs)
  File "form_tpl", line 25, in render_body
TypeError: 'NoneType' object is not subscriptable
[25/Nov/2020:19:29:43] HTTP 
Traceback (most recent call last):
  File "C:\Python39\lib\site-packages\cherrypy\_cprequest.py", line 638, in respond
    self._do_respond(path_info)
  File "C:\Python39\lib\site-packages\cherrypy\_cprequest.py", line 697, in _do_respond
    response.body = self.handler()
  File "C:\Python39\lib\site-packages\cherrypy\lib\encoding.py", line 219, in __call__
    self.body = self.oldhandler(*args, **kwargs)
  File "C:\Python39\lib\site-packages\cherrypy\_cpdispatch.py", line 54, in __call__
    return self.callable(*self.args, **self.kwargs)
  File "C:\Users\Schne\AppData\Local\Programs\Python\Python37\python-workspace\web\p1\webteams\app\application.py", line 23, in edit
    return self.create_form(id)
  File "C:\Users\Schne\AppData\Local\Programs\Python\Python37\python-workspace\web\p1\webteams\app\application.py", line 63, in create_form
    return self.view.create_form(id, data)
  File "C:\Users\Schne\AppData\Local\Programs\Python\Python37\python-workspace\web\p1\webteams\app\view.py", line 38, in create_form
    markup = template.render(data = data_param, key = id)
  File "C:\Python39\lib\site-packages\mako\template.py", line 476, in render
    return runtime._render(self, self.callable_, args, data)
  File "C:\Python39\lib\site-packages\mako\runtime.py", line 878, in _render
    _render_context(
  File "C:\Python39\lib\site-packages\mako\runtime.py", line 920, in _render_context
    _exec_template(inherit, lclcontext, args=args, kwargs=kwargs)
  File "C:\Python39\lib\site-packages\mako\runtime.py", line 947, in _exec_template
    callable_(context, *args, **kwargs)
  File "form_tpl", line 25, in render_body
TypeError: 'NoneType' object is not subscriptable
[25/Nov/2020:19:29:43] HTTP 
Request Headers:
  Remote-Addr: 127.0.0.1
  HOST: 127.0.0.1:8080
  USER-AGENT: Mozilla/5.0 (Windows NT 10.0; Win64; x64; rv:83.0) Gecko/20100101 Firefox/83.0
  ACCEPT: */*
  ACCEPT-LANGUAGE: en-US,en;q=0.5
  ACCEPT-ENCODING: gzip, deflate
  DNT: 1
  CONNECTION: keep-alive
  REFERER: http://127.0.0.1:8080/edit/26
[25/Nov/2020:19:29:43] HTTP 
Request Headers:
  Remote-Addr: 127.0.0.1
  HOST: 127.0.0.1:8080
  USER-AGENT: Mozilla/5.0 (Windows NT 10.0; Win64; x64; rv:83.0) Gecko/20100101 Firefox/83.0
  ACCEPT: text/css,*/*;q=0.1
  ACCEPT-LANGUAGE: en-US,en;q=0.5
  ACCEPT-ENCODING: gzip, deflate
  DNT: 1
  CONNECTION: keep-alive
  REFERER: http://127.0.0.1:8080/edit/26
[25/Nov/2020:19:32:13] HTTP 
Traceback (most recent call last):
  File "C:\Python39\lib\site-packages\cherrypy\_cprequest.py", line 638, in respond
    self._do_respond(path_info)
  File "C:\Python39\lib\site-packages\cherrypy\_cprequest.py", line 697, in _do_respond
    response.body = self.handler()
  File "C:\Python39\lib\site-packages\cherrypy\lib\encoding.py", line 219, in __call__
    self.body = self.oldhandler(*args, **kwargs)
  File "C:\Python39\lib\site-packages\cherrypy\_cpdispatch.py", line 54, in __call__
    return self.callable(*self.args, **self.kwargs)
  File "C:\Users\Schne\AppData\Local\Programs\Python\Python37\python-workspace\web\p1\webteams\app\application.py", line 23, in edit
    return self.create_form(id)
  File "C:\Users\Schne\AppData\Local\Programs\Python\Python37\python-workspace\web\p1\webteams\app\application.py", line 63, in create_form
    return self.view.create_form(id, data)
  File "C:\Users\Schne\AppData\Local\Programs\Python\Python37\python-workspace\web\p1\webteams\app\view.py", line 38, in create_form
    markup = template.render(data = data_param, key = id)
  File "C:\Python39\lib\site-packages\mako\template.py", line 476, in render
    return runtime._render(self, self.callable_, args, data)
  File "C:\Python39\lib\site-packages\mako\runtime.py", line 878, in _render
    _render_context(
  File "C:\Python39\lib\site-packages\mako\runtime.py", line 920, in _render_context
    _exec_template(inherit, lclcontext, args=args, kwargs=kwargs)
  File "C:\Python39\lib\site-packages\mako\runtime.py", line 947, in _exec_template
    callable_(context, *args, **kwargs)
  File "form_tpl", line 25, in render_body
TypeError: 'NoneType' object is not subscriptable
[25/Nov/2020:19:32:13] HTTP 
Traceback (most recent call last):
  File "C:\Python39\lib\site-packages\cherrypy\_cprequest.py", line 638, in respond
    self._do_respond(path_info)
  File "C:\Python39\lib\site-packages\cherrypy\_cprequest.py", line 697, in _do_respond
    response.body = self.handler()
  File "C:\Python39\lib\site-packages\cherrypy\lib\encoding.py", line 219, in __call__
    self.body = self.oldhandler(*args, **kwargs)
  File "C:\Python39\lib\site-packages\cherrypy\_cpdispatch.py", line 54, in __call__
    return self.callable(*self.args, **self.kwargs)
  File "C:\Users\Schne\AppData\Local\Programs\Python\Python37\python-workspace\web\p1\webteams\app\application.py", line 23, in edit
    return self.create_form(id)
  File "C:\Users\Schne\AppData\Local\Programs\Python\Python37\python-workspace\web\p1\webteams\app\application.py", line 63, in create_form
    return self.view.create_form(id, data)
  File "C:\Users\Schne\AppData\Local\Programs\Python\Python37\python-workspace\web\p1\webteams\app\view.py", line 38, in create_form
    markup = template.render(data = data_param, key = id)
  File "C:\Python39\lib\site-packages\mako\template.py", line 476, in render
    return runtime._render(self, self.callable_, args, data)
  File "C:\Python39\lib\site-packages\mako\runtime.py", line 878, in _render
    _render_context(
  File "C:\Python39\lib\site-packages\mako\runtime.py", line 920, in _render_context
    _exec_template(inherit, lclcontext, args=args, kwargs=kwargs)
  File "C:\Python39\lib\site-packages\mako\runtime.py", line 947, in _exec_template
    callable_(context, *args, **kwargs)
  File "form_tpl", line 25, in render_body
TypeError: 'NoneType' object is not subscriptable
[25/Nov/2020:19:32:13] HTTP 
Request Headers:
  Remote-Addr: 127.0.0.1
  HOST: 127.0.0.1:8080
  USER-AGENT: Mozilla/5.0 (Windows NT 10.0; Win64; x64; rv:83.0) Gecko/20100101 Firefox/83.0
  ACCEPT: text/css,*/*;q=0.1
  ACCEPT-LANGUAGE: en-US,en;q=0.5
  ACCEPT-ENCODING: gzip, deflate
  DNT: 1
  CONNECTION: keep-alive
  REFERER: http://127.0.0.1:8080/edit/26
[25/Nov/2020:19:32:13] HTTP 
Request Headers:
  Remote-Addr: 127.0.0.1
  HOST: 127.0.0.1:8080
  USER-AGENT: Mozilla/5.0 (Windows NT 10.0; Win64; x64; rv:83.0) Gecko/20100101 Firefox/83.0
  ACCEPT: */*
  ACCEPT-LANGUAGE: en-US,en;q=0.5
  ACCEPT-ENCODING: gzip, deflate
  DNT: 1
  CONNECTION: keep-alive
  REFERER: http://127.0.0.1:8080/edit/26
[25/Nov/2020:19:32:21] HTTP 
Traceback (most recent call last):
  File "C:\Python39\lib\site-packages\cherrypy\_cprequest.py", line 638, in respond
    self._do_respond(path_info)
  File "C:\Python39\lib\site-packages\cherrypy\_cprequest.py", line 697, in _do_respond
    response.body = self.handler()
  File "C:\Python39\lib\site-packages\cherrypy\lib\encoding.py", line 219, in __call__
    self.body = self.oldhandler(*args, **kwargs)
  File "C:\Python39\lib\site-packages\cherrypy\_cpdispatch.py", line 54, in __call__
    return self.callable(*self.args, **self.kwargs)
  File "C:\Users\Schne\AppData\Local\Programs\Python\Python37\python-workspace\web\p1\webteams\app\application.py", line 23, in edit
    return self.create_form(id)
  File "C:\Users\Schne\AppData\Local\Programs\Python\Python37\python-workspace\web\p1\webteams\app\application.py", line 63, in create_form
    return self.view.create_form(id, data)
  File "C:\Users\Schne\AppData\Local\Programs\Python\Python37\python-workspace\web\p1\webteams\app\view.py", line 38, in create_form
    markup = template.render(data = data_param, key = id)
  File "C:\Python39\lib\site-packages\mako\template.py", line 476, in render
    return runtime._render(self, self.callable_, args, data)
  File "C:\Python39\lib\site-packages\mako\runtime.py", line 878, in _render
    _render_context(
  File "C:\Python39\lib\site-packages\mako\runtime.py", line 920, in _render_context
    _exec_template(inherit, lclcontext, args=args, kwargs=kwargs)
  File "C:\Python39\lib\site-packages\mako\runtime.py", line 947, in _exec_template
    callable_(context, *args, **kwargs)
  File "form_tpl", line 25, in render_body
TypeError: 'NoneType' object is not subscriptable
[25/Nov/2020:19:32:21] HTTP 
Traceback (most recent call last):
  File "C:\Python39\lib\site-packages\cherrypy\_cprequest.py", line 638, in respond
    self._do_respond(path_info)
  File "C:\Python39\lib\site-packages\cherrypy\_cprequest.py", line 697, in _do_respond
    response.body = self.handler()
  File "C:\Python39\lib\site-packages\cherrypy\lib\encoding.py", line 219, in __call__
    self.body = self.oldhandler(*args, **kwargs)
  File "C:\Python39\lib\site-packages\cherrypy\_cpdispatch.py", line 54, in __call__
    return self.callable(*self.args, **self.kwargs)
  File "C:\Users\Schne\AppData\Local\Programs\Python\Python37\python-workspace\web\p1\webteams\app\application.py", line 23, in edit
    return self.create_form(id)
  File "C:\Users\Schne\AppData\Local\Programs\Python\Python37\python-workspace\web\p1\webteams\app\application.py", line 63, in create_form
    return self.view.create_form(id, data)
  File "C:\Users\Schne\AppData\Local\Programs\Python\Python37\python-workspace\web\p1\webteams\app\view.py", line 38, in create_form
    markup = template.render(data = data_param, key = id)
  File "C:\Python39\lib\site-packages\mako\template.py", line 476, in render
    return runtime._render(self, self.callable_, args, data)
  File "C:\Python39\lib\site-packages\mako\runtime.py", line 878, in _render
    _render_context(
  File "C:\Python39\lib\site-packages\mako\runtime.py", line 920, in _render_context
    _exec_template(inherit, lclcontext, args=args, kwargs=kwargs)
  File "C:\Python39\lib\site-packages\mako\runtime.py", line 947, in _exec_template
    callable_(context, *args, **kwargs)
  File "form_tpl", line 25, in render_body
TypeError: 'NoneType' object is not subscriptable
[25/Nov/2020:19:32:21] HTTP 
Request Headers:
  Remote-Addr: 127.0.0.1
  HOST: 127.0.0.1:8080
  CONNECTION: keep-alive
  USER-AGENT: Mozilla/5.0 (Windows NT 10.0; Win64; x64) AppleWebKit/537.36 (KHTML, like Gecko) Chrome/87.0.4280.66 Safari/537.36
  DNT: 1
  ACCEPT: text/css,*/*;q=0.1
  SEC-FETCH-SITE: same-origin
  SEC-FETCH-MODE: no-cors
  SEC-FETCH-DEST: style
  REFERER: http://127.0.0.1:8080/edit/31
  ACCEPT-ENCODING: gzip, deflate, br
  ACCEPT-LANGUAGE: de,en-US;q=0.9,en;q=0.8
[25/Nov/2020:19:32:21] HTTP 
Request Headers:
  Remote-Addr: 127.0.0.1
  HOST: 127.0.0.1:8080
  CONNECTION: keep-alive
  USER-AGENT: Mozilla/5.0 (Windows NT 10.0; Win64; x64) AppleWebKit/537.36 (KHTML, like Gecko) Chrome/87.0.4280.66 Safari/537.36
  DNT: 1
  ACCEPT: */*
  SEC-FETCH-SITE: same-origin
  SEC-FETCH-MODE: no-cors
  SEC-FETCH-DEST: script
  REFERER: http://127.0.0.1:8080/edit/31
  ACCEPT-ENCODING: gzip, deflate, br
  ACCEPT-LANGUAGE: de,en-US;q=0.9,en;q=0.8
[25/Nov/2020:19:32:25] HTTP 
Traceback (most recent call last):
  File "C:\Python39\lib\site-packages\cherrypy\_cprequest.py", line 638, in respond
    self._do_respond(path_info)
  File "C:\Python39\lib\site-packages\cherrypy\_cprequest.py", line 697, in _do_respond
    response.body = self.handler()
  File "C:\Python39\lib\site-packages\cherrypy\lib\encoding.py", line 219, in __call__
    self.body = self.oldhandler(*args, **kwargs)
  File "C:\Python39\lib\site-packages\cherrypy\_cpdispatch.py", line 54, in __call__
    return self.callable(*self.args, **self.kwargs)
  File "C:\Users\Schne\AppData\Local\Programs\Python\Python37\python-workspace\web\p1\webteams\app\application.py", line 23, in edit
    return self.create_form(id)
  File "C:\Users\Schne\AppData\Local\Programs\Python\Python37\python-workspace\web\p1\webteams\app\application.py", line 63, in create_form
    return self.view.create_form(id, data)
  File "C:\Users\Schne\AppData\Local\Programs\Python\Python37\python-workspace\web\p1\webteams\app\view.py", line 38, in create_form
    markup = template.render(data = data_param, key = id)
  File "C:\Python39\lib\site-packages\mako\template.py", line 476, in render
    return runtime._render(self, self.callable_, args, data)
  File "C:\Python39\lib\site-packages\mako\runtime.py", line 878, in _render
    _render_context(
  File "C:\Python39\lib\site-packages\mako\runtime.py", line 920, in _render_context
    _exec_template(inherit, lclcontext, args=args, kwargs=kwargs)
  File "C:\Python39\lib\site-packages\mako\runtime.py", line 947, in _exec_template
    callable_(context, *args, **kwargs)
  File "form_tpl", line 25, in render_body
TypeError: 'NoneType' object is not subscriptable
[25/Nov/2020:19:32:25] HTTP 
Traceback (most recent call last):
  File "C:\Python39\lib\site-packages\cherrypy\_cprequest.py", line 638, in respond
    self._do_respond(path_info)
  File "C:\Python39\lib\site-packages\cherrypy\_cprequest.py", line 697, in _do_respond
    response.body = self.handler()
  File "C:\Python39\lib\site-packages\cherrypy\lib\encoding.py", line 219, in __call__
    self.body = self.oldhandler(*args, **kwargs)
  File "C:\Python39\lib\site-packages\cherrypy\_cpdispatch.py", line 54, in __call__
    return self.callable(*self.args, **self.kwargs)
  File "C:\Users\Schne\AppData\Local\Programs\Python\Python37\python-workspace\web\p1\webteams\app\application.py", line 23, in edit
    return self.create_form(id)
  File "C:\Users\Schne\AppData\Local\Programs\Python\Python37\python-workspace\web\p1\webteams\app\application.py", line 63, in create_form
    return self.view.create_form(id, data)
  File "C:\Users\Schne\AppData\Local\Programs\Python\Python37\python-workspace\web\p1\webteams\app\view.py", line 38, in create_form
    markup = template.render(data = data_param, key = id)
  File "C:\Python39\lib\site-packages\mako\template.py", line 476, in render
    return runtime._render(self, self.callable_, args, data)
  File "C:\Python39\lib\site-packages\mako\runtime.py", line 878, in _render
    _render_context(
  File "C:\Python39\lib\site-packages\mako\runtime.py", line 920, in _render_context
    _exec_template(inherit, lclcontext, args=args, kwargs=kwargs)
  File "C:\Python39\lib\site-packages\mako\runtime.py", line 947, in _exec_template
    callable_(context, *args, **kwargs)
  File "form_tpl", line 25, in render_body
TypeError: 'NoneType' object is not subscriptable
[25/Nov/2020:19:32:25] HTTP 
Request Headers:
  Remote-Addr: 127.0.0.1
  HOST: 127.0.0.1:8080
  CONNECTION: keep-alive
  USER-AGENT: Mozilla/5.0 (Windows NT 10.0; Win64; x64) AppleWebKit/537.36 (KHTML, like Gecko) Chrome/87.0.4280.66 Safari/537.36
  DNT: 1
  ACCEPT: */*
  SEC-FETCH-SITE: same-origin
  SEC-FETCH-MODE: no-cors
  SEC-FETCH-DEST: script
  REFERER: http://127.0.0.1:8080/edit/34
  ACCEPT-ENCODING: gzip, deflate, br
  ACCEPT-LANGUAGE: de,en-US;q=0.9,en;q=0.8
[25/Nov/2020:19:32:25] HTTP 
Request Headers:
  Remote-Addr: 127.0.0.1
  HOST: 127.0.0.1:8080
  CONNECTION: keep-alive
  USER-AGENT: Mozilla/5.0 (Windows NT 10.0; Win64; x64) AppleWebKit/537.36 (KHTML, like Gecko) Chrome/87.0.4280.66 Safari/537.36
  DNT: 1
  ACCEPT: text/css,*/*;q=0.1
  SEC-FETCH-SITE: same-origin
  SEC-FETCH-MODE: no-cors
  SEC-FETCH-DEST: style
  REFERER: http://127.0.0.1:8080/edit/34
  ACCEPT-ENCODING: gzip, deflate, br
  ACCEPT-LANGUAGE: de,en-US;q=0.9,en;q=0.8
[25/Nov/2020:19:32:34] HTTP 
Traceback (most recent call last):
  File "C:\Python39\lib\site-packages\cherrypy\_cprequest.py", line 638, in respond
    self._do_respond(path_info)
  File "C:\Python39\lib\site-packages\cherrypy\_cprequest.py", line 697, in _do_respond
    response.body = self.handler()
  File "C:\Python39\lib\site-packages\cherrypy\lib\encoding.py", line 219, in __call__
    self.body = self.oldhandler(*args, **kwargs)
  File "C:\Python39\lib\site-packages\cherrypy\_cpdispatch.py", line 54, in __call__
    return self.callable(*self.args, **self.kwargs)
  File "C:\Users\Schne\AppData\Local\Programs\Python\Python37\python-workspace\web\p1\webteams\app\application.py", line 23, in edit
    return self.create_form(id)
  File "C:\Users\Schne\AppData\Local\Programs\Python\Python37\python-workspace\web\p1\webteams\app\application.py", line 63, in create_form
    return self.view.create_form(id, data)
  File "C:\Users\Schne\AppData\Local\Programs\Python\Python37\python-workspace\web\p1\webteams\app\view.py", line 38, in create_form
    markup = template.render(data = data_param, key = id)
  File "C:\Python39\lib\site-packages\mako\template.py", line 476, in render
    return runtime._render(self, self.callable_, args, data)
  File "C:\Python39\lib\site-packages\mako\runtime.py", line 878, in _render
    _render_context(
  File "C:\Python39\lib\site-packages\mako\runtime.py", line 920, in _render_context
    _exec_template(inherit, lclcontext, args=args, kwargs=kwargs)
  File "C:\Python39\lib\site-packages\mako\runtime.py", line 947, in _exec_template
    callable_(context, *args, **kwargs)
  File "form_tpl", line 25, in render_body
TypeError: 'NoneType' object is not subscriptable
[25/Nov/2020:19:32:34] HTTP 
Traceback (most recent call last):
  File "C:\Python39\lib\site-packages\cherrypy\_cprequest.py", line 638, in respond
    self._do_respond(path_info)
  File "C:\Python39\lib\site-packages\cherrypy\_cprequest.py", line 697, in _do_respond
    response.body = self.handler()
  File "C:\Python39\lib\site-packages\cherrypy\lib\encoding.py", line 219, in __call__
    self.body = self.oldhandler(*args, **kwargs)
  File "C:\Python39\lib\site-packages\cherrypy\_cpdispatch.py", line 54, in __call__
    return self.callable(*self.args, **self.kwargs)
  File "C:\Users\Schne\AppData\Local\Programs\Python\Python37\python-workspace\web\p1\webteams\app\application.py", line 23, in edit
    return self.create_form(id)
  File "C:\Users\Schne\AppData\Local\Programs\Python\Python37\python-workspace\web\p1\webteams\app\application.py", line 63, in create_form
    return self.view.create_form(id, data)
  File "C:\Users\Schne\AppData\Local\Programs\Python\Python37\python-workspace\web\p1\webteams\app\view.py", line 38, in create_form
    markup = template.render(data = data_param, key = id)
  File "C:\Python39\lib\site-packages\mako\template.py", line 476, in render
    return runtime._render(self, self.callable_, args, data)
  File "C:\Python39\lib\site-packages\mako\runtime.py", line 878, in _render
    _render_context(
  File "C:\Python39\lib\site-packages\mako\runtime.py", line 920, in _render_context
    _exec_template(inherit, lclcontext, args=args, kwargs=kwargs)
  File "C:\Python39\lib\site-packages\mako\runtime.py", line 947, in _exec_template
    callable_(context, *args, **kwargs)
  File "form_tpl", line 25, in render_body
TypeError: 'NoneType' object is not subscriptable
[25/Nov/2020:19:32:34] HTTP 
Request Headers:
  Remote-Addr: 127.0.0.1
  HOST: 127.0.0.1:8080
  CONNECTION: keep-alive
  USER-AGENT: Mozilla/5.0 (Windows NT 10.0; Win64; x64) AppleWebKit/537.36 (KHTML, like Gecko) Chrome/87.0.4280.66 Safari/537.36
  DNT: 1
  ACCEPT: text/css,*/*;q=0.1
  SEC-FETCH-SITE: same-origin
  SEC-FETCH-MODE: no-cors
  SEC-FETCH-DEST: style
  REFERER: http://127.0.0.1:8080/edit/20
  ACCEPT-ENCODING: gzip, deflate, br
  ACCEPT-LANGUAGE: de,en-US;q=0.9,en;q=0.8
[25/Nov/2020:19:32:34] HTTP 
Request Headers:
  Remote-Addr: 127.0.0.1
  HOST: 127.0.0.1:8080
  CONNECTION: keep-alive
  USER-AGENT: Mozilla/5.0 (Windows NT 10.0; Win64; x64) AppleWebKit/537.36 (KHTML, like Gecko) Chrome/87.0.4280.66 Safari/537.36
  DNT: 1
  ACCEPT: */*
  SEC-FETCH-SITE: same-origin
  SEC-FETCH-MODE: no-cors
  SEC-FETCH-DEST: script
  REFERER: http://127.0.0.1:8080/edit/20
  ACCEPT-ENCODING: gzip, deflate, br
  ACCEPT-LANGUAGE: de,en-US;q=0.9,en;q=0.8
[25/Nov/2020:19:37:18] HTTP 
Traceback (most recent call last):
  File "C:\Python39\lib\site-packages\cherrypy\_cprequest.py", line 638, in respond
    self._do_respond(path_info)
  File "C:\Python39\lib\site-packages\cherrypy\_cprequest.py", line 697, in _do_respond
    response.body = self.handler()
  File "C:\Python39\lib\site-packages\cherrypy\lib\encoding.py", line 219, in __call__
    self.body = self.oldhandler(*args, **kwargs)
  File "C:\Python39\lib\site-packages\cherrypy\_cpdispatch.py", line 54, in __call__
    return self.callable(*self.args, **self.kwargs)
  File "C:\Users\Schne\AppData\Local\Programs\Python\Python37\python-workspace\web\p1\webteams\app\application.py", line 23, in edit
    return self.create_form(id)
  File "C:\Users\Schne\AppData\Local\Programs\Python\Python37\python-workspace\web\p1\webteams\app\application.py", line 63, in create_form
    return self.view.create_form(id, data)
  File "C:\Users\Schne\AppData\Local\Programs\Python\Python37\python-workspace\web\p1\webteams\app\view.py", line 38, in create_form
    markup = template.render(data = data_param, key = id)
  File "C:\Python39\lib\site-packages\mako\template.py", line 476, in render
    return runtime._render(self, self.callable_, args, data)
  File "C:\Python39\lib\site-packages\mako\runtime.py", line 878, in _render
    _render_context(
  File "C:\Python39\lib\site-packages\mako\runtime.py", line 920, in _render_context
    _exec_template(inherit, lclcontext, args=args, kwargs=kwargs)
  File "C:\Python39\lib\site-packages\mako\runtime.py", line 947, in _exec_template
    callable_(context, *args, **kwargs)
  File "form_tpl", line 25, in render_body
TypeError: 'NoneType' object is not subscriptable
[25/Nov/2020:19:37:18] HTTP 
Traceback (most recent call last):
  File "C:\Python39\lib\site-packages\cherrypy\_cprequest.py", line 638, in respond
    self._do_respond(path_info)
  File "C:\Python39\lib\site-packages\cherrypy\_cprequest.py", line 697, in _do_respond
    response.body = self.handler()
  File "C:\Python39\lib\site-packages\cherrypy\lib\encoding.py", line 219, in __call__
    self.body = self.oldhandler(*args, **kwargs)
  File "C:\Python39\lib\site-packages\cherrypy\_cpdispatch.py", line 54, in __call__
    return self.callable(*self.args, **self.kwargs)
  File "C:\Users\Schne\AppData\Local\Programs\Python\Python37\python-workspace\web\p1\webteams\app\application.py", line 23, in edit
    return self.create_form(id)
  File "C:\Users\Schne\AppData\Local\Programs\Python\Python37\python-workspace\web\p1\webteams\app\application.py", line 63, in create_form
    return self.view.create_form(id, data)
  File "C:\Users\Schne\AppData\Local\Programs\Python\Python37\python-workspace\web\p1\webteams\app\view.py", line 38, in create_form
    markup = template.render(data = data_param, key = id)
  File "C:\Python39\lib\site-packages\mako\template.py", line 476, in render
    return runtime._render(self, self.callable_, args, data)
  File "C:\Python39\lib\site-packages\mako\runtime.py", line 878, in _render
    _render_context(
  File "C:\Python39\lib\site-packages\mako\runtime.py", line 920, in _render_context
    _exec_template(inherit, lclcontext, args=args, kwargs=kwargs)
  File "C:\Python39\lib\site-packages\mako\runtime.py", line 947, in _exec_template
    callable_(context, *args, **kwargs)
  File "form_tpl", line 25, in render_body
TypeError: 'NoneType' object is not subscriptable
[25/Nov/2020:19:37:18] HTTP 
Request Headers:
  Remote-Addr: 127.0.0.1
  HOST: 127.0.0.1:8080
  USER-AGENT: Mozilla/5.0 (Windows NT 10.0; Win64; x64; rv:83.0) Gecko/20100101 Firefox/83.0
  ACCEPT: text/css,*/*;q=0.1
  ACCEPT-LANGUAGE: en-US,en;q=0.5
  ACCEPT-ENCODING: gzip, deflate
  DNT: 1
  CONNECTION: keep-alive
  REFERER: http://127.0.0.1:8080/edit/33
[25/Nov/2020:19:37:18] HTTP 
Request Headers:
  Remote-Addr: 127.0.0.1
  HOST: 127.0.0.1:8080
  USER-AGENT: Mozilla/5.0 (Windows NT 10.0; Win64; x64; rv:83.0) Gecko/20100101 Firefox/83.0
  ACCEPT: */*
  ACCEPT-LANGUAGE: en-US,en;q=0.5
  ACCEPT-ENCODING: gzip, deflate
  DNT: 1
  CONNECTION: keep-alive
  REFERER: http://127.0.0.1:8080/edit/33
[25/Nov/2020:19:41:07] HTTP 
Traceback (most recent call last):
  File "C:\Python39\lib\site-packages\cherrypy\_cprequest.py", line 638, in respond
    self._do_respond(path_info)
  File "C:\Python39\lib\site-packages\cherrypy\_cprequest.py", line 697, in _do_respond
    response.body = self.handler()
  File "C:\Python39\lib\site-packages\cherrypy\lib\encoding.py", line 219, in __call__
    self.body = self.oldhandler(*args, **kwargs)
  File "C:\Python39\lib\site-packages\cherrypy\_cpdispatch.py", line 54, in __call__
    return self.callable(*self.args, **self.kwargs)
  File "C:\Users\Schne\AppData\Local\Programs\Python\Python37\python-workspace\web\p1\webteams\app\application.py", line 23, in edit
    return self.create_form(id)
  File "C:\Users\Schne\AppData\Local\Programs\Python\Python37\python-workspace\web\p1\webteams\app\application.py", line 63, in create_form
    return self.view.create_form(id, data)
  File "C:\Users\Schne\AppData\Local\Programs\Python\Python37\python-workspace\web\p1\webteams\app\view.py", line 38, in create_form
    markup = template.render(data = data_param, key = id)
  File "C:\Python39\lib\site-packages\mako\template.py", line 476, in render
    return runtime._render(self, self.callable_, args, data)
  File "C:\Python39\lib\site-packages\mako\runtime.py", line 878, in _render
    _render_context(
  File "C:\Python39\lib\site-packages\mako\runtime.py", line 920, in _render_context
    _exec_template(inherit, lclcontext, args=args, kwargs=kwargs)
  File "C:\Python39\lib\site-packages\mako\runtime.py", line 947, in _exec_template
    callable_(context, *args, **kwargs)
  File "form_tpl", line 25, in render_body
TypeError: 'NoneType' object is not subscriptable
[25/Nov/2020:19:41:07] HTTP 
Traceback (most recent call last):
  File "C:\Python39\lib\site-packages\cherrypy\_cprequest.py", line 638, in respond
    self._do_respond(path_info)
  File "C:\Python39\lib\site-packages\cherrypy\_cprequest.py", line 697, in _do_respond
    response.body = self.handler()
  File "C:\Python39\lib\site-packages\cherrypy\lib\encoding.py", line 219, in __call__
    self.body = self.oldhandler(*args, **kwargs)
  File "C:\Python39\lib\site-packages\cherrypy\_cpdispatch.py", line 54, in __call__
    return self.callable(*self.args, **self.kwargs)
  File "C:\Users\Schne\AppData\Local\Programs\Python\Python37\python-workspace\web\p1\webteams\app\application.py", line 23, in edit
    return self.create_form(id)
  File "C:\Users\Schne\AppData\Local\Programs\Python\Python37\python-workspace\web\p1\webteams\app\application.py", line 63, in create_form
    return self.view.create_form(id, data)
  File "C:\Users\Schne\AppData\Local\Programs\Python\Python37\python-workspace\web\p1\webteams\app\view.py", line 38, in create_form
    markup = template.render(data = data_param, key = id)
  File "C:\Python39\lib\site-packages\mako\template.py", line 476, in render
    return runtime._render(self, self.callable_, args, data)
  File "C:\Python39\lib\site-packages\mako\runtime.py", line 878, in _render
    _render_context(
  File "C:\Python39\lib\site-packages\mako\runtime.py", line 920, in _render_context
    _exec_template(inherit, lclcontext, args=args, kwargs=kwargs)
  File "C:\Python39\lib\site-packages\mako\runtime.py", line 947, in _exec_template
    callable_(context, *args, **kwargs)
  File "form_tpl", line 25, in render_body
TypeError: 'NoneType' object is not subscriptable
[25/Nov/2020:19:41:07] HTTP 
Request Headers:
  Remote-Addr: 127.0.0.1
  HOST: 127.0.0.1:8080
  USER-AGENT: Mozilla/5.0 (Windows NT 10.0; Win64; x64; rv:83.0) Gecko/20100101 Firefox/83.0
  ACCEPT: */*
  ACCEPT-LANGUAGE: en-US,en;q=0.5
  ACCEPT-ENCODING: gzip, deflate
  DNT: 1
  CONNECTION: keep-alive
  REFERER: http://127.0.0.1:8080/edit/20
[25/Nov/2020:19:41:07] HTTP 
Request Headers:
  Remote-Addr: 127.0.0.1
  HOST: 127.0.0.1:8080
  USER-AGENT: Mozilla/5.0 (Windows NT 10.0; Win64; x64; rv:83.0) Gecko/20100101 Firefox/83.0
  ACCEPT: text/css,*/*;q=0.1
  ACCEPT-LANGUAGE: en-US,en;q=0.5
  ACCEPT-ENCODING: gzip, deflate
  DNT: 1
  CONNECTION: keep-alive
  REFERER: http://127.0.0.1:8080/edit/20
[25/Nov/2020:19:43:09] HTTP 
Traceback (most recent call last):
  File "C:\Python39\lib\site-packages\cherrypy\_cprequest.py", line 638, in respond
    self._do_respond(path_info)
  File "C:\Python39\lib\site-packages\cherrypy\_cprequest.py", line 697, in _do_respond
    response.body = self.handler()
  File "C:\Python39\lib\site-packages\cherrypy\lib\encoding.py", line 219, in __call__
    self.body = self.oldhandler(*args, **kwargs)
  File "C:\Python39\lib\site-packages\cherrypy\_cpdispatch.py", line 54, in __call__
    return self.callable(*self.args, **self.kwargs)
  File "C:\Users\Schne\AppData\Local\Programs\Python\Python37\python-workspace\web\p1\webteams\app\application.py", line 23, in edit
    return self.create_form(id)
  File "C:\Users\Schne\AppData\Local\Programs\Python\Python37\python-workspace\web\p1\webteams\app\application.py", line 63, in create_form
    return self.view.create_form(id, data)
  File "C:\Users\Schne\AppData\Local\Programs\Python\Python37\python-workspace\web\p1\webteams\app\view.py", line 38, in create_form
    markup = template.render(data = data_param, key = id)
  File "C:\Python39\lib\site-packages\mako\template.py", line 476, in render
    return runtime._render(self, self.callable_, args, data)
  File "C:\Python39\lib\site-packages\mako\runtime.py", line 878, in _render
    _render_context(
  File "C:\Python39\lib\site-packages\mako\runtime.py", line 920, in _render_context
    _exec_template(inherit, lclcontext, args=args, kwargs=kwargs)
  File "C:\Python39\lib\site-packages\mako\runtime.py", line 947, in _exec_template
    callable_(context, *args, **kwargs)
  File "form_tpl", line 25, in render_body
TypeError: 'NoneType' object is not subscriptable
[25/Nov/2020:19:43:09] HTTP 
Traceback (most recent call last):
  File "C:\Python39\lib\site-packages\cherrypy\_cprequest.py", line 638, in respond
    self._do_respond(path_info)
  File "C:\Python39\lib\site-packages\cherrypy\_cprequest.py", line 697, in _do_respond
    response.body = self.handler()
  File "C:\Python39\lib\site-packages\cherrypy\lib\encoding.py", line 219, in __call__
    self.body = self.oldhandler(*args, **kwargs)
  File "C:\Python39\lib\site-packages\cherrypy\_cpdispatch.py", line 54, in __call__
    return self.callable(*self.args, **self.kwargs)
  File "C:\Users\Schne\AppData\Local\Programs\Python\Python37\python-workspace\web\p1\webteams\app\application.py", line 23, in edit
    return self.create_form(id)
  File "C:\Users\Schne\AppData\Local\Programs\Python\Python37\python-workspace\web\p1\webteams\app\application.py", line 63, in create_form
    return self.view.create_form(id, data)
  File "C:\Users\Schne\AppData\Local\Programs\Python\Python37\python-workspace\web\p1\webteams\app\view.py", line 38, in create_form
    markup = template.render(data = data_param, key = id)
  File "C:\Python39\lib\site-packages\mako\template.py", line 476, in render
    return runtime._render(self, self.callable_, args, data)
  File "C:\Python39\lib\site-packages\mako\runtime.py", line 878, in _render
    _render_context(
  File "C:\Python39\lib\site-packages\mako\runtime.py", line 920, in _render_context
    _exec_template(inherit, lclcontext, args=args, kwargs=kwargs)
  File "C:\Python39\lib\site-packages\mako\runtime.py", line 947, in _exec_template
    callable_(context, *args, **kwargs)
  File "form_tpl", line 25, in render_body
TypeError: 'NoneType' object is not subscriptable
[25/Nov/2020:19:43:09] HTTP 
Request Headers:
  Remote-Addr: 127.0.0.1
  HOST: 127.0.0.1:8080
  CONNECTION: keep-alive
  USER-AGENT: Mozilla/5.0 (Windows NT 10.0; Win64; x64) AppleWebKit/537.36 (KHTML, like Gecko) Chrome/87.0.4280.66 Safari/537.36
  DNT: 1
  ACCEPT: */*
  SEC-FETCH-SITE: same-origin
  SEC-FETCH-MODE: no-cors
  SEC-FETCH-DEST: script
  REFERER: http://127.0.0.1:8080/edit/34
  ACCEPT-ENCODING: gzip, deflate, br
  ACCEPT-LANGUAGE: de,en-US;q=0.9,en;q=0.8
[25/Nov/2020:19:43:09] HTTP 
Request Headers:
  Remote-Addr: 127.0.0.1
  HOST: 127.0.0.1:8080
  CONNECTION: keep-alive
  USER-AGENT: Mozilla/5.0 (Windows NT 10.0; Win64; x64) AppleWebKit/537.36 (KHTML, like Gecko) Chrome/87.0.4280.66 Safari/537.36
  DNT: 1
  ACCEPT: text/css,*/*;q=0.1
  SEC-FETCH-SITE: same-origin
  SEC-FETCH-MODE: no-cors
  SEC-FETCH-DEST: style
  REFERER: http://127.0.0.1:8080/edit/34
  ACCEPT-ENCODING: gzip, deflate, br
  ACCEPT-LANGUAGE: de,en-US;q=0.9,en;q=0.8
[25/Nov/2020:19:43:19] HTTP 
Traceback (most recent call last):
  File "C:\Python39\lib\site-packages\cherrypy\_cprequest.py", line 638, in respond
    self._do_respond(path_info)
  File "C:\Python39\lib\site-packages\cherrypy\_cprequest.py", line 697, in _do_respond
    response.body = self.handler()
  File "C:\Python39\lib\site-packages\cherrypy\lib\encoding.py", line 219, in __call__
    self.body = self.oldhandler(*args, **kwargs)
  File "C:\Python39\lib\site-packages\cherrypy\_cpdispatch.py", line 54, in __call__
    return self.callable(*self.args, **self.kwargs)
  File "C:\Users\Schne\AppData\Local\Programs\Python\Python37\python-workspace\web\p1\webteams\app\application.py", line 23, in edit
    return self.create_form(id)
  File "C:\Users\Schne\AppData\Local\Programs\Python\Python37\python-workspace\web\p1\webteams\app\application.py", line 63, in create_form
    return self.view.create_form(id, data)
  File "C:\Users\Schne\AppData\Local\Programs\Python\Python37\python-workspace\web\p1\webteams\app\view.py", line 38, in create_form
    markup = template.render(data = data_param, key = id)
  File "C:\Python39\lib\site-packages\mako\template.py", line 476, in render
    return runtime._render(self, self.callable_, args, data)
  File "C:\Python39\lib\site-packages\mako\runtime.py", line 878, in _render
    _render_context(
  File "C:\Python39\lib\site-packages\mako\runtime.py", line 920, in _render_context
    _exec_template(inherit, lclcontext, args=args, kwargs=kwargs)
  File "C:\Python39\lib\site-packages\mako\runtime.py", line 947, in _exec_template
    callable_(context, *args, **kwargs)
  File "form_tpl", line 25, in render_body
TypeError: 'NoneType' object is not subscriptable
[25/Nov/2020:19:43:19] HTTP 
Request Headers:
  Remote-Addr: 127.0.0.1
  HOST: 127.0.0.1:8080
  CONNECTION: keep-alive
  USER-AGENT: Mozilla/5.0 (Windows NT 10.0; Win64; x64) AppleWebKit/537.36 (KHTML, like Gecko) Chrome/87.0.4280.66 Safari/537.36
  DNT: 1
  ACCEPT: */*
  SEC-FETCH-SITE: same-origin
  SEC-FETCH-MODE: no-cors
  SEC-FETCH-DEST: script
  REFERER: http://127.0.0.1:8080/edit/30
  ACCEPT-ENCODING: gzip, deflate, br
  ACCEPT-LANGUAGE: de,en-US;q=0.9,en;q=0.8
[25/Nov/2020:19:43:19] HTTP 
Traceback (most recent call last):
  File "C:\Python39\lib\site-packages\cherrypy\_cprequest.py", line 638, in respond
    self._do_respond(path_info)
  File "C:\Python39\lib\site-packages\cherrypy\_cprequest.py", line 697, in _do_respond
    response.body = self.handler()
  File "C:\Python39\lib\site-packages\cherrypy\lib\encoding.py", line 219, in __call__
    self.body = self.oldhandler(*args, **kwargs)
  File "C:\Python39\lib\site-packages\cherrypy\_cpdispatch.py", line 54, in __call__
    return self.callable(*self.args, **self.kwargs)
  File "C:\Users\Schne\AppData\Local\Programs\Python\Python37\python-workspace\web\p1\webteams\app\application.py", line 23, in edit
    return self.create_form(id)
  File "C:\Users\Schne\AppData\Local\Programs\Python\Python37\python-workspace\web\p1\webteams\app\application.py", line 63, in create_form
    return self.view.create_form(id, data)
  File "C:\Users\Schne\AppData\Local\Programs\Python\Python37\python-workspace\web\p1\webteams\app\view.py", line 38, in create_form
    markup = template.render(data = data_param, key = id)
  File "C:\Python39\lib\site-packages\mako\template.py", line 476, in render
    return runtime._render(self, self.callable_, args, data)
  File "C:\Python39\lib\site-packages\mako\runtime.py", line 878, in _render
    _render_context(
  File "C:\Python39\lib\site-packages\mako\runtime.py", line 920, in _render_context
    _exec_template(inherit, lclcontext, args=args, kwargs=kwargs)
  File "C:\Python39\lib\site-packages\mako\runtime.py", line 947, in _exec_template
    callable_(context, *args, **kwargs)
  File "form_tpl", line 25, in render_body
TypeError: 'NoneType' object is not subscriptable
[25/Nov/2020:19:43:19] HTTP 
Request Headers:
  Remote-Addr: 127.0.0.1
  HOST: 127.0.0.1:8080
  CONNECTION: keep-alive
  USER-AGENT: Mozilla/5.0 (Windows NT 10.0; Win64; x64) AppleWebKit/537.36 (KHTML, like Gecko) Chrome/87.0.4280.66 Safari/537.36
  DNT: 1
  ACCEPT: text/css,*/*;q=0.1
  SEC-FETCH-SITE: same-origin
  SEC-FETCH-MODE: no-cors
  SEC-FETCH-DEST: style
  REFERER: http://127.0.0.1:8080/edit/30
  ACCEPT-ENCODING: gzip, deflate, br
  ACCEPT-LANGUAGE: de,en-US;q=0.9,en;q=0.8
[25/Nov/2020:19:45:14] HTTP 
Traceback (most recent call last):
  File "C:\Python39\lib\site-packages\cherrypy\_cprequest.py", line 638, in respond
    self._do_respond(path_info)
  File "C:\Python39\lib\site-packages\cherrypy\_cprequest.py", line 697, in _do_respond
    response.body = self.handler()
  File "C:\Python39\lib\site-packages\cherrypy\lib\encoding.py", line 219, in __call__
    self.body = self.oldhandler(*args, **kwargs)
  File "C:\Python39\lib\site-packages\cherrypy\_cpdispatch.py", line 54, in __call__
    return self.callable(*self.args, **self.kwargs)
  File "C:\Users\Schne\AppData\Local\Programs\Python\Python37\python-workspace\web\p1\webteams\app\application.py", line 23, in edit
    return self.create_form(id)
  File "C:\Users\Schne\AppData\Local\Programs\Python\Python37\python-workspace\web\p1\webteams\app\application.py", line 63, in create_form
    return self.view.create_form(id, data)
  File "C:\Users\Schne\AppData\Local\Programs\Python\Python37\python-workspace\web\p1\webteams\app\view.py", line 38, in create_form
    markup = template.render(data = data_param, key = id)
  File "C:\Python39\lib\site-packages\mako\template.py", line 476, in render
    return runtime._render(self, self.callable_, args, data)
  File "C:\Python39\lib\site-packages\mako\runtime.py", line 878, in _render
    _render_context(
  File "C:\Python39\lib\site-packages\mako\runtime.py", line 920, in _render_context
    _exec_template(inherit, lclcontext, args=args, kwargs=kwargs)
  File "C:\Python39\lib\site-packages\mako\runtime.py", line 947, in _exec_template
    callable_(context, *args, **kwargs)
  File "form_tpl", line 25, in render_body
TypeError: 'NoneType' object is not subscriptable
[25/Nov/2020:19:45:14] HTTP 
Traceback (most recent call last):
  File "C:\Python39\lib\site-packages\cherrypy\_cprequest.py", line 638, in respond
    self._do_respond(path_info)
  File "C:\Python39\lib\site-packages\cherrypy\_cprequest.py", line 697, in _do_respond
    response.body = self.handler()
  File "C:\Python39\lib\site-packages\cherrypy\lib\encoding.py", line 219, in __call__
    self.body = self.oldhandler(*args, **kwargs)
  File "C:\Python39\lib\site-packages\cherrypy\_cpdispatch.py", line 54, in __call__
    return self.callable(*self.args, **self.kwargs)
  File "C:\Users\Schne\AppData\Local\Programs\Python\Python37\python-workspace\web\p1\webteams\app\application.py", line 23, in edit
    return self.create_form(id)
  File "C:\Users\Schne\AppData\Local\Programs\Python\Python37\python-workspace\web\p1\webteams\app\application.py", line 63, in create_form
    return self.view.create_form(id, data)
  File "C:\Users\Schne\AppData\Local\Programs\Python\Python37\python-workspace\web\p1\webteams\app\view.py", line 38, in create_form
    markup = template.render(data = data_param, key = id)
  File "C:\Python39\lib\site-packages\mako\template.py", line 476, in render
    return runtime._render(self, self.callable_, args, data)
  File "C:\Python39\lib\site-packages\mako\runtime.py", line 878, in _render
    _render_context(
  File "C:\Python39\lib\site-packages\mako\runtime.py", line 920, in _render_context
    _exec_template(inherit, lclcontext, args=args, kwargs=kwargs)
  File "C:\Python39\lib\site-packages\mako\runtime.py", line 947, in _exec_template
    callable_(context, *args, **kwargs)
  File "form_tpl", line 25, in render_body
TypeError: 'NoneType' object is not subscriptable
[25/Nov/2020:19:45:14] HTTP 
Request Headers:
  Remote-Addr: 127.0.0.1
  HOST: 127.0.0.1:8080
  USER-AGENT: Mozilla/5.0 (Windows NT 10.0; Win64; x64; rv:83.0) Gecko/20100101 Firefox/83.0
  ACCEPT: */*
  ACCEPT-LANGUAGE: en-US,en;q=0.5
  ACCEPT-ENCODING: gzip, deflate
  DNT: 1
  CONNECTION: keep-alive
  REFERER: http://127.0.0.1:8080/edit/26
[25/Nov/2020:19:45:14] HTTP 
Request Headers:
  Remote-Addr: 127.0.0.1
  HOST: 127.0.0.1:8080
  USER-AGENT: Mozilla/5.0 (Windows NT 10.0; Win64; x64; rv:83.0) Gecko/20100101 Firefox/83.0
  ACCEPT: text/css,*/*;q=0.1
  ACCEPT-LANGUAGE: en-US,en;q=0.5
  ACCEPT-ENCODING: gzip, deflate
  DNT: 1
  CONNECTION: keep-alive
  REFERER: http://127.0.0.1:8080/edit/26
[25/Nov/2020:20:08:33] HTTP 
Traceback (most recent call last):
  File "C:\Python39\lib\site-packages\cherrypy\_cprequest.py", line 638, in respond
    self._do_respond(path_info)
  File "C:\Python39\lib\site-packages\cherrypy\_cprequest.py", line 697, in _do_respond
    response.body = self.handler()
  File "C:\Python39\lib\site-packages\cherrypy\lib\encoding.py", line 219, in __call__
    self.body = self.oldhandler(*args, **kwargs)
  File "C:\Python39\lib\site-packages\cherrypy\_cpdispatch.py", line 54, in __call__
    return self.callable(*self.args, **self.kwargs)
  File "C:\Users\Schne\AppData\Local\Programs\Python\Python37\python-workspace\web\p1\webteams\app\application.py", line 23, in edit
    return self.create_form(id)
  File "C:\Users\Schne\AppData\Local\Programs\Python\Python37\python-workspace\web\p1\webteams\app\application.py", line 63, in create_form
    return self.view.create_form(id, data)
  File "C:\Users\Schne\AppData\Local\Programs\Python\Python37\python-workspace\web\p1\webteams\app\view.py", line 38, in create_form
    markup = template.render(data = data_param, key = id)
  File "C:\Python39\lib\site-packages\mako\template.py", line 476, in render
    return runtime._render(self, self.callable_, args, data)
  File "C:\Python39\lib\site-packages\mako\runtime.py", line 878, in _render
    _render_context(
  File "C:\Python39\lib\site-packages\mako\runtime.py", line 920, in _render_context
    _exec_template(inherit, lclcontext, args=args, kwargs=kwargs)
  File "C:\Python39\lib\site-packages\mako\runtime.py", line 947, in _exec_template
    callable_(context, *args, **kwargs)
  File "form_tpl", line 25, in render_body
TypeError: 'NoneType' object is not subscriptable
[25/Nov/2020:20:08:33] HTTP 
Traceback (most recent call last):
  File "C:\Python39\lib\site-packages\cherrypy\_cprequest.py", line 638, in respond
    self._do_respond(path_info)
  File "C:\Python39\lib\site-packages\cherrypy\_cprequest.py", line 697, in _do_respond
    response.body = self.handler()
  File "C:\Python39\lib\site-packages\cherrypy\lib\encoding.py", line 219, in __call__
    self.body = self.oldhandler(*args, **kwargs)
  File "C:\Python39\lib\site-packages\cherrypy\_cpdispatch.py", line 54, in __call__
    return self.callable(*self.args, **self.kwargs)
  File "C:\Users\Schne\AppData\Local\Programs\Python\Python37\python-workspace\web\p1\webteams\app\application.py", line 23, in edit
    return self.create_form(id)
  File "C:\Users\Schne\AppData\Local\Programs\Python\Python37\python-workspace\web\p1\webteams\app\application.py", line 63, in create_form
    return self.view.create_form(id, data)
  File "C:\Users\Schne\AppData\Local\Programs\Python\Python37\python-workspace\web\p1\webteams\app\view.py", line 38, in create_form
    markup = template.render(data = data_param, key = id)
  File "C:\Python39\lib\site-packages\mako\template.py", line 476, in render
    return runtime._render(self, self.callable_, args, data)
  File "C:\Python39\lib\site-packages\mako\runtime.py", line 878, in _render
    _render_context(
  File "C:\Python39\lib\site-packages\mako\runtime.py", line 920, in _render_context
    _exec_template(inherit, lclcontext, args=args, kwargs=kwargs)
  File "C:\Python39\lib\site-packages\mako\runtime.py", line 947, in _exec_template
    callable_(context, *args, **kwargs)
  File "form_tpl", line 25, in render_body
TypeError: 'NoneType' object is not subscriptable
[25/Nov/2020:20:08:33] HTTP 
Request Headers:
  Remote-Addr: 127.0.0.1
  HOST: 127.0.0.1:8080
  USER-AGENT: Mozilla/5.0 (Windows NT 10.0; Win64; x64; rv:83.0) Gecko/20100101 Firefox/83.0
  ACCEPT: text/css,*/*;q=0.1
  ACCEPT-LANGUAGE: en-US,en;q=0.5
  ACCEPT-ENCODING: gzip, deflate
  DNT: 1
  CONNECTION: keep-alive
  REFERER: http://127.0.0.1:8080/edit/32
[25/Nov/2020:20:08:33] HTTP 
Request Headers:
  Remote-Addr: 127.0.0.1
  HOST: 127.0.0.1:8080
  USER-AGENT: Mozilla/5.0 (Windows NT 10.0; Win64; x64; rv:83.0) Gecko/20100101 Firefox/83.0
  ACCEPT: */*
  ACCEPT-LANGUAGE: en-US,en;q=0.5
  ACCEPT-ENCODING: gzip, deflate
  DNT: 1
  CONNECTION: keep-alive
  REFERER: http://127.0.0.1:8080/edit/32
[25/Nov/2020:20:27:13] HTTP 
Traceback (most recent call last):
  File "C:\Python39\lib\site-packages\cherrypy\_cprequest.py", line 638, in respond
    self._do_respond(path_info)
  File "C:\Python39\lib\site-packages\cherrypy\_cprequest.py", line 697, in _do_respond
    response.body = self.handler()
  File "C:\Python39\lib\site-packages\cherrypy\lib\encoding.py", line 219, in __call__
    self.body = self.oldhandler(*args, **kwargs)
  File "C:\Python39\lib\site-packages\cherrypy\_cpdispatch.py", line 54, in __call__
    return self.callable(*self.args, **self.kwargs)
  File "C:\Users\Schne\AppData\Local\Programs\Python\Python37\python-workspace\web\p1\webteams\app\application.py", line 23, in edit
    return self.create_form(id)
  File "C:\Users\Schne\AppData\Local\Programs\Python\Python37\python-workspace\web\p1\webteams\app\application.py", line 63, in create_form
    return self.view.create_form(id, data)
  File "C:\Users\Schne\AppData\Local\Programs\Python\Python37\python-workspace\web\p1\webteams\app\view.py", line 38, in create_form
    markup = template.render(data = data_param, key = id)
  File "C:\Python39\lib\site-packages\mako\template.py", line 476, in render
    return runtime._render(self, self.callable_, args, data)
  File "C:\Python39\lib\site-packages\mako\runtime.py", line 878, in _render
    _render_context(
  File "C:\Python39\lib\site-packages\mako\runtime.py", line 920, in _render_context
    _exec_template(inherit, lclcontext, args=args, kwargs=kwargs)
  File "C:\Python39\lib\site-packages\mako\runtime.py", line 947, in _exec_template
    callable_(context, *args, **kwargs)
  File "form_tpl", line 25, in render_body
TypeError: 'NoneType' object is not subscriptable
[25/Nov/2020:20:27:13] HTTP 
Traceback (most recent call last):
  File "C:\Python39\lib\site-packages\cherrypy\_cprequest.py", line 638, in respond
    self._do_respond(path_info)
  File "C:\Python39\lib\site-packages\cherrypy\_cprequest.py", line 697, in _do_respond
    response.body = self.handler()
  File "C:\Python39\lib\site-packages\cherrypy\lib\encoding.py", line 219, in __call__
    self.body = self.oldhandler(*args, **kwargs)
  File "C:\Python39\lib\site-packages\cherrypy\_cpdispatch.py", line 54, in __call__
    return self.callable(*self.args, **self.kwargs)
  File "C:\Users\Schne\AppData\Local\Programs\Python\Python37\python-workspace\web\p1\webteams\app\application.py", line 23, in edit
    return self.create_form(id)
  File "C:\Users\Schne\AppData\Local\Programs\Python\Python37\python-workspace\web\p1\webteams\app\application.py", line 63, in create_form
    return self.view.create_form(id, data)
  File "C:\Users\Schne\AppData\Local\Programs\Python\Python37\python-workspace\web\p1\webteams\app\view.py", line 38, in create_form
    markup = template.render(data = data_param, key = id)
  File "C:\Python39\lib\site-packages\mako\template.py", line 476, in render
    return runtime._render(self, self.callable_, args, data)
  File "C:\Python39\lib\site-packages\mako\runtime.py", line 878, in _render
    _render_context(
  File "C:\Python39\lib\site-packages\mako\runtime.py", line 920, in _render_context
    _exec_template(inherit, lclcontext, args=args, kwargs=kwargs)
  File "C:\Python39\lib\site-packages\mako\runtime.py", line 947, in _exec_template
    callable_(context, *args, **kwargs)
  File "form_tpl", line 25, in render_body
TypeError: 'NoneType' object is not subscriptable
[25/Nov/2020:20:27:13] HTTP 
Request Headers:
  Remote-Addr: 127.0.0.1
  HOST: 127.0.0.1:8080
  USER-AGENT: Mozilla/5.0 (Windows NT 10.0; Win64; x64; rv:83.0) Gecko/20100101 Firefox/83.0
  ACCEPT: text/css,*/*;q=0.1
  ACCEPT-LANGUAGE: en-US,en;q=0.5
  ACCEPT-ENCODING: gzip, deflate
  DNT: 1
  CONNECTION: keep-alive
  REFERER: http://127.0.0.1:8080/edit/33
[25/Nov/2020:20:27:13] HTTP 
Request Headers:
  Remote-Addr: 127.0.0.1
  HOST: 127.0.0.1:8080
  USER-AGENT: Mozilla/5.0 (Windows NT 10.0; Win64; x64; rv:83.0) Gecko/20100101 Firefox/83.0
  ACCEPT: */*
  ACCEPT-LANGUAGE: en-US,en;q=0.5
  ACCEPT-ENCODING: gzip, deflate
  DNT: 1
  CONNECTION: keep-alive
  REFERER: http://127.0.0.1:8080/edit/33
[25/Nov/2020:20:31:45] HTTP 
Traceback (most recent call last):
  File "C:\Python39\lib\site-packages\cherrypy\_cprequest.py", line 638, in respond
    self._do_respond(path_info)
  File "C:\Python39\lib\site-packages\cherrypy\_cprequest.py", line 697, in _do_respond
    response.body = self.handler()
  File "C:\Python39\lib\site-packages\cherrypy\lib\encoding.py", line 219, in __call__
    self.body = self.oldhandler(*args, **kwargs)
  File "C:\Python39\lib\site-packages\cherrypy\_cpdispatch.py", line 54, in __call__
    return self.callable(*self.args, **self.kwargs)
  File "C:\Users\Schne\AppData\Local\Programs\Python\Python37\python-workspace\web\p1\webteams\app\application.py", line 23, in edit
    return self.create_form(id)
  File "C:\Users\Schne\AppData\Local\Programs\Python\Python37\python-workspace\web\p1\webteams\app\application.py", line 63, in create_form
    return self.view.create_form(id, data)
  File "C:\Users\Schne\AppData\Local\Programs\Python\Python37\python-workspace\web\p1\webteams\app\view.py", line 38, in create_form
    markup = template.render(data = data_param, key = id)
  File "C:\Python39\lib\site-packages\mako\template.py", line 476, in render
    return runtime._render(self, self.callable_, args, data)
  File "C:\Python39\lib\site-packages\mako\runtime.py", line 878, in _render
    _render_context(
  File "C:\Python39\lib\site-packages\mako\runtime.py", line 920, in _render_context
    _exec_template(inherit, lclcontext, args=args, kwargs=kwargs)
  File "C:\Python39\lib\site-packages\mako\runtime.py", line 947, in _exec_template
    callable_(context, *args, **kwargs)
  File "form_tpl", line 25, in render_body
TypeError: 'NoneType' object is not subscriptable
[25/Nov/2020:20:31:45] HTTP 
Traceback (most recent call last):
  File "C:\Python39\lib\site-packages\cherrypy\_cprequest.py", line 638, in respond
    self._do_respond(path_info)
  File "C:\Python39\lib\site-packages\cherrypy\_cprequest.py", line 697, in _do_respond
    response.body = self.handler()
  File "C:\Python39\lib\site-packages\cherrypy\lib\encoding.py", line 219, in __call__
    self.body = self.oldhandler(*args, **kwargs)
  File "C:\Python39\lib\site-packages\cherrypy\_cpdispatch.py", line 54, in __call__
    return self.callable(*self.args, **self.kwargs)
  File "C:\Users\Schne\AppData\Local\Programs\Python\Python37\python-workspace\web\p1\webteams\app\application.py", line 23, in edit
    return self.create_form(id)
  File "C:\Users\Schne\AppData\Local\Programs\Python\Python37\python-workspace\web\p1\webteams\app\application.py", line 63, in create_form
    return self.view.create_form(id, data)
  File "C:\Users\Schne\AppData\Local\Programs\Python\Python37\python-workspace\web\p1\webteams\app\view.py", line 38, in create_form
    markup = template.render(data = data_param, key = id)
  File "C:\Python39\lib\site-packages\mako\template.py", line 476, in render
    return runtime._render(self, self.callable_, args, data)
  File "C:\Python39\lib\site-packages\mako\runtime.py", line 878, in _render
    _render_context(
  File "C:\Python39\lib\site-packages\mako\runtime.py", line 920, in _render_context
    _exec_template(inherit, lclcontext, args=args, kwargs=kwargs)
  File "C:\Python39\lib\site-packages\mako\runtime.py", line 947, in _exec_template
    callable_(context, *args, **kwargs)
  File "form_tpl", line 25, in render_body
TypeError: 'NoneType' object is not subscriptable
[25/Nov/2020:20:31:45] HTTP 
Request Headers:
  Remote-Addr: 127.0.0.1
  HOST: 127.0.0.1:8080
  USER-AGENT: Mozilla/5.0 (Windows NT 10.0; Win64; x64; rv:83.0) Gecko/20100101 Firefox/83.0
  ACCEPT: */*
  ACCEPT-LANGUAGE: en-US,en;q=0.5
  ACCEPT-ENCODING: gzip, deflate
  DNT: 1
  CONNECTION: keep-alive
  REFERER: http://127.0.0.1:8080/edit/33
  CACHE-CONTROL: max-age=0
[25/Nov/2020:20:31:45] HTTP 
Request Headers:
  Remote-Addr: 127.0.0.1
  HOST: 127.0.0.1:8080
  USER-AGENT: Mozilla/5.0 (Windows NT 10.0; Win64; x64; rv:83.0) Gecko/20100101 Firefox/83.0
  ACCEPT: text/css,*/*;q=0.1
  ACCEPT-LANGUAGE: en-US,en;q=0.5
  ACCEPT-ENCODING: gzip, deflate
  DNT: 1
  CONNECTION: keep-alive
  REFERER: http://127.0.0.1:8080/edit/33
  CACHE-CONTROL: max-age=0
[25/Nov/2020:20:34:51] HTTP 
Traceback (most recent call last):
  File "C:\Python39\lib\site-packages\cherrypy\_cprequest.py", line 638, in respond
    self._do_respond(path_info)
  File "C:\Python39\lib\site-packages\cherrypy\_cprequest.py", line 697, in _do_respond
    response.body = self.handler()
  File "C:\Python39\lib\site-packages\cherrypy\lib\encoding.py", line 219, in __call__
    self.body = self.oldhandler(*args, **kwargs)
  File "C:\Python39\lib\site-packages\cherrypy\_cpdispatch.py", line 54, in __call__
    return self.callable(*self.args, **self.kwargs)
  File "C:\Users\Schne\AppData\Local\Programs\Python\Python37\python-workspace\web\p1\webteams\app\application.py", line 23, in edit
    return self.create_form(id)
  File "C:\Users\Schne\AppData\Local\Programs\Python\Python37\python-workspace\web\p1\webteams\app\application.py", line 63, in create_form
    return self.view.create_form(id, data)
  File "C:\Users\Schne\AppData\Local\Programs\Python\Python37\python-workspace\web\p1\webteams\app\view.py", line 38, in create_form
    markup = template.render(data = data_param, key = id)
  File "C:\Python39\lib\site-packages\mako\template.py", line 476, in render
    return runtime._render(self, self.callable_, args, data)
  File "C:\Python39\lib\site-packages\mako\runtime.py", line 878, in _render
    _render_context(
  File "C:\Python39\lib\site-packages\mako\runtime.py", line 920, in _render_context
    _exec_template(inherit, lclcontext, args=args, kwargs=kwargs)
  File "C:\Python39\lib\site-packages\mako\runtime.py", line 947, in _exec_template
    callable_(context, *args, **kwargs)
  File "form_tpl", line 25, in render_body
TypeError: 'NoneType' object is not subscriptable
[25/Nov/2020:20:34:51] HTTP 
Request Headers:
  Remote-Addr: 127.0.0.1
  HOST: 127.0.0.1:8080
  USER-AGENT: Mozilla/5.0 (Windows NT 10.0; Win64; x64; rv:83.0) Gecko/20100101 Firefox/83.0
  ACCEPT: */*
  ACCEPT-LANGUAGE: en-US,en;q=0.5
  ACCEPT-ENCODING: gzip, deflate
  DNT: 1
  CONNECTION: keep-alive
  REFERER: http://127.0.0.1:8080/edit/33
  CACHE-CONTROL: max-age=0
[25/Nov/2020:21:24:17] ENGINE Bus STOPPING
[25/Nov/2020:21:24:17] ENGINE HTTP Server cherrypy._cpwsgi_server.CPWSGIServer(('127.0.0.1', 8080)) shut down
[25/Nov/2020:21:24:17] ENGINE Bus STOPPED
[25/Nov/2020:21:24:17] ENGINE Bus EXITING
[25/Nov/2020:21:24:17] ENGINE Waiting for child threads to terminate...
[25/Nov/2020:21:24:17] ENGINE Bus EXITED
[25/Nov/2020:21:24:17] ENGINE Waiting for thread CP Server Thread-9.
[25/Nov/2020:21:24:29] ENGINE Bus STARTING
[25/Nov/2020:21:24:29] ENGINE Serving on http://127.0.0.1:8080
[25/Nov/2020:21:24:29] ENGINE Bus STARTED
[25/Nov/2020:21:34:17] ENGINE Bus STOPPING
[25/Nov/2020:21:34:17] ENGINE HTTP Server cherrypy._cpwsgi_server.CPWSGIServer(('127.0.0.1', 8080)) shut down
[25/Nov/2020:21:34:17] ENGINE Bus STOPPED
[25/Nov/2020:21:34:17] ENGINE Bus EXITING
[25/Nov/2020:21:34:17] ENGINE Waiting for child threads to terminate...
[25/Nov/2020:21:34:17] ENGINE Bus EXITED
[25/Nov/2020:21:34:17] ENGINE Waiting for thread CP Server Thread-9.
[25/Nov/2020:21:34:28] ENGINE Bus STARTING
[25/Nov/2020:21:34:29] ENGINE Serving on http://127.0.0.1:8080
[25/Nov/2020:21:34:29] ENGINE Bus STARTED
[25/Nov/2020:21:38:17] ENGINE Bus STOPPING
[25/Nov/2020:21:38:18] ENGINE HTTP Server cherrypy._cpwsgi_server.CPWSGIServer(('127.0.0.1', 8080)) shut down
[25/Nov/2020:21:38:18] ENGINE Bus STOPPED
[25/Nov/2020:21:38:18] ENGINE Bus EXITING
[25/Nov/2020:21:38:18] ENGINE Waiting for child threads to terminate...
[25/Nov/2020:21:38:18] ENGINE Bus EXITED
[25/Nov/2020:21:38:18] ENGINE Waiting for thread CP Server Thread-11.
[25/Nov/2020:21:38:29] ENGINE Bus STARTING
[25/Nov/2020:21:38:29] ENGINE Serving on http://127.0.0.1:8080
[25/Nov/2020:21:38:29] ENGINE Bus STARTED
